#
# There is insufficient memory for the Java Runtime Environment to continue.
# Native memory allocation (malloc) failed to allocate 1872816 bytes for Chunk::new
# Possible reasons:
#   The system is out of physical RAM or swap space
#   The process is running with CompressedOops enabled, and the Java Heap may be blocking the growth of the native heap
# Possible solutions:
#   Reduce memory load on the system
#   Increase physical memory or swap space
#   Check if swap backing store is full
#   Decrease Java heap size (-Xmx/-Xms)
#   Decrease number of Java threads
#   Decrease Java thread stack sizes (-Xss)
#   Set larger code cache with -XX:ReservedCodeCacheSize=
#   JVM is running with Unscaled Compressed Oops mode in which the Java heap is
#     placed in the first 4GB address space. The Java Heap base address is the
#     maximum limit for the native heap growth. Please use -XX:HeapBaseMinAddress
#     to set the Java Heap base and to place the Java Heap above 4GB virtual address.
# This output file may be truncated or incomplete.
#
#  Out of Memory Error (./src/hotspot/share/memory/arena.cpp:197), pid=10688, tid=6176
#
# JRE version: OpenJDK Runtime Environment (11.0.10) (build 11.0.10+0-b96-7249189)
# Java VM: OpenJDK 64-Bit Server VM (11.0.10+0-b96-7249189, mixed mode, tiered, compressed oops, g1 gc, windows-amd64)
# No core dump will be written. Minidumps are not enabled by default on client versions of Windows
#

---------------  S U M M A R Y ------------

Command Line: --add-opens=java.base/java.util=ALL-UNNAMED --add-opens=java.base/java.lang=ALL-UNNAMED --add-opens=java.base/java.lang.invoke=ALL-UNNAMED --add-opens=java.base/java.util=ALL-UNNAMED --add-opens=java.prefs/java.util.prefs=ALL-UNNAMED --add-opens=java.prefs/java.util.prefs=ALL-UNNAMED --add-opens=java.base/java.nio.charset=ALL-UNNAMED --add-opens=java.base/java.net=ALL-UNNAMED --add-opens=java.base/java.util.concurrent.atomic=ALL-UNNAMED -Xmx2048m -Dfile.encoding=UTF-8 -Duser.country=US -Duser.language=en -Duser.variant org.gradle.launcher.daemon.bootstrap.GradleDaemon 7.0.2

Host: AMD A10-9600P RADEON R5, 10 COMPUTE CORES 4C+6G, 4 cores, 7G,  Windows 10 , 64 bit Build 19041 (10.0.19041.662)
Time: Thu Nov 25 10:11:34 2021 E. Europe Standard Time elapsed time: 48.264800 seconds (0d 0h 0m 48s)

---------------  T H R E A D  ---------------

Current thread (0x000001fb26b5b000):  JavaThread "C2 CompilerThread1" daemon [_thread_in_native, id=6176, stack(0x0000009fe0a00000,0x0000009fe0b00000)]


Current CompileTask:
C2:  48264 14347       4       com.android.tools.r8.graph.H::a (1035 bytes)

Stack: [0x0000009fe0a00000,0x0000009fe0b00000]
Native frames: (J=compiled Java code, j=interpreted, Vv=VM code, C=native code)
V  [jvm.dll+0x5ecfaa]
V  [jvm.dll+0x722bd5]
V  [jvm.dll+0x72412d]
V  [jvm.dll+0x7247e3]
V  [jvm.dll+0x242928]
V  [jvm.dll+0xbc4fc]
V  [jvm.dll+0xbca0c]
V  [jvm.dll+0x352d3b]
V  [jvm.dll+0x320ad3]
V  [jvm.dll+0x31ffca]
V  [jvm.dll+0x1fb602]
V  [jvm.dll+0x1fa7f4]
V  [jvm.dll+0x18354c]
V  [jvm.dll+0x208ee7]
V  [jvm.dll+0x207731]
V  [jvm.dll+0x6eb1cf]
V  [jvm.dll+0x6e3d45]
V  [jvm.dll+0x5ebe96]
C  [ucrtbase.dll+0x214c2]
C  [KERNEL32.DLL+0x17034]
C  [ntdll.dll+0x4d0d1]


---------------  P R O C E S S  ---------------

Threads class SMR info:
_java_thread_list=0x000001fb26866440, length=49, elements={
0x000001fb089f9000, 0x000001fb225c0000, 0x000001fb225c2000, 0x000001fb22f62800,
0x000001fb225da000, 0x000001fb225dc000, 0x000001fb225e0800, 0x000001fb225e8000,
0x000001fb225ec800, 0x000001fb23092800, 0x000001fb245da800, 0x000001fb25757800,
0x000001fb23d58800, 0x000001fb25004800, 0x000001fb24394800, 0x000001fb249cb000,
0x000001fb24395800, 0x000001fb23e4d800, 0x000001fb23e4e800, 0x000001fb25973000,
0x000001fb25971800, 0x000001fb2596f800, 0x000001fb2596d000, 0x000001fb25972000,
0x000001fb2596e000, 0x000001fb2596f000, 0x000001fb25973800, 0x000001fb25970800,
0x000001fb26b54800, 0x000001fb26b53800, 0x000001fb26b50000, 0x000001fb26b57000,
0x000001fb26b51000, 0x000001fb26b52000, 0x000001fb26b58800, 0x000001fb26b52800,
0x000001fb26b5b800, 0x000001fb26b5a000, 0x000001fb26b5c800, 0x000001fb26b5d800,
0x000001fb26b5e000, 0x000001fb26b5f000, 0x000001fb26b5b000, 0x000001fb25187800,
0x000001fb2518e000, 0x000001fb25188800, 0x000001fb2518f000, 0x000001fb25189800,
0x000001fb2518b800
}

Java Threads: ( => current thread )
  0x000001fb089f9000 JavaThread "main" [_thread_blocked, id=6836, stack(0x0000009fde300000,0x0000009fde400000)]
  0x000001fb225c0000 JavaThread "Reference Handler" daemon [_thread_blocked, id=5312, stack(0x0000009fdea00000,0x0000009fdeb00000)]
  0x000001fb225c2000 JavaThread "Finalizer" daemon [_thread_blocked, id=11180, stack(0x0000009fdeb00000,0x0000009fdec00000)]
  0x000001fb22f62800 JavaThread "Signal Dispatcher" daemon [_thread_blocked, id=4988, stack(0x0000009fdec00000,0x0000009fded00000)]
  0x000001fb225da000 JavaThread "Attach Listener" daemon [_thread_blocked, id=1780, stack(0x0000009fded00000,0x0000009fdee00000)]
  0x000001fb225dc000 JavaThread "Service Thread" daemon [_thread_blocked, id=11224, stack(0x0000009fdee00000,0x0000009fdef00000)]
  0x000001fb225e0800 JavaThread "C2 CompilerThread0" daemon [_thread_in_native, id=6692, stack(0x0000009fdef00000,0x0000009fdf000000)]
  0x000001fb225e8000 JavaThread "C1 CompilerThread0" daemon [_thread_blocked, id=7948, stack(0x0000009fdf000000,0x0000009fdf100000)]
  0x000001fb225ec800 JavaThread "Sweeper thread" daemon [_thread_blocked, id=5556, stack(0x0000009fdf100000,0x0000009fdf200000)]
  0x000001fb23092800 JavaThread "Common-Cleaner" daemon [_thread_blocked, id=10664, stack(0x0000009fdf200000,0x0000009fdf300000)]
  0x000001fb245da800 JavaThread "Daemon health stats" [_thread_blocked, id=10164, stack(0x0000009fdf600000,0x0000009fdf700000)]
  0x000001fb25757800 JavaThread "Incoming local TCP Connector on port 56922" [_thread_in_native, id=8428, stack(0x0000009fdf400000,0x0000009fdf500000)]
  0x000001fb23d58800 JavaThread "Daemon periodic checks" [_thread_blocked, id=7612, stack(0x0000009fdf700000,0x0000009fdf800000)]
  0x000001fb25004800 JavaThread "Daemon" [_thread_blocked, id=1504, stack(0x0000009fdf800000,0x0000009fdf900000)]
  0x000001fb24394800 JavaThread "Handler for socket connection from /127.0.0.1:56922 to /127.0.0.1:56923" [_thread_in_native, id=10872, stack(0x0000009fdf900000,0x0000009fdfa00000)]
  0x000001fb249cb000 JavaThread "Cancel handler" [_thread_blocked, id=5656, stack(0x0000009fdfa00000,0x0000009fdfb00000)]
  0x000001fb24395800 JavaThread "Daemon worker" [_thread_blocked, id=9244, stack(0x0000009fdfb00000,0x0000009fdfc00000)]
  0x000001fb23e4d800 JavaThread "Asynchronous log dispatcher for DefaultDaemonConnection: socket connection from /127.0.0.1:56922 to /127.0.0.1:56923" [_thread_blocked, id=6388, stack(0x0000009fdfc00000,0x0000009fdfd00000)]
  0x000001fb23e4e800 JavaThread "Stdin handler" [_thread_blocked, id=12264, stack(0x0000009fdfd00000,0x0000009fdfe00000)]
  0x000001fb25973000 JavaThread "Daemon client event forwarder" [_thread_blocked, id=6840, stack(0x0000009fdfe00000,0x0000009fdff00000)]
  0x000001fb25971800 JavaThread "Cache worker for file hash cache (C:\Users\Olexei\.gradle\caches\7.0.2\fileHashes)" [_thread_blocked, id=5184, stack(0x0000009fdff00000,0x0000009fe0000000)]
  0x000001fb2596f800 JavaThread "File lock request listener" [_thread_in_native, id=8404, stack(0x0000009fe0000000,0x0000009fe0100000)]
  0x000001fb2596d000 JavaThread "Cache worker for journal cache (C:\Users\Olexei\.gradle\caches\journal-1)" [_thread_blocked, id=10396, stack(0x0000009fe0300000,0x0000009fe0400000)]
  0x000001fb25972000 JavaThread "Cache worker for file hash cache (C:\Users\Olexei\AndroidStudioProjects\Lab4PAM\.gradle\7.0.2\fileHashes)" [_thread_blocked, id=4844, stack(0x0000009fe0500000,0x0000009fe0600000)]
  0x000001fb2596e000 JavaThread "File watcher server" daemon [_thread_in_native, id=12184, stack(0x0000009fe0600000,0x0000009fe0700000)]
  0x000001fb2596f000 JavaThread "File watcher consumer" daemon [_thread_blocked, id=5624, stack(0x0000009fe0700000,0x0000009fe0800000)]
  0x000001fb25973800 JavaThread "Cache worker for checksums cache (C:\Users\Olexei\AndroidStudioProjects\Lab4PAM\.gradle\checksums)" [_thread_blocked, id=892, stack(0x0000009fe0800000,0x0000009fe0900000)]
  0x000001fb25970800 JavaThread "Cache worker for cache directory md-supplier (C:\Users\Olexei\.gradle\caches\7.0.2\md-supplier)" [_thread_blocked, id=9656, stack(0x0000009fe0900000,0x0000009fe0a00000)]
  0x000001fb26b54800 JavaThread "Cache worker for cache directory md-rule (C:\Users\Olexei\.gradle\caches\7.0.2\md-rule)" [_thread_blocked, id=2384, stack(0x0000009fe0400000,0x0000009fe0500000)]
  0x000001fb26b53800 JavaThread "Cache worker for execution history cache (C:\Users\Olexei\.gradle\caches\7.0.2\executionHistory)" [_thread_blocked, id=8520, stack(0x0000009fe0b00000,0x0000009fe0c00000)]
  0x000001fb26b50000 JavaThread "jar transforms" [_thread_blocked, id=12284, stack(0x0000009fe0c00000,0x0000009fe0d00000)]
  0x000001fb26b57000 JavaThread "jar transforms Thread 2" [_thread_blocked, id=1156, stack(0x0000009fe0d00000,0x0000009fe0e00000)]
  0x000001fb26b51000 JavaThread "Cache worker for file content cache (C:\Users\Olexei\.gradle\caches\7.0.2\fileContent)" [_thread_blocked, id=9296, stack(0x0000009fe0e00000,0x0000009fe0f00000)]
  0x000001fb26b52000 JavaThread "Cache worker for dependencies-accessors (C:\Users\Olexei\AndroidStudioProjects\Lab4PAM\.gradle\7.0.2\dependencies-accessors)" [_thread_blocked, id=5448, stack(0x0000009fe0f00000,0x0000009fe1000000)]
  0x000001fb26b58800 JavaThread "jar transforms Thread 3" [_thread_blocked, id=8252, stack(0x0000009fe1000000,0x0000009fe1100000)]
  0x000001fb26b52800 JavaThread "Cache worker for Build Output Cleanup Cache (C:\Users\Olexei\AndroidStudioProjects\Lab4PAM\.gradle\buildOutputCleanup)" [_thread_blocked, id=3100, stack(0x0000009fe1100000,0x0000009fe1200000)]
  0x000001fb26b5b800 JavaThread "Build operations" [_thread_blocked, id=10816, stack(0x0000009fe1200000,0x0000009fe1300000)]
  0x000001fb26b5a000 JavaThread "Build operations Thread 2" [_thread_in_Java, id=6780, stack(0x0000009fe1300000,0x0000009fe1400000)]
  0x000001fb26b5c800 JavaThread "Build operations Thread 3" [_thread_blocked, id=7676, stack(0x0000009fe1400000,0x0000009fe1500000)]
  0x000001fb26b5d800 JavaThread "Build operations Thread 4" [_thread_in_Java, id=2380, stack(0x0000009fe1500000,0x0000009fe1600000)]
  0x000001fb26b5e000 JavaThread "jar transforms Thread 4" [_thread_blocked, id=11656, stack(0x0000009fe1600000,0x0000009fe1700000)]
  0x000001fb26b5f000 JavaThread "Memory manager" [_thread_blocked, id=10948, stack(0x0000009fe1700000,0x0000009fe1800000)]
=>0x000001fb26b5b000 JavaThread "C2 CompilerThread1" daemon [_thread_in_native, id=6176, stack(0x0000009fe0a00000,0x0000009fe0b00000)]
  0x000001fb25187800 JavaThread "build event listener" [_thread_blocked, id=11540, stack(0x0000009fe1800000,0x0000009fe1900000)]
  0x000001fb2518e000 JavaThread "Execution worker for ':'" [_thread_blocked, id=1560, stack(0x0000009fe1900000,0x0000009fe1a00000)]
  0x000001fb25188800 JavaThread "Execution worker for ':' Thread 2" [_thread_blocked, id=11484, stack(0x0000009fe1a00000,0x0000009fe1b00000)]
  0x000001fb2518f000 JavaThread "Execution worker for ':' Thread 3" [_thread_in_Java, id=8276, stack(0x0000009fe1b00000,0x0000009fe1c00000)]
  0x000001fb25189800 JavaThread "Cache worker for execution history cache (C:\Users\Olexei\AndroidStudioProjects\Lab4PAM\.gradle\7.0.2\executionHistory)" [_thread_blocked, id=8044, stack(0x0000009fe1c00000,0x0000009fe1d00000)]
  0x000001fb2518b800 JavaThread "WorkerExecutor Queue" [_thread_blocked, id=9876, stack(0x0000009fe1d00000,0x0000009fe1e00000)]

Other Threads:
  0x000001fb225ba800 VMThread "VM Thread" [stack: 0x0000009fde900000,0x0000009fdea00000] [id=8616]
  0x000001fb230a7800 WatcherThread [stack: 0x0000009fdf300000,0x0000009fdf400000] [id=8256]
  0x000001fb08a11800 GCTaskThread "GC Thread#0" [stack: 0x0000009fde400000,0x0000009fde500000] [id=3372]
  0x000001fb23491800 GCTaskThread "GC Thread#1" [stack: 0x0000009fdf500000,0x0000009fdf600000] [id=11308]
  0x000001fb24f50800 GCTaskThread "GC Thread#2" [stack: 0x0000009fe0100000,0x0000009fe0200000] [id=11968]
  0x000001fb24401000 GCTaskThread "GC Thread#3" [stack: 0x0000009fe0200000,0x0000009fe0300000] [id=9276]
  0x000001fb08a43800 ConcurrentGCThread "G1 Main Marker" [stack: 0x0000009fde500000,0x0000009fde600000] [id=8720]
  0x000001fb08a45000 ConcurrentGCThread "G1 Conc#0" [stack: 0x0000009fde600000,0x0000009fde700000] [id=6636]
  0x000001fb08ac3000 ConcurrentGCThread "G1 Refine#0" [stack: 0x0000009fde700000,0x0000009fde800000] [id=8356]
  0x000001fb08ac4000 ConcurrentGCThread "G1 Young RemSet Sampling" [stack: 0x0000009fde800000,0x0000009fde900000] [id=11176]

Threads with active compile tasks:
C2 CompilerThread0  48326 14208       4       com.android.tools.r8.ir.regalloc.a::a (1824 bytes)
C2 CompilerThread1  48327 14347       4       com.android.tools.r8.graph.H::a (1035 bytes)

VM state:not at safepoint (normal execution)

VM Mutex/Monitor currently owned by a thread: None

Heap address: 0x0000000080000000, size: 2048 MB, Compressed Oops mode: 32-bit
Narrow klass base: 0x0000000000000000, Narrow klass shift: 3
Compressed class space size: 1073741824 Address: 0x0000000100000000

Heap:
 garbage-first heap   total 368640K, used 226720K [0x0000000080000000, 0x0000000100000000)
  region size 1024K, 121 young (123904K), 13 survivors (13312K)
 Metaspace       used 97359K, capacity 99938K, committed 100172K, reserved 1136640K
  class space    used 12631K, capacity 13582K, committed 13696K, reserved 1048576K
Heap Regions: E=young(eden), S=young(survivor), O=old, HS=humongous(starts), HC=humongous(continues), CS=collection set, F=free, A=archive, TAMS=top-at-mark-start (previous, next)
|   0|0x0000000080000000, 0x0000000080100000, 0x0000000080100000|100%| O|  |TAMS 0x0000000080100000, 0x0000000080000000| Untracked 
|   1|0x0000000080100000, 0x0000000080200000, 0x0000000080200000|100%| O|  |TAMS 0x0000000080200000, 0x0000000080100000| Untracked 
|   2|0x0000000080200000, 0x0000000080300000, 0x0000000080300000|100%| O|  |TAMS 0x0000000080300000, 0x0000000080200000| Untracked 
|   3|0x0000000080300000, 0x0000000080400000, 0x0000000080400000|100%|HS|  |TAMS 0x0000000080400000, 0x0000000080300000| Complete 
|   4|0x0000000080400000, 0x0000000080500000, 0x0000000080500000|100%|HC|  |TAMS 0x0000000080500000, 0x0000000080400000| Complete 
|   5|0x0000000080500000, 0x0000000080600000, 0x0000000080600000|100%|HC|  |TAMS 0x0000000080600000, 0x0000000080500000| Complete 
|   6|0x0000000080600000, 0x0000000080700000, 0x0000000080700000|100%| O|  |TAMS 0x0000000080700000, 0x0000000080600000| Untracked 
|   7|0x0000000080700000, 0x0000000080800000, 0x0000000080800000|100%| O|  |TAMS 0x0000000080800000, 0x0000000080700000| Untracked 
|   8|0x0000000080800000, 0x0000000080900000, 0x0000000080900000|100%| O|  |TAMS 0x0000000080900000, 0x0000000080800000| Untracked 
|   9|0x0000000080900000, 0x0000000080a00000, 0x0000000080a00000|100%| O|  |TAMS 0x0000000080a00000, 0x0000000080900000| Untracked 
|  10|0x0000000080a00000, 0x0000000080b00000, 0x0000000080b00000|100%| O|  |TAMS 0x0000000080b00000, 0x0000000080a00000| Untracked 
|  11|0x0000000080b00000, 0x0000000080c00000, 0x0000000080c00000|100%| O|  |TAMS 0x0000000080c00000, 0x0000000080b00000| Untracked 
|  12|0x0000000080c00000, 0x0000000080d00000, 0x0000000080d00000|100%| O|  |TAMS 0x0000000080d00000, 0x0000000080c00000| Untracked 
|  13|0x0000000080d00000, 0x0000000080e00000, 0x0000000080e00000|100%|HS|  |TAMS 0x0000000080e00000, 0x0000000080d00000| Complete 
|  14|0x0000000080e00000, 0x0000000080f00000, 0x0000000080f00000|100%| O|  |TAMS 0x0000000080f00000, 0x0000000080e00000| Untracked 
|  15|0x0000000080f00000, 0x0000000081000000, 0x0000000081000000|100%| O|  |TAMS 0x0000000081000000, 0x0000000080f00000| Untracked 
|  16|0x0000000081000000, 0x0000000081100000, 0x0000000081100000|100%| O|  |TAMS 0x0000000081100000, 0x0000000081000000| Untracked 
|  17|0x0000000081100000, 0x0000000081200000, 0x0000000081200000|100%| O|  |TAMS 0x0000000081200000, 0x0000000081100000| Untracked 
|  18|0x0000000081200000, 0x0000000081300000, 0x0000000081300000|100%| O|  |TAMS 0x0000000081300000, 0x0000000081200000| Untracked 
|  19|0x0000000081300000, 0x0000000081400000, 0x0000000081400000|100%| O|  |TAMS 0x0000000081400000, 0x0000000081300000| Untracked 
|  20|0x0000000081400000, 0x0000000081500000, 0x0000000081500000|100%| O|  |TAMS 0x0000000081500000, 0x0000000081400000| Untracked 
|  21|0x0000000081500000, 0x0000000081600000, 0x0000000081600000|100%| O|  |TAMS 0x0000000081600000, 0x0000000081500000| Untracked 
|  22|0x0000000081600000, 0x0000000081700000, 0x0000000081700000|100%| O|  |TAMS 0x0000000081700000, 0x0000000081600000| Untracked 
|  23|0x0000000081700000, 0x0000000081800000, 0x0000000081800000|100%|HS|  |TAMS 0x0000000081800000, 0x0000000081700000| Complete 
|  24|0x0000000081800000, 0x0000000081900000, 0x0000000081900000|100%|HS|  |TAMS 0x0000000081900000, 0x0000000081800000| Complete 
|  25|0x0000000081900000, 0x0000000081a00000, 0x0000000081a00000|100%|HC|  |TAMS 0x0000000081a00000, 0x0000000081900000| Complete 
|  26|0x0000000081a00000, 0x0000000081b00000, 0x0000000081b00000|100%| O|  |TAMS 0x0000000081b00000, 0x0000000081a00000| Untracked 
|  27|0x0000000081b00000, 0x0000000081c00000, 0x0000000081c00000|100%| O|  |TAMS 0x0000000081c00000, 0x0000000081b00000| Untracked 
|  28|0x0000000081c00000, 0x0000000081d00000, 0x0000000081d00000|100%| O|  |TAMS 0x0000000081d00000, 0x0000000081c00000| Untracked 
|  29|0x0000000081d00000, 0x0000000081e00000, 0x0000000081e00000|100%| O|  |TAMS 0x0000000081e00000, 0x0000000081d00000| Untracked 
|  30|0x0000000081e00000, 0x0000000081f00000, 0x0000000081f00000|100%| O|  |TAMS 0x0000000081f00000, 0x0000000081e00000| Untracked 
|  31|0x0000000081f00000, 0x0000000082000000, 0x0000000082000000|100%| O|  |TAMS 0x0000000082000000, 0x0000000081f00000| Untracked 
|  32|0x0000000082000000, 0x0000000082100000, 0x0000000082100000|100%| O|  |TAMS 0x0000000082100000, 0x0000000082000000| Untracked 
|  33|0x0000000082100000, 0x0000000082200000, 0x0000000082200000|100%| O|  |TAMS 0x0000000082200000, 0x0000000082100000| Untracked 
|  34|0x0000000082200000, 0x0000000082300000, 0x0000000082300000|100%| O|  |TAMS 0x0000000082300000, 0x0000000082200000| Untracked 
|  35|0x0000000082300000, 0x0000000082400000, 0x0000000082400000|100%| O|  |TAMS 0x0000000082400000, 0x0000000082300000| Untracked 
|  36|0x0000000082400000, 0x0000000082500000, 0x0000000082500000|100%| O|  |TAMS 0x0000000082500000, 0x0000000082400000| Untracked 
|  37|0x0000000082500000, 0x0000000082600000, 0x0000000082600000|100%| O|  |TAMS 0x0000000082600000, 0x0000000082500000| Untracked 
|  38|0x0000000082600000, 0x0000000082700000, 0x0000000082700000|100%| O|  |TAMS 0x0000000082700000, 0x0000000082600000| Untracked 
|  39|0x0000000082700000, 0x0000000082800000, 0x0000000082800000|100%| O|  |TAMS 0x0000000082800000, 0x0000000082700000| Untracked 
|  40|0x0000000082800000, 0x0000000082900000, 0x0000000082900000|100%| O|  |TAMS 0x0000000082900000, 0x0000000082800000| Untracked 
|  41|0x0000000082900000, 0x0000000082a00000, 0x0000000082a00000|100%| O|  |TAMS 0x0000000082a00000, 0x0000000082900000| Untracked 
|  42|0x0000000082a00000, 0x0000000082b00000, 0x0000000082b00000|100%| O|  |TAMS 0x0000000082b00000, 0x0000000082a00000| Untracked 
|  43|0x0000000082b00000, 0x0000000082c00000, 0x0000000082c00000|100%| O|  |TAMS 0x0000000082c00000, 0x0000000082b00000| Untracked 
|  44|0x0000000082c00000, 0x0000000082d00000, 0x0000000082d00000|100%| O|  |TAMS 0x0000000082d00000, 0x0000000082c00000| Untracked 
|  45|0x0000000082d00000, 0x0000000082e00000, 0x0000000082e00000|100%| O|  |TAMS 0x0000000082e00000, 0x0000000082d00000| Untracked 
|  46|0x0000000082e00000, 0x0000000082f00000, 0x0000000082f00000|100%| O|  |TAMS 0x0000000082f00000, 0x0000000082e00000| Untracked 
|  47|0x0000000082f00000, 0x0000000083000000, 0x0000000083000000|100%| O|  |TAMS 0x0000000083000000, 0x0000000082f00000| Untracked 
|  48|0x0000000083000000, 0x0000000083100000, 0x0000000083100000|100%| O|  |TAMS 0x0000000083100000, 0x0000000083000000| Untracked 
|  49|0x0000000083100000, 0x0000000083200000, 0x0000000083200000|100%| O|  |TAMS 0x0000000083200000, 0x0000000083100000| Untracked 
|  50|0x0000000083200000, 0x0000000083300000, 0x0000000083300000|100%| O|  |TAMS 0x0000000083300000, 0x0000000083200000| Untracked 
|  51|0x0000000083300000, 0x0000000083400000, 0x0000000083400000|100%| O|  |TAMS 0x0000000083400000, 0x0000000083300000| Untracked 
|  52|0x0000000083400000, 0x0000000083500000, 0x0000000083500000|100%| O|  |TAMS 0x0000000083500000, 0x0000000083400000| Untracked 
|  53|0x0000000083500000, 0x0000000083600000, 0x0000000083600000|100%| O|  |TAMS 0x0000000083600000, 0x0000000083500000| Untracked 
|  54|0x0000000083600000, 0x0000000083700000, 0x0000000083700000|100%| O|  |TAMS 0x0000000083700000, 0x0000000083600000| Untracked 
|  55|0x0000000083700000, 0x0000000083800000, 0x0000000083800000|100%| O|  |TAMS 0x0000000083800000, 0x0000000083700000| Untracked 
|  56|0x0000000083800000, 0x0000000083900000, 0x0000000083900000|100%| O|  |TAMS 0x0000000083900000, 0x0000000083800000| Untracked 
|  57|0x0000000083900000, 0x0000000083a00000, 0x0000000083a00000|100%| O|  |TAMS 0x0000000083a00000, 0x0000000083900000| Untracked 
|  58|0x0000000083a00000, 0x0000000083b00000, 0x0000000083b00000|100%| O|  |TAMS 0x0000000083b00000, 0x0000000083a00000| Untracked 
|  59|0x0000000083b00000, 0x0000000083c00000, 0x0000000083c00000|100%| O|  |TAMS 0x0000000083c00000, 0x0000000083b00000| Untracked 
|  60|0x0000000083c00000, 0x0000000083d00000, 0x0000000083d00000|100%| O|  |TAMS 0x0000000083d00000, 0x0000000083c00000| Untracked 
|  61|0x0000000083d00000, 0x0000000083e00000, 0x0000000083e00000|100%| O|  |TAMS 0x0000000083e00000, 0x0000000083d00000| Untracked 
|  62|0x0000000083e00000, 0x0000000083f00000, 0x0000000083f00000|100%| O|  |TAMS 0x0000000083f00000, 0x0000000083e00000| Untracked 
|  63|0x0000000083f00000, 0x0000000084000000, 0x0000000084000000|100%| O|  |TAMS 0x0000000084000000, 0x0000000083f00000| Untracked 
|  64|0x0000000084000000, 0x0000000084100000, 0x0000000084100000|100%| O|  |TAMS 0x0000000084100000, 0x0000000084000000| Untracked 
|  65|0x0000000084100000, 0x0000000084200000, 0x0000000084200000|100%| O|  |TAMS 0x0000000084200000, 0x0000000084100000| Untracked 
|  66|0x0000000084200000, 0x0000000084300000, 0x0000000084300000|100%| O|  |TAMS 0x0000000084300000, 0x0000000084200000| Untracked 
|  67|0x0000000084300000, 0x0000000084400000, 0x0000000084400000|100%| O|  |TAMS 0x0000000084400000, 0x0000000084300000| Untracked 
|  68|0x0000000084400000, 0x0000000084500000, 0x0000000084500000|100%| O|  |TAMS 0x0000000084500000, 0x0000000084400000| Untracked 
|  69|0x0000000084500000, 0x0000000084600000, 0x0000000084600000|100%| O|  |TAMS 0x0000000084600000, 0x0000000084500000| Untracked 
|  70|0x0000000084600000, 0x0000000084700000, 0x0000000084700000|100%| O|  |TAMS 0x0000000084700000, 0x0000000084600000| Untracked 
|  71|0x0000000084700000, 0x0000000084800000, 0x0000000084800000|100%| O|  |TAMS 0x0000000084800000, 0x0000000084700000| Untracked 
|  72|0x0000000084800000, 0x0000000084900000, 0x0000000084900000|100%| O|  |TAMS 0x0000000084900000, 0x0000000084800000| Untracked 
|  73|0x0000000084900000, 0x0000000084a00000, 0x0000000084a00000|100%| O|  |TAMS 0x0000000084a00000, 0x0000000084900000| Untracked 
|  74|0x0000000084a00000, 0x0000000084b00000, 0x0000000084b00000|100%| O|  |TAMS 0x0000000084b00000, 0x0000000084a00000| Untracked 
|  75|0x0000000084b00000, 0x0000000084c00000, 0x0000000084c00000|100%| O|  |TAMS 0x0000000084c00000, 0x0000000084b00000| Untracked 
|  76|0x0000000084c00000, 0x0000000084d00000, 0x0000000084d00000|100%| O|  |TAMS 0x0000000084d00000, 0x0000000084c00000| Untracked 
|  77|0x0000000084d00000, 0x0000000084e00000, 0x0000000084e00000|100%| O|  |TAMS 0x0000000084e00000, 0x0000000084d00000| Untracked 
|  78|0x0000000084e00000, 0x0000000084f00000, 0x0000000084f00000|100%| O|  |TAMS 0x0000000084f00000, 0x0000000084e00000| Untracked 
|  79|0x0000000084f00000, 0x0000000085000000, 0x0000000085000000|100%| O|  |TAMS 0x0000000085000000, 0x0000000084f00000| Untracked 
|  80|0x0000000085000000, 0x0000000085100000, 0x0000000085100000|100%| O|  |TAMS 0x0000000085100000, 0x0000000085000000| Untracked 
|  81|0x0000000085100000, 0x0000000085200000, 0x0000000085200000|100%| O|  |TAMS 0x0000000085200000, 0x0000000085100000| Untracked 
|  82|0x0000000085200000, 0x0000000085300000, 0x0000000085300000|100%| O|  |TAMS 0x0000000085300000, 0x0000000085200000| Untracked 
|  83|0x0000000085300000, 0x0000000085400000, 0x0000000085400000|100%| O|  |TAMS 0x0000000085400000, 0x0000000085300000| Untracked 
|  84|0x0000000085400000, 0x0000000085500000, 0x0000000085500000|100%| O|  |TAMS 0x0000000085500000, 0x0000000085400000| Untracked 
|  85|0x0000000085500000, 0x0000000085600000, 0x0000000085600000|100%| O|  |TAMS 0x0000000085600000, 0x0000000085500000| Untracked 
|  86|0x0000000085600000, 0x0000000085700000, 0x0000000085700000|100%| O|  |TAMS 0x0000000085700000, 0x0000000085600000| Untracked 
|  87|0x0000000085700000, 0x0000000085800000, 0x0000000085800000|100%| O|  |TAMS 0x0000000085800000, 0x0000000085700000| Untracked 
|  88|0x0000000085800000, 0x0000000085900000, 0x0000000085900000|100%| O|  |TAMS 0x0000000085900000, 0x0000000085800000| Untracked 
|  89|0x0000000085900000, 0x0000000085a00000, 0x0000000085a00000|100%| O|  |TAMS 0x0000000085a00000, 0x0000000085900000| Untracked 
|  90|0x0000000085a00000, 0x0000000085b00000, 0x0000000085b00000|100%| O|  |TAMS 0x0000000085b00000, 0x0000000085a00000| Untracked 
|  91|0x0000000085b00000, 0x0000000085c00000, 0x0000000085c00000|100%| O|  |TAMS 0x0000000085c00000, 0x0000000085b00000| Untracked 
|  92|0x0000000085c00000, 0x0000000085d00000, 0x0000000085d00000|100%| O|  |TAMS 0x0000000085d00000, 0x0000000085c00000| Untracked 
|  93|0x0000000085d00000, 0x0000000085e00000, 0x0000000085e00000|100%| O|  |TAMS 0x0000000085e00000, 0x0000000085d00000| Untracked 
|  94|0x0000000085e00000, 0x0000000085f00000, 0x0000000085f00000|100%| O|  |TAMS 0x0000000085f00000, 0x0000000085e00000| Untracked 
|  95|0x0000000085f00000, 0x0000000086000000, 0x0000000086000000|100%| O|  |TAMS 0x0000000086000000, 0x0000000085f00000| Untracked 
|  96|0x0000000086000000, 0x0000000086100000, 0x0000000086100000|100%| O|  |TAMS 0x0000000086100000, 0x0000000086000000| Untracked 
|  97|0x0000000086100000, 0x0000000086200000, 0x0000000086200000|100%| O|  |TAMS 0x0000000086200000, 0x0000000086100000| Untracked 
|  98|0x0000000086200000, 0x0000000086300000, 0x0000000086300000|100%| O|  |TAMS 0x0000000086300000, 0x0000000086200000| Untracked 
|  99|0x0000000086300000, 0x0000000086400000, 0x0000000086400000|100%| O|  |TAMS 0x0000000086400000, 0x0000000086300000| Untracked 
| 100|0x0000000086400000, 0x0000000086500000, 0x0000000086500000|100%| O|  |TAMS 0x000000008649d200, 0x0000000086400000| Untracked 
| 101|0x0000000086500000, 0x000000008657de00, 0x0000000086600000| 49%| O|  |TAMS 0x0000000086500000, 0x0000000086500000| Untracked 
| 102|0x0000000086600000, 0x0000000086600000, 0x0000000086700000|  0%| F|  |TAMS 0x0000000086600000, 0x0000000086600000| Untracked 
| 103|0x0000000086700000, 0x0000000086700000, 0x0000000086800000|  0%| F|  |TAMS 0x0000000086700000, 0x0000000086700000| Untracked 
| 104|0x0000000086800000, 0x0000000086800000, 0x0000000086900000|  0%| F|  |TAMS 0x0000000086800000, 0x0000000086800000| Untracked 
| 105|0x0000000086900000, 0x0000000086900000, 0x0000000086a00000|  0%| F|  |TAMS 0x0000000086900000, 0x0000000086900000| Untracked 
| 106|0x0000000086a00000, 0x0000000086a00000, 0x0000000086b00000|  0%| F|  |TAMS 0x0000000086a00000, 0x0000000086a00000| Untracked 
| 107|0x0000000086b00000, 0x0000000086b00000, 0x0000000086c00000|  0%| F|  |TAMS 0x0000000086b00000, 0x0000000086b00000| Untracked 
| 108|0x0000000086c00000, 0x0000000086c00000, 0x0000000086d00000|  0%| F|  |TAMS 0x0000000086c00000, 0x0000000086c00000| Untracked 
| 109|0x0000000086d00000, 0x0000000086d00000, 0x0000000086e00000|  0%| F|  |TAMS 0x0000000086d00000, 0x0000000086d00000| Untracked 
| 110|0x0000000086e00000, 0x0000000086e00000, 0x0000000086f00000|  0%| F|  |TAMS 0x0000000086e00000, 0x0000000086e00000| Untracked 
| 111|0x0000000086f00000, 0x0000000086f00000, 0x0000000087000000|  0%| F|  |TAMS 0x0000000086f00000, 0x0000000086f00000| Untracked 
| 112|0x0000000087000000, 0x0000000087000000, 0x0000000087100000|  0%| F|  |TAMS 0x0000000087000000, 0x0000000087000000| Untracked 
| 113|0x0000000087100000, 0x0000000087100000, 0x0000000087200000|  0%| F|  |TAMS 0x0000000087100000, 0x0000000087100000| Untracked 
| 114|0x0000000087200000, 0x0000000087200000, 0x0000000087300000|  0%| F|  |TAMS 0x0000000087200000, 0x0000000087200000| Untracked 
| 115|0x0000000087300000, 0x0000000087300000, 0x0000000087400000|  0%| F|  |TAMS 0x0000000087300000, 0x0000000087300000| Untracked 
| 116|0x0000000087400000, 0x0000000087400000, 0x0000000087500000|  0%| F|  |TAMS 0x0000000087400000, 0x0000000087400000| Untracked 
| 117|0x0000000087500000, 0x0000000087500000, 0x0000000087600000|  0%| F|  |TAMS 0x0000000087500000, 0x0000000087500000| Untracked 
| 118|0x0000000087600000, 0x0000000087600000, 0x0000000087700000|  0%| F|  |TAMS 0x0000000087600000, 0x0000000087600000| Untracked 
| 119|0x0000000087700000, 0x0000000087700000, 0x0000000087800000|  0%| F|  |TAMS 0x0000000087700000, 0x0000000087700000| Untracked 
| 120|0x0000000087800000, 0x0000000087800000, 0x0000000087900000|  0%| F|  |TAMS 0x0000000087800000, 0x0000000087800000| Untracked 
| 121|0x0000000087900000, 0x0000000087900000, 0x0000000087a00000|  0%| F|  |TAMS 0x0000000087900000, 0x0000000087900000| Untracked 
| 122|0x0000000087a00000, 0x0000000087a00000, 0x0000000087b00000|  0%| F|  |TAMS 0x0000000087a00000, 0x0000000087a00000| Untracked 
| 123|0x0000000087b00000, 0x0000000087b00000, 0x0000000087c00000|  0%| F|  |TAMS 0x0000000087b00000, 0x0000000087b00000| Untracked 
| 124|0x0000000087c00000, 0x0000000087c00000, 0x0000000087d00000|  0%| F|  |TAMS 0x0000000087c00000, 0x0000000087c00000| Untracked 
| 125|0x0000000087d00000, 0x0000000087d00000, 0x0000000087e00000|  0%| F|  |TAMS 0x0000000087d00000, 0x0000000087d00000| Untracked 
| 126|0x0000000087e00000, 0x0000000087e00000, 0x0000000087f00000|  0%| F|  |TAMS 0x0000000087e00000, 0x0000000087e00000| Untracked 
| 127|0x0000000087f00000, 0x0000000087f00000, 0x0000000088000000|  0%| F|  |TAMS 0x0000000087f00000, 0x0000000087f00000| Untracked 
| 128|0x0000000088000000, 0x0000000088000000, 0x0000000088100000|  0%| F|  |TAMS 0x0000000088000000, 0x0000000088000000| Untracked 
| 129|0x0000000088100000, 0x0000000088100000, 0x0000000088200000|  0%| F|  |TAMS 0x0000000088100000, 0x0000000088100000| Untracked 
| 130|0x0000000088200000, 0x00000000882ea210, 0x0000000088300000| 91%| S|CS|TAMS 0x0000000088200000, 0x0000000088200000| Complete 
| 131|0x0000000088300000, 0x0000000088400000, 0x0000000088400000|100%| S|CS|TAMS 0x0000000088300000, 0x0000000088300000| Complete 
| 132|0x0000000088400000, 0x0000000088400000, 0x0000000088500000|  0%| F|  |TAMS 0x0000000088400000, 0x0000000088400000| Untracked 
| 133|0x0000000088500000, 0x0000000088600000, 0x0000000088600000|100%| S|CS|TAMS 0x0000000088500000, 0x0000000088500000| Complete 
| 134|0x0000000088600000, 0x0000000088700000, 0x0000000088700000|100%| S|CS|TAMS 0x0000000088600000, 0x0000000088600000| Complete 
| 135|0x0000000088700000, 0x0000000088800000, 0x0000000088800000|100%| S|CS|TAMS 0x0000000088700000, 0x0000000088700000| Complete 
| 136|0x0000000088800000, 0x0000000088900000, 0x0000000088900000|100%| S|CS|TAMS 0x0000000088800000, 0x0000000088800000| Complete 
| 137|0x0000000088900000, 0x0000000088a00000, 0x0000000088a00000|100%| S|CS|TAMS 0x0000000088900000, 0x0000000088900000| Complete 
| 138|0x0000000088a00000, 0x0000000088b00000, 0x0000000088b00000|100%| S|CS|TAMS 0x0000000088a00000, 0x0000000088a00000| Complete 
| 139|0x0000000088b00000, 0x0000000088b00000, 0x0000000088c00000|  0%| F|  |TAMS 0x0000000088b00000, 0x0000000088b00000| Untracked 
| 140|0x0000000088c00000, 0x0000000088c00000, 0x0000000088d00000|  0%| F|  |TAMS 0x0000000088c00000, 0x0000000088c00000| Untracked 
| 141|0x0000000088d00000, 0x0000000088e00000, 0x0000000088e00000|100%| S|CS|TAMS 0x0000000088d00000, 0x0000000088d00000| Complete 
| 142|0x0000000088e00000, 0x0000000088f00000, 0x0000000088f00000|100%| S|CS|TAMS 0x0000000088e00000, 0x0000000088e00000| Complete 
| 143|0x0000000088f00000, 0x0000000089000000, 0x0000000089000000|100%| S|CS|TAMS 0x0000000088f00000, 0x0000000088f00000| Complete 
| 144|0x0000000089000000, 0x0000000089100000, 0x0000000089100000|100%| S|CS|TAMS 0x0000000089000000, 0x0000000089000000| Complete 
| 145|0x0000000089100000, 0x0000000089100000, 0x0000000089200000|  0%| F|  |TAMS 0x0000000089100000, 0x0000000089100000| Untracked 
| 146|0x0000000089200000, 0x0000000089200000, 0x0000000089300000|  0%| F|  |TAMS 0x0000000089200000, 0x0000000089200000| Untracked 
| 147|0x0000000089300000, 0x0000000089300000, 0x0000000089400000|  0%| F|  |TAMS 0x0000000089300000, 0x0000000089300000| Untracked 
| 148|0x0000000089400000, 0x0000000089400000, 0x0000000089500000|  0%| F|  |TAMS 0x0000000089400000, 0x0000000089400000| Untracked 
| 149|0x0000000089500000, 0x0000000089500000, 0x0000000089600000|  0%| F|  |TAMS 0x0000000089500000, 0x0000000089500000| Untracked 
| 150|0x0000000089600000, 0x0000000089600000, 0x0000000089700000|  0%| F|  |TAMS 0x0000000089600000, 0x0000000089600000| Untracked 
| 151|0x0000000089700000, 0x0000000089700000, 0x0000000089800000|  0%| F|  |TAMS 0x0000000089700000, 0x0000000089700000| Untracked 
| 152|0x0000000089800000, 0x0000000089800000, 0x0000000089900000|  0%| F|  |TAMS 0x0000000089800000, 0x0000000089800000| Untracked 
| 153|0x0000000089900000, 0x0000000089a00000, 0x0000000089a00000|100%| S|CS|TAMS 0x0000000089900000, 0x0000000089900000| Complete 
| 154|0x0000000089a00000, 0x0000000089a00000, 0x0000000089b00000|  0%| F|  |TAMS 0x0000000089a00000, 0x0000000089a00000| Untracked 
| 155|0x0000000089b00000, 0x0000000089b00000, 0x0000000089c00000|  0%| F|  |TAMS 0x0000000089b00000, 0x0000000089b00000| Untracked 
| 156|0x0000000089c00000, 0x0000000089c00000, 0x0000000089d00000|  0%| F|  |TAMS 0x0000000089c00000, 0x0000000089c00000| Untracked 
| 157|0x0000000089d00000, 0x0000000089d00000, 0x0000000089e00000|  0%| F|  |TAMS 0x0000000089d00000, 0x0000000089d00000| Untracked 
| 158|0x0000000089e00000, 0x0000000089e00000, 0x0000000089f00000|  0%| F|  |TAMS 0x0000000089e00000, 0x0000000089e00000| Untracked 
| 159|0x0000000089f00000, 0x0000000089f00000, 0x000000008a000000|  0%| F|  |TAMS 0x0000000089f00000, 0x0000000089f00000| Untracked 
| 160|0x000000008a000000, 0x000000008a000000, 0x000000008a100000|  0%| F|  |TAMS 0x000000008a000000, 0x000000008a000000| Untracked 
| 161|0x000000008a100000, 0x000000008a100000, 0x000000008a200000|  0%| F|  |TAMS 0x000000008a100000, 0x000000008a100000| Untracked 
| 162|0x000000008a200000, 0x000000008a200000, 0x000000008a300000|  0%| F|  |TAMS 0x000000008a200000, 0x000000008a200000| Untracked 
| 163|0x000000008a300000, 0x000000008a300000, 0x000000008a400000|  0%| F|  |TAMS 0x000000008a300000, 0x000000008a300000| Untracked 
| 164|0x000000008a400000, 0x000000008a400000, 0x000000008a500000|  0%| F|  |TAMS 0x000000008a400000, 0x000000008a400000| Untracked 
| 165|0x000000008a500000, 0x000000008a500000, 0x000000008a600000|  0%| F|  |TAMS 0x000000008a500000, 0x000000008a500000| Untracked 
| 166|0x000000008a600000, 0x000000008a600000, 0x000000008a700000|  0%| F|  |TAMS 0x000000008a600000, 0x000000008a600000| Untracked 
| 167|0x000000008a700000, 0x000000008a700000, 0x000000008a800000|  0%| F|  |TAMS 0x000000008a700000, 0x000000008a700000| Untracked 
| 168|0x000000008a800000, 0x000000008a800000, 0x000000008a900000|  0%| F|  |TAMS 0x000000008a800000, 0x000000008a800000| Untracked 
| 169|0x000000008a900000, 0x000000008a900000, 0x000000008aa00000|  0%| F|  |TAMS 0x000000008a900000, 0x000000008a900000| Untracked 
| 170|0x000000008aa00000, 0x000000008aa00000, 0x000000008ab00000|  0%| F|  |TAMS 0x000000008aa00000, 0x000000008aa00000| Untracked 
| 171|0x000000008ab00000, 0x000000008ab00000, 0x000000008ac00000|  0%| F|  |TAMS 0x000000008ab00000, 0x000000008ab00000| Untracked 
| 172|0x000000008ac00000, 0x000000008ac00000, 0x000000008ad00000|  0%| F|  |TAMS 0x000000008ac00000, 0x000000008ac00000| Untracked 
| 173|0x000000008ad00000, 0x000000008ad00000, 0x000000008ae00000|  0%| F|  |TAMS 0x000000008ad00000, 0x000000008ad00000| Untracked 
| 174|0x000000008ae00000, 0x000000008ae00000, 0x000000008af00000|  0%| F|  |TAMS 0x000000008ae00000, 0x000000008ae00000| Untracked 
| 175|0x000000008af00000, 0x000000008af00000, 0x000000008b000000|  0%| F|  |TAMS 0x000000008af00000, 0x000000008af00000| Untracked 
| 176|0x000000008b000000, 0x000000008b000000, 0x000000008b100000|  0%| F|  |TAMS 0x000000008b000000, 0x000000008b000000| Untracked 
| 177|0x000000008b100000, 0x000000008b100000, 0x000000008b200000|  0%| F|  |TAMS 0x000000008b100000, 0x000000008b100000| Untracked 
| 178|0x000000008b200000, 0x000000008b200000, 0x000000008b300000|  0%| F|  |TAMS 0x000000008b200000, 0x000000008b200000| Untracked 
| 179|0x000000008b300000, 0x000000008b300000, 0x000000008b400000|  0%| F|  |TAMS 0x000000008b300000, 0x000000008b300000| Untracked 
| 180|0x000000008b400000, 0x000000008b400000, 0x000000008b500000|  0%| F|  |TAMS 0x000000008b400000, 0x000000008b400000| Untracked 
| 181|0x000000008b500000, 0x000000008b500000, 0x000000008b600000|  0%| F|  |TAMS 0x000000008b500000, 0x000000008b500000| Untracked 
| 182|0x000000008b600000, 0x000000008b600000, 0x000000008b700000|  0%| F|  |TAMS 0x000000008b600000, 0x000000008b600000| Untracked 
| 183|0x000000008b700000, 0x000000008b700000, 0x000000008b800000|  0%| F|  |TAMS 0x000000008b700000, 0x000000008b700000| Untracked 
| 184|0x000000008b800000, 0x000000008b800000, 0x000000008b900000|  0%| F|  |TAMS 0x000000008b800000, 0x000000008b800000| Untracked 
| 185|0x000000008b900000, 0x000000008b900000, 0x000000008ba00000|  0%| F|  |TAMS 0x000000008b900000, 0x000000008b900000| Untracked 
| 186|0x000000008ba00000, 0x000000008ba00000, 0x000000008bb00000|  0%| F|  |TAMS 0x000000008ba00000, 0x000000008ba00000| Untracked 
| 187|0x000000008bb00000, 0x000000008bb00000, 0x000000008bc00000|  0%| F|  |TAMS 0x000000008bb00000, 0x000000008bb00000| Untracked 
| 188|0x000000008bc00000, 0x000000008bc00000, 0x000000008bd00000|  0%| F|  |TAMS 0x000000008bc00000, 0x000000008bc00000| Untracked 
| 189|0x000000008bd00000, 0x000000008bd00000, 0x000000008be00000|  0%| F|  |TAMS 0x000000008bd00000, 0x000000008bd00000| Untracked 
| 190|0x000000008be00000, 0x000000008be00000, 0x000000008bf00000|  0%| F|  |TAMS 0x000000008be00000, 0x000000008be00000| Untracked 
| 191|0x000000008bf00000, 0x000000008bf00000, 0x000000008c000000|  0%| F|  |TAMS 0x000000008bf00000, 0x000000008bf00000| Untracked 
| 192|0x000000008c000000, 0x000000008c000000, 0x000000008c100000|  0%| F|  |TAMS 0x000000008c000000, 0x000000008c000000| Untracked 
| 193|0x000000008c100000, 0x000000008c100000, 0x000000008c200000|  0%| F|  |TAMS 0x000000008c100000, 0x000000008c100000| Untracked 
| 194|0x000000008c200000, 0x000000008c200000, 0x000000008c300000|  0%| F|  |TAMS 0x000000008c200000, 0x000000008c200000| Untracked 
| 195|0x000000008c300000, 0x000000008c300000, 0x000000008c400000|  0%| F|  |TAMS 0x000000008c300000, 0x000000008c300000| Untracked 
| 196|0x000000008c400000, 0x000000008c400000, 0x000000008c500000|  0%| F|  |TAMS 0x000000008c400000, 0x000000008c400000| Untracked 
| 197|0x000000008c500000, 0x000000008c500000, 0x000000008c600000|  0%| F|  |TAMS 0x000000008c500000, 0x000000008c500000| Untracked 
| 198|0x000000008c600000, 0x000000008c600000, 0x000000008c700000|  0%| F|  |TAMS 0x000000008c600000, 0x000000008c600000| Untracked 
| 199|0x000000008c700000, 0x000000008c700000, 0x000000008c800000|  0%| F|  |TAMS 0x000000008c700000, 0x000000008c700000| Untracked 
| 200|0x000000008c800000, 0x000000008c800000, 0x000000008c900000|  0%| F|  |TAMS 0x000000008c800000, 0x000000008c800000| Untracked 
| 201|0x000000008c900000, 0x000000008c900000, 0x000000008ca00000|  0%| F|  |TAMS 0x000000008c900000, 0x000000008c900000| Untracked 
| 202|0x000000008ca00000, 0x000000008ca00000, 0x000000008cb00000|  0%| F|  |TAMS 0x000000008ca00000, 0x000000008ca00000| Untracked 
| 203|0x000000008cb00000, 0x000000008cb00000, 0x000000008cc00000|  0%| F|  |TAMS 0x000000008cb00000, 0x000000008cb00000| Untracked 
| 204|0x000000008cc00000, 0x000000008cc00000, 0x000000008cd00000|  0%| F|  |TAMS 0x000000008cc00000, 0x000000008cc00000| Untracked 
| 205|0x000000008cd00000, 0x000000008cd00000, 0x000000008ce00000|  0%| F|  |TAMS 0x000000008cd00000, 0x000000008cd00000| Untracked 
| 206|0x000000008ce00000, 0x000000008ce00000, 0x000000008cf00000|  0%| F|  |TAMS 0x000000008ce00000, 0x000000008ce00000| Untracked 
| 207|0x000000008cf00000, 0x000000008cf00000, 0x000000008d000000|  0%| F|  |TAMS 0x000000008cf00000, 0x000000008cf00000| Untracked 
| 208|0x000000008d000000, 0x000000008d000000, 0x000000008d100000|  0%| F|  |TAMS 0x000000008d000000, 0x000000008d000000| Untracked 
| 209|0x000000008d100000, 0x000000008d100000, 0x000000008d200000|  0%| F|  |TAMS 0x000000008d100000, 0x000000008d100000| Untracked 
| 210|0x000000008d200000, 0x000000008d200000, 0x000000008d300000|  0%| F|  |TAMS 0x000000008d200000, 0x000000008d200000| Untracked 
| 211|0x000000008d300000, 0x000000008d300000, 0x000000008d400000|  0%| F|  |TAMS 0x000000008d300000, 0x000000008d300000| Untracked 
| 212|0x000000008d400000, 0x000000008d400000, 0x000000008d500000|  0%| F|  |TAMS 0x000000008d400000, 0x000000008d400000| Untracked 
| 213|0x000000008d500000, 0x000000008d500000, 0x000000008d600000|  0%| F|  |TAMS 0x000000008d500000, 0x000000008d500000| Untracked 
| 214|0x000000008d600000, 0x000000008d600000, 0x000000008d700000|  0%| F|  |TAMS 0x000000008d600000, 0x000000008d600000| Untracked 
| 215|0x000000008d700000, 0x000000008d700000, 0x000000008d800000|  0%| F|  |TAMS 0x000000008d700000, 0x000000008d700000| Untracked 
| 216|0x000000008d800000, 0x000000008d800000, 0x000000008d900000|  0%| F|  |TAMS 0x000000008d800000, 0x000000008d800000| Untracked 
| 217|0x000000008d900000, 0x000000008d900000, 0x000000008da00000|  0%| F|  |TAMS 0x000000008d900000, 0x000000008d900000| Untracked 
| 218|0x000000008da00000, 0x000000008da00000, 0x000000008db00000|  0%| F|  |TAMS 0x000000008da00000, 0x000000008da00000| Untracked 
| 219|0x000000008db00000, 0x000000008db00000, 0x000000008dc00000|  0%| F|  |TAMS 0x000000008db00000, 0x000000008db00000| Untracked 
| 220|0x000000008dc00000, 0x000000008dc00000, 0x000000008dd00000|  0%| F|  |TAMS 0x000000008dc00000, 0x000000008dc00000| Untracked 
| 221|0x000000008dd00000, 0x000000008dd00000, 0x000000008de00000|  0%| F|  |TAMS 0x000000008dd00000, 0x000000008dd00000| Untracked 
| 222|0x000000008de00000, 0x000000008de00000, 0x000000008df00000|  0%| F|  |TAMS 0x000000008de00000, 0x000000008de00000| Untracked 
| 223|0x000000008df00000, 0x000000008df00000, 0x000000008e000000|  0%| F|  |TAMS 0x000000008df00000, 0x000000008df00000| Untracked 
| 224|0x000000008e000000, 0x000000008e000000, 0x000000008e100000|  0%| F|  |TAMS 0x000000008e000000, 0x000000008e000000| Untracked 
| 225|0x000000008e100000, 0x000000008e100000, 0x000000008e200000|  0%| F|  |TAMS 0x000000008e100000, 0x000000008e100000| Untracked 
| 226|0x000000008e200000, 0x000000008e200000, 0x000000008e300000|  0%| F|  |TAMS 0x000000008e200000, 0x000000008e200000| Untracked 
| 227|0x000000008e300000, 0x000000008e300000, 0x000000008e400000|  0%| F|  |TAMS 0x000000008e300000, 0x000000008e300000| Untracked 
| 228|0x000000008e400000, 0x000000008e400000, 0x000000008e500000|  0%| F|  |TAMS 0x000000008e400000, 0x000000008e400000| Untracked 
| 229|0x000000008e500000, 0x000000008e500000, 0x000000008e600000|  0%| F|  |TAMS 0x000000008e500000, 0x000000008e500000| Untracked 
| 230|0x000000008e600000, 0x000000008e600000, 0x000000008e700000|  0%| F|  |TAMS 0x000000008e600000, 0x000000008e600000| Untracked 
| 231|0x000000008e700000, 0x000000008e700000, 0x000000008e800000|  0%| F|  |TAMS 0x000000008e700000, 0x000000008e700000| Untracked 
| 232|0x000000008e800000, 0x000000008e800000, 0x000000008e900000|  0%| F|  |TAMS 0x000000008e800000, 0x000000008e800000| Untracked 
| 233|0x000000008e900000, 0x000000008e900000, 0x000000008ea00000|  0%| F|  |TAMS 0x000000008e900000, 0x000000008e900000| Untracked 
| 234|0x000000008ea00000, 0x000000008ea00000, 0x000000008eb00000|  0%| F|  |TAMS 0x000000008ea00000, 0x000000008ea00000| Untracked 
| 235|0x000000008eb00000, 0x000000008eb00000, 0x000000008ec00000|  0%| F|  |TAMS 0x000000008eb00000, 0x000000008eb00000| Untracked 
| 236|0x000000008ec00000, 0x000000008ec00000, 0x000000008ed00000|  0%| F|  |TAMS 0x000000008ec00000, 0x000000008ec00000| Untracked 
| 237|0x000000008ed00000, 0x000000008ed00000, 0x000000008ee00000|  0%| F|  |TAMS 0x000000008ed00000, 0x000000008ed00000| Untracked 
| 238|0x000000008ee00000, 0x000000008ee00000, 0x000000008ef00000|  0%| F|  |TAMS 0x000000008ee00000, 0x000000008ee00000| Untracked 
| 239|0x000000008ef00000, 0x000000008ef00000, 0x000000008f000000|  0%| F|  |TAMS 0x000000008ef00000, 0x000000008ef00000| Untracked 
| 240|0x000000008f000000, 0x000000008f000000, 0x000000008f100000|  0%| F|  |TAMS 0x000000008f000000, 0x000000008f000000| Untracked 
| 241|0x000000008f100000, 0x000000008f100000, 0x000000008f200000|  0%| F|  |TAMS 0x000000008f100000, 0x000000008f100000| Untracked 
| 242|0x000000008f200000, 0x000000008f200000, 0x000000008f300000|  0%| F|  |TAMS 0x000000008f200000, 0x000000008f200000| Untracked 
| 243|0x000000008f300000, 0x000000008f300000, 0x000000008f400000|  0%| F|  |TAMS 0x000000008f300000, 0x000000008f300000| Untracked 
| 244|0x000000008f400000, 0x000000008f400000, 0x000000008f500000|  0%| F|  |TAMS 0x000000008f400000, 0x000000008f400000| Untracked 
| 245|0x000000008f500000, 0x000000008f500000, 0x000000008f600000|  0%| F|  |TAMS 0x000000008f500000, 0x000000008f500000| Untracked 
| 246|0x000000008f600000, 0x000000008f600000, 0x000000008f700000|  0%| F|  |TAMS 0x000000008f600000, 0x000000008f600000| Untracked 
| 247|0x000000008f700000, 0x000000008f700000, 0x000000008f800000|  0%| F|  |TAMS 0x000000008f700000, 0x000000008f700000| Untracked 
| 248|0x000000008f800000, 0x000000008f800000, 0x000000008f900000|  0%| F|  |TAMS 0x000000008f800000, 0x000000008f800000| Untracked 
| 249|0x000000008f900000, 0x000000008f980800, 0x000000008fa00000| 50%| E|  |TAMS 0x000000008f900000, 0x000000008f900000| Complete 
| 250|0x000000008fa00000, 0x000000008fb00000, 0x000000008fb00000|100%| E|CS|TAMS 0x000000008fa00000, 0x000000008fa00000| Complete 
| 251|0x000000008fb00000, 0x000000008fc00000, 0x000000008fc00000|100%| E|CS|TAMS 0x000000008fb00000, 0x000000008fb00000| Complete 
| 252|0x000000008fc00000, 0x000000008fd00000, 0x000000008fd00000|100%| E|CS|TAMS 0x000000008fc00000, 0x000000008fc00000| Complete 
| 253|0x000000008fd00000, 0x000000008fe00000, 0x000000008fe00000|100%| E|CS|TAMS 0x000000008fd00000, 0x000000008fd00000| Complete 
| 254|0x000000008fe00000, 0x000000008ff00000, 0x000000008ff00000|100%| E|CS|TAMS 0x000000008fe00000, 0x000000008fe00000| Complete 
| 255|0x000000008ff00000, 0x0000000090000000, 0x0000000090000000|100%| E|CS|TAMS 0x000000008ff00000, 0x000000008ff00000| Complete 
| 256|0x0000000090000000, 0x0000000090100000, 0x0000000090100000|100%| E|CS|TAMS 0x0000000090000000, 0x0000000090000000| Complete 
| 257|0x0000000090100000, 0x0000000090200000, 0x0000000090200000|100%| E|CS|TAMS 0x0000000090100000, 0x0000000090100000| Complete 
| 258|0x0000000090200000, 0x0000000090300000, 0x0000000090300000|100%| E|CS|TAMS 0x0000000090200000, 0x0000000090200000| Complete 
| 259|0x0000000090300000, 0x0000000090400000, 0x0000000090400000|100%| E|CS|TAMS 0x0000000090300000, 0x0000000090300000| Complete 
| 260|0x0000000090400000, 0x0000000090500000, 0x0000000090500000|100%| E|CS|TAMS 0x0000000090400000, 0x0000000090400000| Complete 
| 261|0x0000000090500000, 0x0000000090600000, 0x0000000090600000|100%| E|CS|TAMS 0x0000000090500000, 0x0000000090500000| Complete 
| 262|0x0000000090600000, 0x0000000090700000, 0x0000000090700000|100%| E|CS|TAMS 0x0000000090600000, 0x0000000090600000| Complete 
| 263|0x0000000090700000, 0x0000000090800000, 0x0000000090800000|100%| E|CS|TAMS 0x0000000090700000, 0x0000000090700000| Complete 
| 264|0x0000000090800000, 0x0000000090900000, 0x0000000090900000|100%| E|CS|TAMS 0x0000000090800000, 0x0000000090800000| Complete 
| 265|0x0000000090900000, 0x0000000090a00000, 0x0000000090a00000|100%| E|CS|TAMS 0x0000000090900000, 0x0000000090900000| Complete 
| 266|0x0000000090a00000, 0x0000000090b00000, 0x0000000090b00000|100%| E|CS|TAMS 0x0000000090a00000, 0x0000000090a00000| Complete 
| 267|0x0000000090b00000, 0x0000000090c00000, 0x0000000090c00000|100%| E|CS|TAMS 0x0000000090b00000, 0x0000000090b00000| Complete 
| 268|0x0000000090c00000, 0x0000000090d00000, 0x0000000090d00000|100%| E|CS|TAMS 0x0000000090c00000, 0x0000000090c00000| Complete 
| 269|0x0000000090d00000, 0x0000000090e00000, 0x0000000090e00000|100%| E|CS|TAMS 0x0000000090d00000, 0x0000000090d00000| Complete 
| 270|0x0000000090e00000, 0x0000000090f00000, 0x0000000090f00000|100%| E|CS|TAMS 0x0000000090e00000, 0x0000000090e00000| Complete 
| 271|0x0000000090f00000, 0x0000000091000000, 0x0000000091000000|100%| E|CS|TAMS 0x0000000090f00000, 0x0000000090f00000| Complete 
| 272|0x0000000091000000, 0x0000000091100000, 0x0000000091100000|100%| E|CS|TAMS 0x0000000091000000, 0x0000000091000000| Complete 
| 273|0x0000000091100000, 0x0000000091200000, 0x0000000091200000|100%| E|CS|TAMS 0x0000000091100000, 0x0000000091100000| Complete 
| 274|0x0000000091200000, 0x0000000091300000, 0x0000000091300000|100%| E|CS|TAMS 0x0000000091200000, 0x0000000091200000| Complete 
| 275|0x0000000091300000, 0x0000000091400000, 0x0000000091400000|100%| E|CS|TAMS 0x0000000091300000, 0x0000000091300000| Complete 
| 276|0x0000000091400000, 0x0000000091500000, 0x0000000091500000|100%| E|CS|TAMS 0x0000000091400000, 0x0000000091400000| Complete 
| 277|0x0000000091500000, 0x0000000091600000, 0x0000000091600000|100%| E|CS|TAMS 0x0000000091500000, 0x0000000091500000| Complete 
| 278|0x0000000091600000, 0x0000000091700000, 0x0000000091700000|100%| E|CS|TAMS 0x0000000091600000, 0x0000000091600000| Complete 
| 279|0x0000000091700000, 0x0000000091800000, 0x0000000091800000|100%| E|CS|TAMS 0x0000000091700000, 0x0000000091700000| Complete 
| 280|0x0000000091800000, 0x0000000091900000, 0x0000000091900000|100%| E|CS|TAMS 0x0000000091800000, 0x0000000091800000| Complete 
| 281|0x0000000091900000, 0x0000000091a00000, 0x0000000091a00000|100%| E|CS|TAMS 0x0000000091900000, 0x0000000091900000| Complete 
| 282|0x0000000091a00000, 0x0000000091b00000, 0x0000000091b00000|100%| E|CS|TAMS 0x0000000091a00000, 0x0000000091a00000| Complete 
| 283|0x0000000091b00000, 0x0000000091c00000, 0x0000000091c00000|100%| E|CS|TAMS 0x0000000091b00000, 0x0000000091b00000| Complete 
| 284|0x0000000091c00000, 0x0000000091d00000, 0x0000000091d00000|100%| E|CS|TAMS 0x0000000091c00000, 0x0000000091c00000| Complete 
| 285|0x0000000091d00000, 0x0000000091e00000, 0x0000000091e00000|100%| E|CS|TAMS 0x0000000091d00000, 0x0000000091d00000| Complete 
| 286|0x0000000091e00000, 0x0000000091f00000, 0x0000000091f00000|100%| E|CS|TAMS 0x0000000091e00000, 0x0000000091e00000| Complete 
| 287|0x0000000091f00000, 0x0000000092000000, 0x0000000092000000|100%| E|CS|TAMS 0x0000000091f00000, 0x0000000091f00000| Complete 
| 288|0x0000000092000000, 0x0000000092100000, 0x0000000092100000|100%| E|CS|TAMS 0x0000000092000000, 0x0000000092000000| Complete 
| 289|0x0000000092100000, 0x0000000092200000, 0x0000000092200000|100%| E|CS|TAMS 0x0000000092100000, 0x0000000092100000| Complete 
| 290|0x0000000092200000, 0x0000000092300000, 0x0000000092300000|100%| E|CS|TAMS 0x0000000092200000, 0x0000000092200000| Complete 
| 291|0x0000000092300000, 0x0000000092400000, 0x0000000092400000|100%| E|CS|TAMS 0x0000000092300000, 0x0000000092300000| Complete 
| 292|0x0000000092400000, 0x0000000092500000, 0x0000000092500000|100%| E|CS|TAMS 0x0000000092400000, 0x0000000092400000| Complete 
| 293|0x0000000092500000, 0x0000000092600000, 0x0000000092600000|100%| E|CS|TAMS 0x0000000092500000, 0x0000000092500000| Complete 
| 294|0x0000000092600000, 0x0000000092700000, 0x0000000092700000|100%| E|CS|TAMS 0x0000000092600000, 0x0000000092600000| Complete 
| 295|0x0000000092700000, 0x0000000092800000, 0x0000000092800000|100%| E|CS|TAMS 0x0000000092700000, 0x0000000092700000| Complete 
| 296|0x0000000092800000, 0x0000000092900000, 0x0000000092900000|100%| E|CS|TAMS 0x0000000092800000, 0x0000000092800000| Complete 
| 297|0x0000000092900000, 0x0000000092a00000, 0x0000000092a00000|100%| E|CS|TAMS 0x0000000092900000, 0x0000000092900000| Complete 
| 298|0x0000000092a00000, 0x0000000092b00000, 0x0000000092b00000|100%| E|CS|TAMS 0x0000000092a00000, 0x0000000092a00000| Complete 
| 299|0x0000000092b00000, 0x0000000092c00000, 0x0000000092c00000|100%| E|CS|TAMS 0x0000000092b00000, 0x0000000092b00000| Complete 
| 300|0x0000000092c00000, 0x0000000092d00000, 0x0000000092d00000|100%| E|CS|TAMS 0x0000000092c00000, 0x0000000092c00000| Complete 
| 301|0x0000000092d00000, 0x0000000092e00000, 0x0000000092e00000|100%| E|CS|TAMS 0x0000000092d00000, 0x0000000092d00000| Complete 
| 302|0x0000000092e00000, 0x0000000092f00000, 0x0000000092f00000|100%| E|CS|TAMS 0x0000000092e00000, 0x0000000092e00000| Complete 
| 303|0x0000000092f00000, 0x0000000093000000, 0x0000000093000000|100%| E|CS|TAMS 0x0000000092f00000, 0x0000000092f00000| Complete 
| 304|0x0000000093000000, 0x0000000093100000, 0x0000000093100000|100%| E|CS|TAMS 0x0000000093000000, 0x0000000093000000| Complete 
| 305|0x0000000093100000, 0x0000000093200000, 0x0000000093200000|100%| E|CS|TAMS 0x0000000093100000, 0x0000000093100000| Complete 
| 306|0x0000000093200000, 0x0000000093300000, 0x0000000093300000|100%| E|CS|TAMS 0x0000000093200000, 0x0000000093200000| Complete 
| 307|0x0000000093300000, 0x0000000093400000, 0x0000000093400000|100%| E|CS|TAMS 0x0000000093300000, 0x0000000093300000| Complete 
| 308|0x0000000093400000, 0x0000000093500000, 0x0000000093500000|100%| E|CS|TAMS 0x0000000093400000, 0x0000000093400000| Complete 
| 309|0x0000000093500000, 0x0000000093600000, 0x0000000093600000|100%| E|CS|TAMS 0x0000000093500000, 0x0000000093500000| Complete 
| 310|0x0000000093600000, 0x0000000093700000, 0x0000000093700000|100%| E|CS|TAMS 0x0000000093600000, 0x0000000093600000| Complete 
| 311|0x0000000093700000, 0x0000000093800000, 0x0000000093800000|100%| E|CS|TAMS 0x0000000093700000, 0x0000000093700000| Complete 
| 312|0x0000000093800000, 0x0000000093900000, 0x0000000093900000|100%| E|CS|TAMS 0x0000000093800000, 0x0000000093800000| Complete 
| 313|0x0000000093900000, 0x0000000093a00000, 0x0000000093a00000|100%| E|CS|TAMS 0x0000000093900000, 0x0000000093900000| Complete 
| 314|0x0000000093a00000, 0x0000000093b00000, 0x0000000093b00000|100%| E|CS|TAMS 0x0000000093a00000, 0x0000000093a00000| Complete 
| 315|0x0000000093b00000, 0x0000000093c00000, 0x0000000093c00000|100%| E|CS|TAMS 0x0000000093b00000, 0x0000000093b00000| Complete 
| 316|0x0000000093c00000, 0x0000000093d00000, 0x0000000093d00000|100%| E|CS|TAMS 0x0000000093c00000, 0x0000000093c00000| Complete 
| 317|0x0000000093d00000, 0x0000000093e00000, 0x0000000093e00000|100%| E|CS|TAMS 0x0000000093d00000, 0x0000000093d00000| Complete 
| 318|0x0000000093e00000, 0x0000000093f00000, 0x0000000093f00000|100%| E|CS|TAMS 0x0000000093e00000, 0x0000000093e00000| Complete 
| 319|0x0000000093f00000, 0x0000000094000000, 0x0000000094000000|100%| E|CS|TAMS 0x0000000093f00000, 0x0000000093f00000| Complete 
| 320|0x0000000094000000, 0x0000000094100000, 0x0000000094100000|100%| E|CS|TAMS 0x0000000094000000, 0x0000000094000000| Complete 
| 321|0x0000000094100000, 0x0000000094200000, 0x0000000094200000|100%| E|CS|TAMS 0x0000000094100000, 0x0000000094100000| Complete 
| 322|0x0000000094200000, 0x0000000094300000, 0x0000000094300000|100%| E|CS|TAMS 0x0000000094200000, 0x0000000094200000| Complete 
| 323|0x0000000094300000, 0x0000000094400000, 0x0000000094400000|100%| E|CS|TAMS 0x0000000094300000, 0x0000000094300000| Complete 
| 324|0x0000000094400000, 0x0000000094500000, 0x0000000094500000|100%| E|CS|TAMS 0x0000000094400000, 0x0000000094400000| Complete 
| 325|0x0000000094500000, 0x0000000094600000, 0x0000000094600000|100%| E|CS|TAMS 0x0000000094500000, 0x0000000094500000| Complete 
| 326|0x0000000094600000, 0x0000000094700000, 0x0000000094700000|100%| E|CS|TAMS 0x0000000094600000, 0x0000000094600000| Complete 
| 327|0x0000000094700000, 0x0000000094800000, 0x0000000094800000|100%| E|CS|TAMS 0x0000000094700000, 0x0000000094700000| Complete 
| 328|0x0000000094800000, 0x0000000094900000, 0x0000000094900000|100%| E|CS|TAMS 0x0000000094800000, 0x0000000094800000| Complete 
| 329|0x0000000094900000, 0x0000000094a00000, 0x0000000094a00000|100%| E|CS|TAMS 0x0000000094900000, 0x0000000094900000| Complete 
| 330|0x0000000094a00000, 0x0000000094b00000, 0x0000000094b00000|100%| E|CS|TAMS 0x0000000094a00000, 0x0000000094a00000| Complete 
| 331|0x0000000094b00000, 0x0000000094c00000, 0x0000000094c00000|100%| E|CS|TAMS 0x0000000094b00000, 0x0000000094b00000| Complete 
| 332|0x0000000094c00000, 0x0000000094d00000, 0x0000000094d00000|100%| E|CS|TAMS 0x0000000094c00000, 0x0000000094c00000| Complete 
| 333|0x0000000094d00000, 0x0000000094e00000, 0x0000000094e00000|100%| E|CS|TAMS 0x0000000094d00000, 0x0000000094d00000| Complete 
| 334|0x0000000094e00000, 0x0000000094f00000, 0x0000000094f00000|100%| E|CS|TAMS 0x0000000094e00000, 0x0000000094e00000| Complete 
| 335|0x0000000094f00000, 0x0000000095000000, 0x0000000095000000|100%| E|CS|TAMS 0x0000000094f00000, 0x0000000094f00000| Complete 
| 336|0x0000000095000000, 0x0000000095100000, 0x0000000095100000|100%| E|CS|TAMS 0x0000000095000000, 0x0000000095000000| Complete 
| 337|0x0000000095100000, 0x0000000095200000, 0x0000000095200000|100%| E|CS|TAMS 0x0000000095100000, 0x0000000095100000| Complete 
| 338|0x0000000095200000, 0x0000000095300000, 0x0000000095300000|100%| E|CS|TAMS 0x0000000095200000, 0x0000000095200000| Complete 
| 339|0x0000000095300000, 0x0000000095400000, 0x0000000095400000|100%| E|CS|TAMS 0x0000000095300000, 0x0000000095300000| Complete 
| 340|0x0000000095400000, 0x0000000095500000, 0x0000000095500000|100%| E|CS|TAMS 0x0000000095400000, 0x0000000095400000| Complete 
| 341|0x0000000095500000, 0x0000000095600000, 0x0000000095600000|100%| E|CS|TAMS 0x0000000095500000, 0x0000000095500000| Complete 
| 342|0x0000000095600000, 0x0000000095700000, 0x0000000095700000|100%| E|CS|TAMS 0x0000000095600000, 0x0000000095600000| Complete 
| 343|0x0000000095700000, 0x0000000095800000, 0x0000000095800000|100%| E|CS|TAMS 0x0000000095700000, 0x0000000095700000| Complete 
| 344|0x0000000095800000, 0x0000000095900000, 0x0000000095900000|100%| E|CS|TAMS 0x0000000095800000, 0x0000000095800000| Complete 
| 345|0x0000000095900000, 0x0000000095a00000, 0x0000000095a00000|100%| E|CS|TAMS 0x0000000095900000, 0x0000000095900000| Complete 
| 346|0x0000000095a00000, 0x0000000095b00000, 0x0000000095b00000|100%| E|CS|TAMS 0x0000000095a00000, 0x0000000095a00000| Complete 
| 347|0x0000000095b00000, 0x0000000095c00000, 0x0000000095c00000|100%| E|CS|TAMS 0x0000000095b00000, 0x0000000095b00000| Complete 
| 348|0x0000000095c00000, 0x0000000095d00000, 0x0000000095d00000|100%| E|CS|TAMS 0x0000000095c00000, 0x0000000095c00000| Complete 
| 349|0x0000000095d00000, 0x0000000095e00000, 0x0000000095e00000|100%| E|CS|TAMS 0x0000000095d00000, 0x0000000095d00000| Complete 
| 350|0x0000000095e00000, 0x0000000095f00000, 0x0000000095f00000|100%| E|CS|TAMS 0x0000000095e00000, 0x0000000095e00000| Complete 
| 351|0x0000000095f00000, 0x0000000096000000, 0x0000000096000000|100%| E|CS|TAMS 0x0000000095f00000, 0x0000000095f00000| Complete 
| 352|0x0000000096000000, 0x0000000096100000, 0x0000000096100000|100%| E|CS|TAMS 0x0000000096000000, 0x0000000096000000| Complete 
| 353|0x0000000096100000, 0x0000000096200000, 0x0000000096200000|100%| E|CS|TAMS 0x0000000096100000, 0x0000000096100000| Complete 
| 354|0x0000000096200000, 0x0000000096300000, 0x0000000096300000|100%| E|CS|TAMS 0x0000000096200000, 0x0000000096200000| Complete 
| 355|0x0000000096300000, 0x0000000096400000, 0x0000000096400000|100%| E|CS|TAMS 0x0000000096300000, 0x0000000096300000| Complete 
| 356|0x0000000096400000, 0x0000000096500000, 0x0000000096500000|100%| E|CS|TAMS 0x0000000096400000, 0x0000000096400000| Complete 
| 357|0x0000000096500000, 0x0000000096600000, 0x0000000096600000|100%| E|CS|TAMS 0x0000000096500000, 0x0000000096500000| Complete 
| 358|0x0000000096600000, 0x0000000096700000, 0x0000000096700000|100%| E|CS|TAMS 0x0000000096600000, 0x0000000096600000| Complete 
| 359|0x0000000096700000, 0x0000000096800000, 0x0000000096800000|100%| E|CS|TAMS 0x0000000096700000, 0x0000000096700000| Complete 

Card table byte_map: [0x000001fb1b8f0000,0x000001fb1bcf0000] _byte_map_base: 0x000001fb1b4f0000

Marking Bits (Prev, Next): (CMBitMap*) 0x000001fb08a3ae00, (CMBitMap*) 0x000001fb08a3adc8
 Prev Bits: [0x000001fb1e0f0000, 0x000001fb200f0000)
 Next Bits: [0x000001fb1c0f0000, 0x000001fb1e0f0000)

Polling page: 0x000001fb06ba0000

Metaspace:

Usage:
  Non-class:     84.33 MB capacity,    82.75 MB ( 98%) used,     1.29 MB (  2%) free+waste,   307.00 KB ( <1%) overhead. 
      Class:     13.26 MB capacity,    12.34 MB ( 93%) used,   814.02 KB (  6%) free+waste,   136.13 KB (  1%) overhead. 
       Both:     97.60 MB capacity,    95.08 MB ( 97%) used,     2.08 MB (  2%) free+waste,   443.13 KB ( <1%) overhead. 

Virtual space:
  Non-class space:       86.00 MB reserved,      84.45 MB ( 98%) committed 
      Class space:        1.00 GB reserved,      13.38 MB (  1%) committed 
             Both:        1.08 GB reserved,      97.82 MB (  9%) committed 

Chunk freelists:
   Non-Class:  56.00 KB
       Class:  0 bytes
        Both:  56.00 KB

MaxMetaspaceSize: 17179869184.00 GB
CompressedClassSpaceSize: 1.00 GB

CodeHeap 'non-profiled nmethods': size=120064Kb used=9221Kb max_used=9221Kb free=110842Kb
 bounds [0x000001fb13fb0000, 0x000001fb148c0000, 0x000001fb1b4f0000]
CodeHeap 'profiled nmethods': size=120000Kb used=32455Kb max_used=32455Kb free=87544Kb
 bounds [0x000001fb0ca80000, 0x000001fb0ea40000, 0x000001fb13fb0000]
CodeHeap 'non-nmethods': size=5696Kb used=2299Kb max_used=2373Kb free=3396Kb
 bounds [0x000001fb0c4f0000, 0x000001fb0c760000, 0x000001fb0ca80000]
 total_blobs=15009 nmethods=14100 adapters=820
 compilation: enabled
              stopped_count=0, restarted_count=0
 full_count=0

Compilation events (20 events):
Event: 47.596 Thread 0x000001fb225e8000 14375       2       java.util.TimSort::mergeForceCollapse (50 bytes)
Event: 47.597 Thread 0x000001fb225e8000 nmethod 14375 0x000001fb0ea22390 code [0x000001fb0ea22560, 0x000001fb0ea22748]
Event: 47.609 Thread 0x000001fb225e8000 14376       2       com.android.tools.r8.references.ArrayReference::<init> (41 bytes)
Event: 47.609 Thread 0x000001fb225e8000 nmethod 14376 0x000001fb0ea22890 code [0x000001fb0ea22a40, 0x000001fb0ea22bd8]
Event: 47.698 Thread 0x000001fb26b5b000 nmethod 14319 0x000001fb14894e10 code [0x000001fb14895600, 0x000001fb1489df30]
Event: 47.699 Thread 0x000001fb26b5b000 14347       4       com.android.tools.r8.graph.H::a (1035 bytes)
Event: 47.752 Thread 0x000001fb225e8000 14378       2       com.android.tools.r8.references.ArrayReference::a (75 bytes)
Event: 47.753 Thread 0x000001fb225e8000 nmethod 14378 0x000001fb0ea22c90 code [0x000001fb0ea22f20, 0x000001fb0ea237b8]
Event: 47.818 Thread 0x000001fb225e8000 14380       2       com.android.tools.r8.internal.ID::a (11 bytes)
Event: 47.819 Thread 0x000001fb225e8000 nmethod 14380 0x000001fb0ea23d10 code [0x000001fb0ea23ec0, 0x000001fb0ea24018]
Event: 47.864 Thread 0x000001fb225e8000 14381       2       com.android.tools.r8.internal.Le::a (84 bytes)
Event: 47.865 Thread 0x000001fb225e8000 nmethod 14381 0x000001fb0ea24190 code [0x000001fb0ea243a0, 0x000001fb0ea246e8]
Event: 48.060 Thread 0x000001fb225e0800 nmethod 14341 0x000001fb148a2a10 code [0x000001fb148a3380, 0x000001fb148ab750]
Event: 48.061 Thread 0x000001fb225e0800 14208       4       com.android.tools.r8.ir.regalloc.a::a (1824 bytes)
Event: 48.081 Thread 0x000001fb225e8000 14384 %     3       com.android.tools.r8.ir.conversion.k::a @ 302 (388 bytes)
Event: 48.087 Thread 0x000001fb225e8000 nmethod 14384% 0x000001fb0ea24910 code [0x000001fb0ea24f40, 0x000001fb0ea28538]
Event: 48.087 Thread 0x000001fb225e8000 14385       3       com.android.tools.r8.ir.conversion.k::a (388 bytes)
Event: 48.092 Thread 0x000001fb225e8000 nmethod 14385 0x000001fb0ea29690 code [0x000001fb0ea29cc0, 0x000001fb0ea2d0c8]
Event: 48.243 Thread 0x000001fb225e8000 14388       2       com.android.tools.r8.internal.ja::b (66 bytes)
Event: 48.244 Thread 0x000001fb225e8000 nmethod 14388 0x000001fb0ea2e210 code [0x000001fb0ea2e440, 0x000001fb0ea2e7f8]

GC Heap History (20 events):
Event: 39.427 GC heap before
{Heap before GC invocations=39 (full 0):
 garbage-first heap   total 212992K, used 176907K [0x0000000080000000, 0x0000000100000000)
  region size 1024K, 73 young (74752K), 5 survivors (5120K)
 Metaspace       used 95567K, capacity 97964K, committed 98380K, reserved 1134592K
  class space    used 12398K, capacity 13283K, committed 13440K, reserved 1048576K
}
Event: 39.438 GC heap after
{Heap after GC invocations=40 (full 0):
 garbage-first heap   total 212992K, used 107053K [0x0000000080000000, 0x0000000100000000)
  region size 1024K, 4 young (4096K), 4 survivors (4096K)
 Metaspace       used 95567K, capacity 97964K, committed 98380K, reserved 1134592K
  class space    used 12398K, capacity 13283K, committed 13440K, reserved 1048576K
}
Event: 39.995 GC heap before
{Heap before GC invocations=40 (full 0):
 garbage-first heap   total 212992K, used 177709K [0x0000000080000000, 0x0000000100000000)
  region size 1024K, 73 young (74752K), 4 survivors (4096K)
 Metaspace       used 95602K, capacity 98045K, committed 98380K, reserved 1134592K
  class space    used 12403K, capacity 13288K, committed 13440K, reserved 1048576K
}
Event: 40.009 GC heap after
{Heap after GC invocations=41 (full 0):
 garbage-first heap   total 256000K, used 108148K [0x0000000080000000, 0x0000000100000000)
  region size 1024K, 5 young (5120K), 5 survivors (5120K)
 Metaspace       used 95602K, capacity 98045K, committed 98380K, reserved 1134592K
  class space    used 12403K, capacity 13288K, committed 13440K, reserved 1048576K
}
Event: 40.955 GC heap before
{Heap before GC invocations=42 (full 0):
 garbage-first heap   total 256000K, used 199284K [0x0000000080000000, 0x0000000100000000)
  region size 1024K, 94 young (96256K), 5 survivors (5120K)
 Metaspace       used 95637K, capacity 98049K, committed 98380K, reserved 1134592K
  class space    used 12404K, capacity 13289K, committed 13440K, reserved 1048576K
}
Event: 40.969 GC heap after
{Heap after GC invocations=43 (full 0):
 garbage-first heap   total 256000K, used 108012K [0x0000000080000000, 0x0000000100000000)
  region size 1024K, 5 young (5120K), 5 survivors (5120K)
 Metaspace       used 95637K, capacity 98049K, committed 98380K, reserved 1134592K
  class space    used 12404K, capacity 13289K, committed 13440K, reserved 1048576K
}
Event: 41.715 GC heap before
{Heap before GC invocations=43 (full 0):
 garbage-first heap   total 256000K, used 208364K [0x0000000080000000, 0x0000000100000000)
  region size 1024K, 103 young (105472K), 5 survivors (5120K)
 Metaspace       used 95658K, capacity 98049K, committed 98380K, reserved 1134592K
  class space    used 12410K, capacity 13289K, committed 13440K, reserved 1048576K
}
Event: 41.729 GC heap after
{Heap after GC invocations=44 (full 0):
 garbage-first heap   total 256000K, used 109053K [0x0000000080000000, 0x0000000100000000)
  region size 1024K, 6 young (6144K), 6 survivors (6144K)
 Metaspace       used 95658K, capacity 98049K, committed 98380K, reserved 1134592K
  class space    used 12410K, capacity 13289K, committed 13440K, reserved 1048576K
}
Event: 42.413 GC heap before
{Heap before GC invocations=44 (full 0):
 garbage-first heap   total 256000K, used 212477K [0x0000000080000000, 0x0000000100000000)
  region size 1024K, 107 young (109568K), 6 survivors (6144K)
 Metaspace       used 95678K, capacity 98113K, committed 98380K, reserved 1134592K
  class space    used 12410K, capacity 13289K, committed 13440K, reserved 1048576K
}
Event: 42.428 GC heap after
{Heap after GC invocations=45 (full 0):
 garbage-first heap   total 256000K, used 109963K [0x0000000080000000, 0x0000000100000000)
  region size 1024K, 7 young (7168K), 7 survivors (7168K)
 Metaspace       used 95678K, capacity 98113K, committed 98380K, reserved 1134592K
  class space    used 12410K, capacity 13289K, committed 13440K, reserved 1048576K
}
Event: 43.109 GC heap before
{Heap before GC invocations=45 (full 0):
 garbage-first heap   total 256000K, used 215435K [0x0000000080000000, 0x0000000100000000)
  region size 1024K, 110 young (112640K), 7 survivors (7168K)
 Metaspace       used 96323K, capacity 98818K, committed 98892K, reserved 1134592K
  class space    used 12504K, capacity 13417K, committed 13440K, reserved 1048576K
}
Event: 43.131 GC heap after
{Heap after GC invocations=46 (full 0):
 garbage-first heap   total 307200K, used 111074K [0x0000000080000000, 0x0000000100000000)
  region size 1024K, 8 young (8192K), 8 survivors (8192K)
 Metaspace       used 96323K, capacity 98818K, committed 98892K, reserved 1134592K
  class space    used 12504K, capacity 13417K, committed 13440K, reserved 1048576K
}
Event: 44.631 GC heap before
{Heap before GC invocations=46 (full 0):
 garbage-first heap   total 307200K, used 263650K [0x0000000080000000, 0x0000000100000000)
  region size 1024K, 156 young (159744K), 8 survivors (8192K)
 Metaspace       used 97283K, capacity 99865K, committed 100172K, reserved 1136640K
  class space    used 12630K, capacity 13581K, committed 13696K, reserved 1048576K
}
Event: 44.651 GC heap after
{Heap after GC invocations=47 (full 0):
 garbage-first heap   total 307200K, used 111826K [0x0000000080000000, 0x0000000100000000)
  region size 1024K, 9 young (9216K), 9 survivors (9216K)
 Metaspace       used 97283K, capacity 99865K, committed 100172K, reserved 1136640K
  class space    used 12630K, capacity 13581K, committed 13696K, reserved 1048576K
}
Event: 45.583 GC heap before
{Heap before GC invocations=47 (full 0):
 garbage-first heap   total 307200K, used 263378K [0x0000000080000000, 0x0000000100000000)
  region size 1024K, 157 young (160768K), 9 survivors (9216K)
 Metaspace       used 97307K, capacity 99868K, committed 100172K, reserved 1136640K
  class space    used 12630K, capacity 13581K, committed 13696K, reserved 1048576K
}
Event: 45.604 GC heap after
{Heap after GC invocations=48 (full 0):
 garbage-first heap   total 307200K, used 113479K [0x0000000080000000, 0x0000000100000000)
  region size 1024K, 10 young (10240K), 10 survivors (10240K)
 Metaspace       used 97307K, capacity 99868K, committed 100172K, reserved 1136640K
  class space    used 12630K, capacity 13581K, committed 13696K, reserved 1048576K
}
Event: 46.557 GC heap before
{Heap before GC invocations=48 (full 0):
 garbage-first heap   total 307200K, used 264007K [0x0000000080000000, 0x0000000100000000)
  region size 1024K, 157 young (160768K), 10 survivors (10240K)
 Metaspace       used 97346K, capacity 99935K, committed 100172K, reserved 1136640K
  class space    used 12630K, capacity 13581K, committed 13696K, reserved 1048576K
}
Event: 46.579 GC heap after
{Heap after GC invocations=49 (full 0):
 garbage-first heap   total 307200K, used 114377K [0x0000000080000000, 0x0000000100000000)
  region size 1024K, 11 young (11264K), 11 survivors (11264K)
 Metaspace       used 97346K, capacity 99935K, committed 100172K, reserved 1136640K
  class space    used 12630K, capacity 13581K, committed 13696K, reserved 1048576K
}
Event: 47.533 GC heap before
{Heap before GC invocations=49 (full 0):
 garbage-first heap   total 307200K, used 263881K [0x0000000080000000, 0x0000000100000000)
  region size 1024K, 157 young (160768K), 11 survivors (11264K)
 Metaspace       used 97356K, capacity 99938K, committed 100172K, reserved 1136640K
  class space    used 12630K, capacity 13582K, committed 13696K, reserved 1048576K
}
Event: 47.569 GC heap after
{Heap after GC invocations=50 (full 0):
 garbage-first heap   total 368640K, used 117152K [0x0000000080000000, 0x0000000100000000)
  region size 1024K, 13 young (13312K), 13 survivors (13312K)
 Metaspace       used 97356K, capacity 99938K, committed 100172K, reserved 1136640K
  class space    used 12630K, capacity 13582K, committed 13696K, reserved 1048576K
}

Deoptimization events (20 events):
Event: 47.313 Thread 0x000001fb26b5d800 DEOPT PACKING pc=0x000001fb0e3cb8c3 sp=0x0000009fe15f91b0
Event: 47.314 Thread 0x000001fb26b5d800 DEOPT UNPACKING pc=0x000001fb0c5171ce sp=0x0000009fe15f8960 mode 0
Event: 47.387 Thread 0x000001fb26b5d800 DEOPT PACKING pc=0x000001fb0e3cb8c3 sp=0x0000009fe15f91b0
Event: 47.387 Thread 0x000001fb26b5d800 DEOPT UNPACKING pc=0x000001fb0c5171ce sp=0x0000009fe15f8960 mode 0
Event: 47.576 Thread 0x000001fb2518f000 DEOPT PACKING pc=0x000001fb0e3cb8c3 sp=0x0000009fe1bf6040
Event: 47.577 Thread 0x000001fb2518f000 DEOPT UNPACKING pc=0x000001fb0c5171ce sp=0x0000009fe1bf57f0 mode 0
Event: 47.663 Thread 0x000001fb2518f000 DEOPT PACKING pc=0x000001fb0e3cb8c3 sp=0x0000009fe1bf6040
Event: 47.663 Thread 0x000001fb2518f000 DEOPT UNPACKING pc=0x000001fb0c5171ce sp=0x0000009fe1bf57f0 mode 0
Event: 47.670 Thread 0x000001fb26b5a000 DEOPT PACKING pc=0x000001fb0e05a083 sp=0x0000009fe13f9160
Event: 47.670 Thread 0x000001fb26b5a000 DEOPT UNPACKING pc=0x000001fb0c5171ce sp=0x0000009fe13f88f0 mode 0
Event: 47.904 Thread 0x000001fb26b5a000 DEOPT PACKING pc=0x000001fb0e3cb8c3 sp=0x0000009fe13f92c0
Event: 47.904 Thread 0x000001fb26b5a000 DEOPT UNPACKING pc=0x000001fb0c5171ce sp=0x0000009fe13f8a70 mode 0
Event: 47.920 Thread 0x000001fb26b5d800 DEOPT PACKING pc=0x000001fb0e059fff sp=0x0000009fe15f9050
Event: 47.920 Thread 0x000001fb26b5d800 DEOPT UNPACKING pc=0x000001fb0c5171ce sp=0x0000009fe15f87e0 mode 0
Event: 47.988 Thread 0x000001fb26b5d800 DEOPT PACKING pc=0x000001fb0e3cb8c3 sp=0x0000009fe15f91b0
Event: 47.988 Thread 0x000001fb26b5d800 DEOPT UNPACKING pc=0x000001fb0c5171ce sp=0x0000009fe15f8960 mode 0
Event: 48.093 Thread 0x000001fb2518f000 DEOPT PACKING pc=0x000001fb0e6f355e sp=0x0000009fe1bf6680
Event: 48.093 Thread 0x000001fb2518f000 DEOPT UNPACKING pc=0x000001fb0c5171ce sp=0x0000009fe1bf5c38 mode 0
Event: 48.139 Thread 0x000001fb26b5a000 DEOPT PACKING pc=0x000001fb0e3ca795 sp=0x0000009fe13f92c0
Event: 48.139 Thread 0x000001fb26b5a000 DEOPT UNPACKING pc=0x000001fb0c5171ce sp=0x0000009fe13f8a78 mode 0

Classes redefined (0 events):
No events

Internal exceptions (20 events):
Event: 30.914 Thread 0x000001fb26b5d800 Exception <a 'java/lang/NoSuchMethodError'{0x0000000089f363f0}: 'void java.lang.invoke.DirectMethodHandle$Holder.invokeVirtual(java.lang.Object, java.lang.Object, int, java.lang.Object)'> (0x0000000089f363f0) thrown at [./src/hotspot/share/interpreter/linkResolver.cpp, line 773]
Event: 31.104 Thread 0x000001fb26b5d800 Exception <a 'java/lang/NoSuchMethodError'{0x0000000089a7feb8}: 'java.lang.Object java.lang.invoke.DirectMethodHandle$Holder.newInvokeSpecial(java.lang.Object, int)'> (0x0000000089a7feb8) thrown at [./src/hotspot/share/interpreter/linkResolver.cpp, line 773]
Event: 31.104 Thread 0x000001fb26b5a000 Exception <a 'java/lang/NoSuchMethodError'{0x0000000089bfd8e8}: 'java.lang.Object java.lang.invoke.DirectMethodHandle$Holder.newInvokeSpecial(java.lang.Object, int)'> (0x0000000089bfd8e8) thrown at [./src/hotspot/share/interpreter/linkResolver.cpp, line 773]
Event: 31.104 Thread 0x000001fb2518f000 Exception <a 'java/lang/NoSuchMethodError'{0x0000000089901658}: 'java.lang.Object java.lang.invoke.DirectMethodHandle$Holder.newInvokeSpecial(java.lang.Object, int)'> (0x0000000089901658) thrown at [./src/hotspot/share/interpreter/linkResolver.cpp, line 773]
Event: 31.104 Thread 0x000001fb26b5b800 Exception <a 'java/lang/NoSuchMethodError'{0x0000000089a9f408}: 'java.lang.Object java.lang.invoke.DirectMethodHandle$Holder.newInvokeSpecial(java.lang.Object, int)'> (0x0000000089a9f408) thrown at [./src/hotspot/share/interpreter/linkResolver.cpp, line 773]
Event: 31.439 Thread 0x000001fb26b5d800 Exception <a 'java/lang/NoSuchMethodError'{0x0000000089231d80}: 'java.lang.Object java.lang.invoke.DirectMethodHandle$Holder.invokeInterface(java.lang.Object, java.lang.Object, int)'> (0x0000000089231d80) thrown at [./src/hotspot/share/interpreter/linkResolver.cpp, line 773]
Event: 33.781 Thread 0x000001fb26b5d800 Exception <a 'java/lang/NoSuchMethodError'{0x000000008b96c578}: 'int java.lang.invoke.DirectMethodHandle$Holder.invokeInterface(java.lang.Object, java.lang.Object, int)'> (0x000000008b96c578) thrown at [./src/hotspot/share/interpreter/linkResolver.cpp, line 773]
Event: 42.914 Thread 0x000001fb26b5b800 Exception <a 'java/lang/NoSuchMethodError'{0x000000008ad25d28}: 'void java.lang.invoke.DirectMethodHandle$Holder.invokeSpecial(java.lang.Object, java.lang.Object, int, java.lang.Object, java.lang.Object, java.lang.Object, java.lang.Object)'> (0x000000008ad25d28) thrown at [./src/hotspot/share/interpreter/linkResolver.cpp, line 773]
Event: 42.916 Thread 0x000001fb26b5b800 Exception <a 'java/lang/NoSuchMethodError'{0x000000008ad31928}: 'java.lang.Object java.lang.invoke.Invokers$Holder.linkToTargetMethod(java.lang.Object, int, java.lang.Object, java.lang.Object, java.lang.Object, java.lang.Object)'> (0x000000008ad31928) thrown at [./src/hotspot/share/interpreter/linkResolver.cpp, line 773]
Event: 42.917 Thread 0x000001fb26b5b800 Exception <a 'java/lang/NoSuchMethodError'{0x000000008ad35dd8}: 'void java.lang.invoke.DirectMethodHandle$Holder.invokeSpecial(java.lang.Object, java.lang.Object, java.lang.Object, java.lang.Object, java.lang.Object, java.lang.Object, java.lang.Object, java.lang.Object, java.lang.Object)'> (0x000000008ad35dd8) thrown at [./src/hotspot/share/interpreter/linkResolver.cpp, line 773]
Event: 42.952 Thread 0x000001fb26b5b800 Exception <a 'java/lang/NoSuchMethodError'{0x000000008ad508c8}: 'void java.lang.invoke.DirectMethodHandle$Holder.invokeStatic(java.lang.Object, java.lang.Object, java.lang.Object, java.lang.Object, java.lang.Object, java.lang.Object, java.lang.Object, java.lang.Object)'> (0x000000008ad508c8) thrown at [./src/hotspot/share/interpreter/linkResolver.cpp, line 773]
Event: 43.159 Thread 0x000001fb26b5a000 Implicit null exception at 0x000001fb147d9198 to 0x000001fb147d93a0
Event: 43.353 Thread 0x000001fb26b5b800 Exception <a 'java/lang/IncompatibleClassChangeError'{0x0000000091ca6e08}: Found class java.lang.Object, but interface was expected> (0x0000000091ca6e08) thrown at [./src/hotspot/share/interpreter/linkResolver.cpp, line 839]
Event: 43.902 Thread 0x000001fb26b5b800 Exception <a 'java/lang/NoSuchMethodError'{0x000000008e9097c0}: 'void java.lang.invoke.DirectMethodHandle$Holder.invokeVirtual(java.lang.Object, java.lang.Object, int)'> (0x000000008e9097c0) thrown at [./src/hotspot/share/interpreter/linkResolver.cpp, line 773]
Event: 44.126 Thread 0x000001fb26b5b800 Exception <a 'sun/nio/fs/WindowsException'{0x000000008da128f0}> (0x000000008da128f0) thrown at [./src/hotspot/share/prims/jni.cpp, line 615]
Event: 44.287 Thread 0x000001fb26b5a000 Implicit null exception at 0x000001fb147087db to 0x000001fb1470c154
Event: 44.329 Thread 0x000001fb26b5b800 Exception <a 'java/lang/NoSuchMethodError'{0x000000008cb33b68}: 'void java.lang.invoke.DirectMethodHandle$Holder.invokeStatic(java.lang.Object, java.lang.Object, java.lang.Object, java.lang.Object, java.lang.Object, java.lang.Object, java.lang.Object)'> (0x000000008cb33b68) thrown at [./src/hotspot/share/interpreter/linkResolver.cpp, line 773]
Event: 44.611 Thread 0x000001fb26b5b800 Exception <a 'sun/nio/fs/WindowsException'{0x0000000089a67f10}> (0x0000000089a67f10) thrown at [./src/hotspot/share/prims/jni.cpp, line 615]
Event: 45.734 Thread 0x000001fb26b5b800 Exception <a 'sun/nio/fs/WindowsException'{0x0000000091717f30}> (0x0000000091717f30) thrown at [./src/hotspot/share/prims/jni.cpp, line 615]
Event: 46.849 Thread 0x000001fb26b5d800 Implicit null exception at 0x000001fb1487e610 to 0x000001fb14883138

Events (20 events):
Event: 44.590 loading class com/android/tools/r8/internal/DE
Event: 44.590 loading class com/android/tools/r8/internal/DE done
Event: 44.590 loading class com/android/tools/r8/code/G0
Event: 44.590 loading class com/android/tools/r8/code/G0 done
Event: 44.590 loading class com/android/tools/r8/code/G0
Event: 44.590 loading class com/android/tools/r8/code/G0 done
Event: 44.591 loading class com/android/tools/r8/code/G0
Event: 44.591 loading class com/android/tools/r8/code/G0 done
Event: 44.630 Executing VM operation: G1CollectForAllocation
Event: 44.651 Executing VM operation: G1CollectForAllocation done
Event: 45.582 Executing VM operation: G1CollectForAllocation
Event: 45.604 Executing VM operation: G1CollectForAllocation done
Event: 45.768 Executing VM operation: RevokeBias
Event: 45.769 Executing VM operation: RevokeBias done
Event: 46.557 Executing VM operation: G1CollectForAllocation
Event: 46.579 Executing VM operation: G1CollectForAllocation done
Event: 47.533 Executing VM operation: G1CollectForAllocation
Event: 47.569 Executing VM operation: G1CollectForAllocation done
Event: 48.118 loading class com/android/tools/r8/internal/Z4
Event: 48.118 loading class com/android/tools/r8/internal/Z4 done


Dynamic libraries:
0x00007ff729090000 - 0x00007ff72909a000 	C:\Program Files\Android\Android Studio\jre\bin\java.exe
0x00007ffe3ba50000 - 0x00007ffe3bc46000 	C:\Windows\SYSTEM32\ntdll.dll
0x00007ffe3abe0000 - 0x00007ffe3ac9d000 	C:\Windows\System32\KERNEL32.DLL
0x00007ffe39750000 - 0x00007ffe39a19000 	C:\Windows\System32\KERNELBASE.dll
0x00007ffe39250000 - 0x00007ffe39350000 	C:\Windows\System32\ucrtbase.dll
0x00007ffe2b800000 - 0x00007ffe2b819000 	C:\Program Files\Android\Android Studio\jre\bin\jli.dll
0x00007ffe3b0f0000 - 0x00007ffe3b290000 	C:\Windows\System32\USER32.dll
0x00007ffe39720000 - 0x00007ffe39742000 	C:\Windows\System32\win32u.dll
0x00007ffe3af90000 - 0x00007ffe3afba000 	C:\Windows\System32\GDI32.dll
0x00007ffe394b0000 - 0x00007ffe395b9000 	C:\Windows\System32\gdi32full.dll
0x00007ffe39a50000 - 0x00007ffe39aed000 	C:\Windows\System32\msvcp_win.dll
0x00007ffe2b7e0000 - 0x00007ffe2b7f7000 	C:\Program Files\Android\Android Studio\jre\bin\VCRUNTIME140.dll
0x00007ffe1bef0000 - 0x00007ffe1c18b000 	C:\Windows\WinSxS\amd64_microsoft.windows.common-controls_6595b64144ccf1df_6.0.19041.488_none_ca04af081b815d21\COMCTL32.dll
0x00007ffe3b050000 - 0x00007ffe3b0ee000 	C:\Windows\System32\msvcrt.dll
0x00007ffe3a8a0000 - 0x00007ffe3a8d0000 	C:\Windows\System32\IMM32.DLL
0x00007ffe12f90000 - 0x00007ffe1302d000 	C:\Program Files\Android\Android Studio\jre\bin\msvcp140.dll
0x00007ffdeca00000 - 0x00007ffded4cf000 	C:\Program Files\Android\Android Studio\jre\bin\server\jvm.dll
0x00007ffe3b810000 - 0x00007ffe3b8bc000 	C:\Windows\System32\ADVAPI32.dll
0x00007ffe3b410000 - 0x00007ffe3b4ac000 	C:\Windows\System32\sechost.dll
0x00007ffe3aa90000 - 0x00007ffe3abbb000 	C:\Windows\System32\RPCRT4.dll
0x00007ffe3ad00000 - 0x00007ffe3ad08000 	C:\Windows\System32\PSAPI.DLL
0x00007ffe34f90000 - 0x00007ffe34f99000 	C:\Windows\SYSTEM32\WSOCK32.dll
0x00007ffe2e2b0000 - 0x00007ffe2e2d7000 	C:\Windows\SYSTEM32\WINMM.dll
0x00007ffe30c10000 - 0x00007ffe30c1a000 	C:\Windows\SYSTEM32\VERSION.dll
0x00007ffe3ad10000 - 0x00007ffe3ad7b000 	C:\Windows\System32\WS2_32.dll
0x00007ffe37040000 - 0x00007ffe37052000 	C:\Windows\SYSTEM32\kernel.appcore.dll
0x00007ffe32110000 - 0x00007ffe32121000 	C:\Program Files\Android\Android Studio\jre\bin\verify.dll
0x00007ffe337c0000 - 0x00007ffe339a4000 	C:\Windows\SYSTEM32\DBGHELP.DLL
0x00007ffe299e0000 - 0x00007ffe29a0c000 	C:\Windows\SYSTEM32\dbgcore.DLL
0x00007ffe391d0000 - 0x00007ffe39250000 	C:\Windows\System32\bcryptPrimitives.dll
0x00007ffe31fe0000 - 0x00007ffe32009000 	C:\Program Files\Android\Android Studio\jre\bin\java.dll
0x00007ffe34a40000 - 0x00007ffe34a4b000 	C:\Program Files\Android\Android Studio\jre\bin\jimage.dll
0x00007ffe31eb0000 - 0x00007ffe31ec8000 	C:\Program Files\Android\Android Studio\jre\bin\zip.dll
0x00007ffe39b60000 - 0x00007ffe3a2a2000 	C:\Windows\System32\SHELL32.dll
0x00007ffe37320000 - 0x00007ffe37ab5000 	C:\Windows\SYSTEM32\windows.storage.dll
0x00007ffe3b4b0000 - 0x00007ffe3b806000 	C:\Windows\System32\combase.dll
0x00007ffe38b70000 - 0x00007ffe38b9c000 	C:\Windows\SYSTEM32\Wldp.dll
0x00007ffe3b360000 - 0x00007ffe3b40e000 	C:\Windows\System32\SHCORE.dll
0x00007ffe39b00000 - 0x00007ffe39b55000 	C:\Windows\System32\shlwapi.dll
0x00007ffe39100000 - 0x00007ffe39126000 	C:\Windows\SYSTEM32\profapi.dll
0x00007ffe31420000 - 0x00007ffe3143a000 	C:\Program Files\Android\Android Studio\jre\bin\net.dll
0x00007ffe2f650000 - 0x00007ffe2f750000 	C:\Windows\SYSTEM32\WINHTTP.dll
0x00007ffe388f0000 - 0x00007ffe3895a000 	C:\Windows\system32\mswsock.dll
0x00007ffe2b910000 - 0x00007ffe2b924000 	C:\Program Files\Android\Android Studio\jre\bin\nio.dll
0x00007ffe2b850000 - 0x00007ffe2b877000 	C:\Users\Olexei\.gradle\native\8bec1ad78214c89d9ad589b4d07fe93259594b29d510b10fafb7a158f7737e5d\windows-amd64\native-platform.dll
0x00007ffe153f0000 - 0x00007ffe1552d000 	C:\Users\Olexei\.gradle\native\53dbd7edfb1c66fb8903c78663c9afc45aea4f116125fa6feffd364cf09443e8\windows-amd64\native-platform-file-events.dll
0x00007ffe341e0000 - 0x00007ffe341ea000 	C:\Program Files\Android\Android Studio\jre\bin\management.dll
0x00007ffe32240000 - 0x00007ffe3224c000 	C:\Program Files\Android\Android Studio\jre\bin\management_ext.dll
0x00007ffe38ac0000 - 0x00007ffe38ad8000 	C:\Windows\SYSTEM32\CRYPTSP.dll
0x00007ffe38280000 - 0x00007ffe382b4000 	C:\Windows\system32\rsaenh.dll
0x00007ffe39a20000 - 0x00007ffe39a47000 	C:\Windows\System32\bcrypt.dll
0x00007ffe390c0000 - 0x00007ffe390ee000 	C:\Windows\SYSTEM32\USERENV.dll
0x00007ffe38ae0000 - 0x00007ffe38aec000 	C:\Windows\SYSTEM32\CRYPTBASE.dll
0x00007ffe385e0000 - 0x00007ffe3861b000 	C:\Windows\SYSTEM32\IPHLPAPI.DLL
0x00007ffe39af0000 - 0x00007ffe39af8000 	C:\Windows\System32\NSI.dll
0x00007ffe31e90000 - 0x00007ffe31ea7000 	C:\Windows\SYSTEM32\dhcpcsvc6.DLL
0x00007ffe31df0000 - 0x00007ffe31e0d000 	C:\Windows\SYSTEM32\dhcpcsvc.DLL
0x00007ffe38630000 - 0x00007ffe386fb000 	C:\Windows\SYSTEM32\DNSAPI.dll

dbghelp: loaded successfully - version: 4.0.5 - missing functions: none
symbol engine: initialized successfully - sym options: 0x614 - pdb path: .;C:\Program Files\Android\Android Studio\jre\bin;C:\Windows\SYSTEM32;C:\Windows\WinSxS\amd64_microsoft.windows.common-controls_6595b64144ccf1df_6.0.19041.488_none_ca04af081b815d21;C:\Program Files\Android\Android Studio\jre\bin\server;C:\Users\Olexei\.gradle\native\8bec1ad78214c89d9ad589b4d07fe93259594b29d510b10fafb7a158f7737e5d\windows-amd64;C:\Users\Olexei\.gradle\native\53dbd7edfb1c66fb8903c78663c9afc45aea4f116125fa6feffd364cf09443e8\windows-amd64

VM Arguments:
jvm_args: --add-opens=java.base/java.util=ALL-UNNAMED --add-opens=java.base/java.lang=ALL-UNNAMED --add-opens=java.base/java.lang.invoke=ALL-UNNAMED --add-opens=java.base/java.util=ALL-UNNAMED --add-opens=java.prefs/java.util.prefs=ALL-UNNAMED --add-opens=java.prefs/java.util.prefs=ALL-UNNAMED --add-opens=java.base/java.nio.charset=ALL-UNNAMED --add-opens=java.base/java.net=ALL-UNNAMED --add-opens=java.base/java.util.concurrent.atomic=ALL-UNNAMED -Xmx2048m -Dfile.encoding=UTF-8 -Duser.country=US -Duser.language=en -Duser.variant 
java_command: org.gradle.launcher.daemon.bootstrap.GradleDaemon 7.0.2
java_class_path (initial): C:\Users\Olexei\.gradle\wrapper\dists\gradle-7.0.2-bin\857tjihv64xamwrf0h14cai3r\gradle-7.0.2\lib\gradle-launcher-7.0.2.jar
Launcher Type: SUN_STANDARD

[Global flags]
     intx CICompilerCount                          = 3                                         {product} {ergonomic}
     uint ConcGCThreads                            = 1                                         {product} {ergonomic}
     uint G1ConcRefinementThreads                  = 4                                         {product} {ergonomic}
   size_t G1HeapRegionSize                         = 1048576                                   {product} {ergonomic}
    uintx GCDrainStackTargetSize                   = 64                                        {product} {ergonomic}
   size_t InitialHeapSize                          = 125829120                                 {product} {ergonomic}
   size_t MarkStackSize                            = 4194304                                   {product} {ergonomic}
   size_t MaxHeapSize                              = 2147483648                                {product} {command line}
   size_t MaxNewSize                               = 1287651328                                {product} {ergonomic}
   size_t MinHeapDeltaBytes                        = 1048576                                   {product} {ergonomic}
    uintx NonNMethodCodeHeapSize                   = 5830732                                {pd product} {ergonomic}
    uintx NonProfiledCodeHeapSize                  = 122913754                              {pd product} {ergonomic}
    uintx ProfiledCodeHeapSize                     = 122913754                              {pd product} {ergonomic}
    uintx ReservedCodeCacheSize                    = 251658240                              {pd product} {ergonomic}
     bool SegmentedCodeCache                       = true                                      {product} {ergonomic}
     bool UseCompressedClassPointers               = true                                 {lp64_product} {ergonomic}
     bool UseCompressedOops                        = true                                 {lp64_product} {ergonomic}
     bool UseG1GC                                  = true                                      {product} {ergonomic}
     bool UseLargePagesIndividualAllocation        = false                                  {pd product} {ergonomic}

Logging:
Log output configuration:
 #0: stdout all=warning uptime,level,tags
 #1: stderr all=off uptime,level,tags

Environment Variables:
PATH=C:\Program Files\Common Files\Oracle\Java\javapath;C:\Windows\system32;C:\Windows;C:\Windows\System32\Wbem;C:\Windows\System32\WindowsPowerShell\v1.0\;C:\Program Files\Git\cmd;C:\Program Files (x86)\Microsoft SQL Server\150\Tools\Binn\;C:\Program Files\Microsoft SQL Server\150\Tools\Binn\;C:\Program Files (x86)\Microsoft SQL Server\150\DTS\Binn\;C:\Program Files\Microsoft SQL Server\150\DTS\Binn\;C:\Program Files\Microsoft SQL Server\Client SDK\ODBC\170\Tools\Binn\;C:\Program Files\Azure Data Studio\bin;C:\ProgramData\ComposerSetup\bin;C:\Program Files\Symfony;C:\Program Files\nodejs\;C:\Bitnami\wampstack-8.0.11-3\php;C:\Users\Olexei\AppData\Local\Microsoft\WindowsApps;;C:\Program Files\Azure Data Studio\bin;C:\Users\Olexei\AppData\Roaming\Composer\vendor\bin;C:\Users\Olexei\AppData\Roaming\npm
USERNAME=Olexei
OS=Windows_NT
PROCESSOR_IDENTIFIER=AMD64 Family 21 Model 101 Stepping 1, AuthenticAMD



---------------  S Y S T E M  ---------------

OS: Windows 10 , 64 bit Build 19041 (10.0.19041.662)
OS uptime: 6 days 9:47 hours

CPU:total 4 (initial active 4) (4 cores per cpu, 1 threads per core) family 21 model 101 stepping 1 microcode 0x0, cmov, cx8, fxsr, mmx, sse, sse2, sse3, ssse3, sse4.1, sse4.2, popcnt, avx, avx2, aes, clmul, mmxext, 3dnowpref, lzcnt, sse4a, tsc, tscinvbit, tscinv, bmi1, bmi2, fma

Memory: 4k page, system-wide physical 7647M (442M free)
TotalPageFile size 7647M (AvailPageFile size 30M)
current process WorkingSet (physical memory assigned to process): 689M, peak: 689M
current process commit charge ("private bytes"): 731M, peak: 735M

vm_info: OpenJDK 64-Bit Server VM (11.0.10+0-b96-7249189) for windows-amd64 JRE (11.0.10+0-b96-7249189), built on Mar 31 2021 21:44:00 by "builder" with MS VC++ 14.0 (VS2015)

END.
