#
# There is insufficient memory for the Java Runtime Environment to continue.
# Native memory allocation (mmap) failed to map 127926272 bytes for Failed to commit area from 0x0000000096800000 to 0x000000009e200000 of length 127926272.
# Possible reasons:
#   The system is out of physical RAM or swap space
#   The process is running with CompressedOops enabled, and the Java Heap may be blocking the growth of the native heap
# Possible solutions:
#   Reduce memory load on the system
#   Increase physical memory or swap space
#   Check if swap backing store is full
#   Decrease Java heap size (-Xmx/-Xms)
#   Decrease number of Java threads
#   Decrease Java thread stack sizes (-Xss)
#   Set larger code cache with -XX:ReservedCodeCacheSize=
#   JVM is running with Unscaled Compressed Oops mode in which the Java heap is
#     placed in the first 4GB address space. The Java Heap base address is the
#     maximum limit for the native heap growth. Please use -XX:HeapBaseMinAddress
#     to set the Java Heap base and to place the Java Heap above 4GB virtual address.
# This output file may be truncated or incomplete.
#
#  Out of Memory Error (./src/hotspot/os/windows/os_windows.cpp:3301), pid=10992, tid=6288
#
# JRE version: OpenJDK Runtime Environment (11.0.10) (build 11.0.10+0-b96-7249189)
# Java VM: OpenJDK 64-Bit Server VM (11.0.10+0-b96-7249189, mixed mode, tiered, compressed oops, g1 gc, windows-amd64)
# No core dump will be written. Minidumps are not enabled by default on client versions of Windows
#

---------------  S U M M A R Y ------------

Command Line: --add-opens=java.base/java.util=ALL-UNNAMED --add-opens=java.base/java.lang=ALL-UNNAMED --add-opens=java.base/java.lang.invoke=ALL-UNNAMED --add-opens=java.base/java.util=ALL-UNNAMED --add-opens=java.prefs/java.util.prefs=ALL-UNNAMED --add-opens=java.prefs/java.util.prefs=ALL-UNNAMED --add-opens=java.base/java.nio.charset=ALL-UNNAMED --add-opens=java.base/java.net=ALL-UNNAMED --add-opens=java.base/java.util.concurrent.atomic=ALL-UNNAMED -Xmx2048m -Dfile.encoding=UTF-8 -Duser.country=US -Duser.language=en -Duser.variant org.gradle.launcher.daemon.bootstrap.GradleDaemon 7.0.2

Host: AMD A10-9600P RADEON R5, 10 COMPUTE CORES 4C+6G, 4 cores, 7G,  Windows 10 , 64 bit Build 19041 (10.0.19041.662)
Time: Thu Nov 25 10:15:21 2021 E. Europe Standard Time elapsed time: 120.262512 seconds (0d 0h 2m 0s)

---------------  T H R E A D  ---------------

Current thread (0x00000201f92af000):  VMThread "VM Thread" [stack: 0x000000c27cc00000,0x000000c27cd00000] [id=6288]

Stack: [0x000000c27cc00000,0x000000c27cd00000]
[error occurred during error reporting (printing stack bounds), id 0xc0000005, EXCEPTION_ACCESS_VIOLATION (0xc0000005) at pc=0x0000020180000f2d]

Native frames: (J=compiled Java code, j=interpreted, Vv=VM code, C=native code)
V  [jvm.dll+0x5ecfaa]
V  [jvm.dll+0x722bd5]
V  [jvm.dll+0x72412d]
V  [jvm.dll+0x724745]
V  [jvm.dll+0x7246fb]
V  [jvm.dll+0x5ec348]
V  [jvm.dll+0x5ecad8]
C  [ntdll.dll+0xa130f]
C  [ntdll.dll+0x4b5e4]
C  [ntdll.dll+0x9fe3e]
C  0x0000020180000f2d

VM_Operation (0x000000c200ff94d0): G1CollectForAllocation, mode: safepoint, requested by thread 0x00000201fa065800


---------------  P R O C E S S  ---------------

Threads class SMR info:
_java_thread_list=0x00000201fbdfcf60, length=50, elements={
0x00000201edf27800, 0x00000201f92b5800, 0x00000201f92bf000, 0x00000201f9c24800,
0x00000201f9c26800, 0x00000201f9c29000, 0x00000201f9c2d000, 0x00000201f9c33800,
0x00000201f92cf800, 0x00000201f9d7e000, 0x00000201f9d83800, 0x00000201f9d84800,
0x00000201f9d7e800, 0x00000201f9d7f800, 0x00000201f9d82000, 0x00000201fa067000,
0x00000201fa064800, 0x00000201fa068000, 0x00000201fa063000, 0x00000201fa06c800,
0x00000201fa06e800, 0x00000201fa06c000, 0x00000201fa070000, 0x00000201fa06a800,
0x00000201fc385000, 0x00000201fc387000, 0x00000201fc381000, 0x00000201fc386000,
0x00000201fc382000, 0x00000201fc380800, 0x00000201fc382800, 0x00000201fc389000,
0x00000201fc383800, 0x00000201fc38a000, 0x00000201fc384800, 0x00000201fc38f000,
0x00000201fc38d800, 0x00000201fc38b800, 0x00000201fc38c800, 0x00000201fc38e000,
0x00000201fa065800, 0x00000201fa068800, 0x00000201fa063800, 0x00000201fa06b000,
0x00000201fa066000, 0x00000201fa06d800, 0x00000201fa071000, 0x00000201f9d81000,
0x00000201f9d83000, 0x00000201f9d80800
}

Java Threads: ( => current thread )
  0x00000201edf27800 JavaThread "main" [_thread_blocked, id=10728, stack(0x000000c27c600000,0x000000c27c700000)]
  0x00000201f92b5800 JavaThread "Reference Handler" daemon [_thread_blocked, id=2620, stack(0x000000c27cd00000,0x000000c27ce00000)]
  0x00000201f92bf000 JavaThread "Finalizer" daemon [_thread_blocked, id=6672, stack(0x000000c27ce00000,0x000000c27cf00000)]
  0x00000201f9c24800 JavaThread "Signal Dispatcher" daemon [_thread_blocked, id=11472, stack(0x000000c27cf00000,0x000000c27d000000)]
  0x00000201f9c26800 JavaThread "Attach Listener" daemon [_thread_blocked, id=4404, stack(0x000000c27d000000,0x000000c27d100000)]
  0x00000201f9c29000 JavaThread "Service Thread" daemon [_thread_blocked, id=9196, stack(0x000000c27d100000,0x000000c27d200000)]
  0x00000201f9c2d000 JavaThread "C2 CompilerThread0" daemon [_thread_blocked, id=1696, stack(0x000000c27d200000,0x000000c27d300000)]
  0x00000201f9c33800 JavaThread "C1 CompilerThread0" daemon [_thread_blocked, id=10764, stack(0x000000c27d300000,0x000000c27d400000)]
  0x00000201f92cf800 JavaThread "Sweeper thread" daemon [_thread_blocked, id=10048, stack(0x000000c27d400000,0x000000c27d500000)]
  0x00000201f9d7e000 JavaThread "Common-Cleaner" daemon [_thread_blocked, id=11616, stack(0x000000c27d500000,0x000000c27d600000)]
  0x00000201f9d83800 JavaThread "Daemon health stats" [_thread_blocked, id=2440, stack(0x000000c27d900000,0x000000c27da00000)]
  0x00000201f9d84800 JavaThread "Incoming local TCP Connector on port 56933" [_thread_in_native, id=4564, stack(0x000000c27d700000,0x000000c27d800000)]
  0x00000201f9d7e800 JavaThread "Daemon periodic checks" [_thread_blocked, id=6156, stack(0x000000c27da00000,0x000000c27db00000)]
  0x00000201f9d7f800 JavaThread "Daemon" [_thread_blocked, id=1660, stack(0x000000c27db00000,0x000000c27dc00000)]
  0x00000201f9d82000 JavaThread "Daemon worker" [_thread_blocked, id=11784, stack(0x000000c27de00000,0x000000c27df00000)]
  0x00000201fa067000 JavaThread "Cache worker for file hash cache (C:\Users\Olexei\.gradle\caches\7.0.2\fileHashes)" [_thread_blocked, id=7312, stack(0x000000c27e200000,0x000000c27e300000)]
  0x00000201fa064800 JavaThread "File lock request listener" [_thread_in_native, id=9888, stack(0x000000c27e300000,0x000000c27e400000)]
  0x00000201fa068000 JavaThread "Cache worker for journal cache (C:\Users\Olexei\.gradle\caches\journal-1)" [_thread_blocked, id=5904, stack(0x000000c27e600000,0x000000c27e700000)]
  0x00000201fa063000 JavaThread "File watcher server" daemon [_thread_blocked, id=8940, stack(0x000000c27e900000,0x000000c27ea00000)]
  0x00000201fa06c800 JavaThread "File watcher consumer" daemon [_thread_blocked, id=804, stack(0x000000c27ea00000,0x000000c27eb00000)]
  0x00000201fa06e800 JavaThread "Cache worker for execution history cache (C:\Users\Olexei\.gradle\caches\7.0.2\executionHistory)" [_thread_blocked, id=10280, stack(0x000000c27ee00000,0x000000c27ef00000)]
  0x00000201fa06c000 JavaThread "jar transforms" [_thread_blocked, id=7132, stack(0x000000c27ef00000,0x000000c27f000000)]
  0x00000201fa070000 JavaThread "jar transforms Thread 2" [_thread_blocked, id=5208, stack(0x000000c27f000000,0x000000c27f100000)]
  0x00000201fa06a800 JavaThread "Cache worker for file content cache (C:\Users\Olexei\.gradle\caches\7.0.2\fileContent)" [_thread_blocked, id=7412, stack(0x000000c27f100000,0x000000c27f200000)]
  0x00000201fc385000 JavaThread "jar transforms Thread 3" [_thread_blocked, id=1992, stack(0x000000c27f300000,0x000000c27f400000)]
  0x00000201fc387000 JavaThread "jar transforms Thread 4" [_thread_blocked, id=1580, stack(0x000000c27f900000,0x000000c27fa00000)]
  0x00000201fc381000 JavaThread "Memory manager" [_thread_blocked, id=1212, stack(0x000000c27fa00000,0x000000c27fb00000)]
  0x00000201fc386000 JavaThread "Handler for socket connection from /127.0.0.1:56933 to /127.0.0.1:56941" [_thread_in_native, id=11116, stack(0x000000c200000000,0x000000c200100000)]
  0x00000201fc382000 JavaThread "Cancel handler" [_thread_blocked, id=1524, stack(0x000000c200100000,0x000000c200200000)]
  0x00000201fc380800 JavaThread "Asynchronous log dispatcher for DefaultDaemonConnection: socket connection from /127.0.0.1:56933 to /127.0.0.1:56941" [_thread_blocked, id=11588, stack(0x000000c200400000,0x000000c200500000)]
  0x00000201fc382800 JavaThread "Stdin handler" [_thread_blocked, id=4972, stack(0x000000c200500000,0x000000c200600000)]
  0x00000201fc389000 JavaThread "Daemon client event forwarder" [_thread_blocked, id=4960, stack(0x000000c200600000,0x000000c200700000)]
  0x00000201fc383800 JavaThread "Cache worker for file hash cache (C:\Users\Olexei\AndroidStudioProjects\Lab4PAM\.gradle\7.0.2\fileHashes)" [_thread_blocked, id=11760, stack(0x000000c200700000,0x000000c200800000)]
  0x00000201fc38a000 JavaThread "C2 CompilerThread1" daemon [_thread_in_native, id=5824, stack(0x000000c200800000,0x000000c200900000)]
  0x00000201fc384800 JavaThread "Cache worker for checksums cache (C:\Users\Olexei\AndroidStudioProjects\Lab4PAM\.gradle\checksums)" [_thread_blocked, id=1432, stack(0x000000c200900000,0x000000c200a00000)]
  0x00000201fc38f000 JavaThread "Cache worker for cache directory md-supplier (C:\Users\Olexei\.gradle\caches\7.0.2\md-supplier)" [_thread_blocked, id=10908, stack(0x000000c200a00000,0x000000c200b00000)]
  0x00000201fc38d800 JavaThread "Cache worker for cache directory md-rule (C:\Users\Olexei\.gradle\caches\7.0.2\md-rule)" [_thread_blocked, id=12096, stack(0x000000c200b00000,0x000000c200c00000)]
  0x00000201fc38b800 JavaThread "Cache worker for dependencies-accessors (C:\Users\Olexei\AndroidStudioProjects\Lab4PAM\.gradle\7.0.2\dependencies-accessors)" [_thread_blocked, id=1324, stack(0x000000c200c00000,0x000000c200d00000)]
  0x00000201fc38c800 JavaThread "Cache worker for Build Output Cleanup Cache (C:\Users\Olexei\AndroidStudioProjects\Lab4PAM\.gradle\buildOutputCleanup)" [_thread_blocked, id=10352, stack(0x000000c200d00000,0x000000c200e00000)]
  0x00000201fc38e000 JavaThread "Build operations" [_thread_blocked, id=956, stack(0x000000c200e00000,0x000000c200f00000)]
  0x00000201fa065800 JavaThread "Build operations Thread 2" [_thread_blocked, id=9720, stack(0x000000c200f00000,0x000000c201000000)]
  0x00000201fa068800 JavaThread "Build operations Thread 3" [_thread_blocked, id=7288, stack(0x000000c201000000,0x000000c201100000)]
  0x00000201fa063800 JavaThread "Build operations Thread 4" [_thread_blocked, id=8604, stack(0x000000c201100000,0x000000c201200000)]
  0x00000201fa06b000 JavaThread "build event listener" [_thread_blocked, id=12060, stack(0x000000c201200000,0x000000c201300000)]
  0x00000201fa066000 JavaThread "Execution worker for ':'" [_thread_blocked, id=7900, stack(0x000000c201300000,0x000000c201400000)]
  0x00000201fa06d800 JavaThread "Execution worker for ':' Thread 2" [_thread_blocked, id=10320, stack(0x000000c201400000,0x000000c201500000)]
  0x00000201fa071000 JavaThread "Execution worker for ':' Thread 3" [_thread_blocked, id=10380, stack(0x000000c201500000,0x000000c201600000)]
  0x00000201f9d81000 JavaThread "Cache worker for execution history cache (C:\Users\Olexei\AndroidStudioProjects\Lab4PAM\.gradle\7.0.2\executionHistory)" [_thread_blocked, id=10124, stack(0x000000c201600000,0x000000c201700000)]
  0x00000201f9d83000 JavaThread "WorkerExecutor Queue" [_thread_blocked, id=6812, stack(0x000000c201700000,0x000000c201800000)]
  0x00000201f9d80800 JavaThread "WorkerExecutor Queue Thread 2" [_thread_blocked, id=10552, stack(0x000000c201800000,0x000000c201900000)]

Other Threads:
=>0x00000201f92af000 VMThread "VM Thread" [stack: 0x000000c27cc00000,0x000000c27cd00000] [id=6288]
  0x00000201f9db2000 WatcherThread [stack: 0x000000c27d600000,0x000000c27d700000] [id=7148]
  0x00000201edf40000 GCTaskThread "GC Thread#0" [stack: 0x000000c27c700000,0x000000c27c800000] [id=5508]
  0x00000201fa5dc000 GCTaskThread "GC Thread#1" [stack: 0x000000c27d800000,0x000000c27d900000] [id=11984]
  0x00000201fc6b0800 GCTaskThread "GC Thread#2" [stack: 0x000000c27e400000,0x000000c27e500000] [id=9616]
  0x00000201fbae9000 GCTaskThread "GC Thread#3" [stack: 0x000000c27e500000,0x000000c27e600000] [id=11768]
  0x00000201edf75000 ConcurrentGCThread "G1 Main Marker" [stack: 0x000000c27c800000,0x000000c27c900000] [id=1984]
  0x00000201edf76800 ConcurrentGCThread "G1 Conc#0" [stack: 0x000000c27c900000,0x000000c27ca00000] [id=11356]
  0x00000201f90fa800 ConcurrentGCThread "G1 Refine#0" [stack: 0x000000c27ca00000,0x000000c27cb00000] [id=11004]
  0x00000201f90fb800 ConcurrentGCThread "G1 Young RemSet Sampling" [stack: 0x000000c27cb00000,0x000000c27cc00000] [id=10076]

Threads with active compile tasks:
C2 CompilerThread0 120340 18889       4       com.android.tools.r8.internal.UC::b (268 bytes)
C2 CompilerThread1 120340 18892       4       com.android.tools.r8.internal.E7::a (592 bytes)

VM state:at safepoint (normal execution)

VM Mutex/Monitor currently owned by a thread:  ([mutex/lock_event])
[0x00000201edf26160] Threads_lock - owner thread: 0x00000201f92af000
[0x00000201edf24420] Heap_lock - owner thread: 0x00000201fa065800

Heap address: 0x0000000080000000, size: 2048 MB, Compressed Oops mode: 32-bit
Narrow klass base: 0x0000000000000000, Narrow klass shift: 3
Compressed class space size: 1073741824 Address: 0x0000000100000000

Heap:
 garbage-first heap   total 493568K, used 154882K [0x0000000080000000, 0x0000000100000000)
  region size 1024K, 14 young (14336K), 14 survivors (14336K)
 Metaspace       used 102001K, capacity 104920K, committed 105036K, reserved 1140736K
  class space    used 13067K, capacity 14193K, committed 14208K, reserved 1048576K
Heap Regions: E=young(eden), S=young(survivor), O=old, HS=humongous(starts), HC=humongous(continues), CS=collection set, F=free, A=archive, TAMS=top-at-mark-start (previous, next)
|   0|0x0000000080000000, 0x0000000080100000, 0x0000000080100000|100%| O|  |TAMS 0x0000000080100000, 0x0000000080000000| Untracked 
|   1|0x0000000080100000, 0x0000000080200000, 0x0000000080200000|100%| O|  |TAMS 0x0000000080200000, 0x0000000080100000| Untracked 
|   2|0x0000000080200000, 0x0000000080300000, 0x0000000080300000|100%| O|  |TAMS 0x0000000080300000, 0x0000000080200000| Untracked 
|   3|0x0000000080300000, 0x0000000080400000, 0x0000000080400000|100%|HS|  |TAMS 0x0000000080400000, 0x0000000080300000| Complete 
|   4|0x0000000080400000, 0x0000000080500000, 0x0000000080500000|100%|HC|  |TAMS 0x0000000080500000, 0x0000000080400000| Complete 
|   5|0x0000000080500000, 0x0000000080600000, 0x0000000080600000|100%|HC|  |TAMS 0x0000000080600000, 0x0000000080500000| Complete 
|   6|0x0000000080600000, 0x0000000080700000, 0x0000000080700000|100%| O|  |TAMS 0x0000000080700000, 0x0000000080600000| Untracked 
|   7|0x0000000080700000, 0x0000000080800000, 0x0000000080800000|100%| O|  |TAMS 0x0000000080800000, 0x0000000080700000| Untracked 
|   8|0x0000000080800000, 0x0000000080900000, 0x0000000080900000|100%| O|  |TAMS 0x0000000080900000, 0x0000000080800000| Untracked 
|   9|0x0000000080900000, 0x0000000080a00000, 0x0000000080a00000|100%| O|  |TAMS 0x0000000080a00000, 0x0000000080900000| Untracked 
|  10|0x0000000080a00000, 0x0000000080b00000, 0x0000000080b00000|100%| O|  |TAMS 0x0000000080b00000, 0x0000000080a00000| Untracked 
|  11|0x0000000080b00000, 0x0000000080b49800, 0x0000000080c00000| 28%| O|  |TAMS 0x0000000080b00000, 0x0000000080b00000| Untracked 
|  12|0x0000000080c00000, 0x0000000080d00000, 0x0000000080d00000|100%| O|  |TAMS 0x0000000080d00000, 0x0000000080c00000| Untracked 
|  13|0x0000000080d00000, 0x0000000080e00000, 0x0000000080e00000|100%| O|  |TAMS 0x0000000080e00000, 0x0000000080d00000| Untracked 
|  14|0x0000000080e00000, 0x0000000080f00000, 0x0000000080f00000|100%| O|  |TAMS 0x0000000080f00000, 0x0000000080e00000| Untracked 
|  15|0x0000000080f00000, 0x0000000081000000, 0x0000000081000000|100%| O|  |TAMS 0x0000000081000000, 0x0000000080f00000| Untracked 
|  16|0x0000000081000000, 0x0000000081100000, 0x0000000081100000|100%| O|  |TAMS 0x0000000081100000, 0x0000000081000000| Untracked 
|  17|0x0000000081100000, 0x0000000081200000, 0x0000000081200000|100%|HS|  |TAMS 0x0000000081200000, 0x0000000081100000| Complete 
|  18|0x0000000081200000, 0x0000000081300000, 0x0000000081300000|100%| O|  |TAMS 0x0000000081300000, 0x0000000081200000| Untracked 
|  19|0x0000000081300000, 0x0000000081400000, 0x0000000081400000|100%| O|  |TAMS 0x0000000081400000, 0x0000000081300000| Untracked 
|  20|0x0000000081400000, 0x0000000081500000, 0x0000000081500000|100%| O|  |TAMS 0x0000000081500000, 0x0000000081400000| Untracked 
|  21|0x0000000081500000, 0x0000000081600000, 0x0000000081600000|100%| O|  |TAMS 0x0000000081600000, 0x0000000081500000| Untracked 
|  22|0x0000000081600000, 0x0000000081700000, 0x0000000081700000|100%| O|  |TAMS 0x0000000081700000, 0x0000000081600000| Untracked 
|  23|0x0000000081700000, 0x0000000081800000, 0x0000000081800000|100%|HS|  |TAMS 0x0000000081800000, 0x0000000081700000| Complete 
|  24|0x0000000081800000, 0x0000000081900000, 0x0000000081900000|100%|HS|  |TAMS 0x0000000081900000, 0x0000000081800000| Complete 
|  25|0x0000000081900000, 0x0000000081a00000, 0x0000000081a00000|100%|HC|  |TAMS 0x0000000081a00000, 0x0000000081900000| Complete 
|  26|0x0000000081a00000, 0x0000000081b00000, 0x0000000081b00000|100%| O|  |TAMS 0x0000000081b00000, 0x0000000081a00000| Untracked 
|  27|0x0000000081b00000, 0x0000000081c00000, 0x0000000081c00000|100%| O|  |TAMS 0x0000000081c00000, 0x0000000081b00000| Untracked 
|  28|0x0000000081c00000, 0x0000000081d00000, 0x0000000081d00000|100%| O|  |TAMS 0x0000000081d00000, 0x0000000081c00000| Untracked 
|  29|0x0000000081d00000, 0x0000000081e00000, 0x0000000081e00000|100%| O|  |TAMS 0x0000000081e00000, 0x0000000081d00000| Untracked 
|  30|0x0000000081e00000, 0x0000000081f00000, 0x0000000081f00000|100%| O|  |TAMS 0x0000000081f00000, 0x0000000081e00000| Untracked 
|  31|0x0000000081f00000, 0x0000000082000000, 0x0000000082000000|100%| O|  |TAMS 0x0000000082000000, 0x0000000081f00000| Untracked 
|  32|0x0000000082000000, 0x0000000082100000, 0x0000000082100000|100%| O|  |TAMS 0x0000000082100000, 0x0000000082000000| Untracked 
|  33|0x0000000082100000, 0x0000000082200000, 0x0000000082200000|100%| O|  |TAMS 0x0000000082200000, 0x0000000082100000| Untracked 
|  34|0x0000000082200000, 0x0000000082300000, 0x0000000082300000|100%| O|  |TAMS 0x0000000082300000, 0x0000000082200000| Untracked 
|  35|0x0000000082300000, 0x0000000082400000, 0x0000000082400000|100%| O|  |TAMS 0x0000000082400000, 0x0000000082300000| Untracked 
|  36|0x0000000082400000, 0x0000000082500000, 0x0000000082500000|100%| O|  |TAMS 0x0000000082500000, 0x0000000082400000| Untracked 
|  37|0x0000000082500000, 0x0000000082600000, 0x0000000082600000|100%| O|  |TAMS 0x0000000082600000, 0x0000000082500000| Untracked 
|  38|0x0000000082600000, 0x0000000082700000, 0x0000000082700000|100%| O|  |TAMS 0x0000000082700000, 0x0000000082600000| Untracked 
|  39|0x0000000082700000, 0x0000000082700000, 0x0000000082800000|  0%| F|  |TAMS 0x0000000082700000, 0x0000000082700000| Untracked 
|  40|0x0000000082800000, 0x0000000082900000, 0x0000000082900000|100%| O|  |TAMS 0x0000000082900000, 0x0000000082800000| Untracked 
|  41|0x0000000082900000, 0x0000000082a00000, 0x0000000082a00000|100%| O|  |TAMS 0x0000000082a00000, 0x0000000082900000| Untracked 
|  42|0x0000000082a00000, 0x0000000082b00000, 0x0000000082b00000|100%| O|  |TAMS 0x0000000082b00000, 0x0000000082a00000| Untracked 
|  43|0x0000000082b00000, 0x0000000082c00000, 0x0000000082c00000|100%| O|  |TAMS 0x0000000082c00000, 0x0000000082b00000| Untracked 
|  44|0x0000000082c00000, 0x0000000082d00000, 0x0000000082d00000|100%| O|  |TAMS 0x0000000082d00000, 0x0000000082c00000| Untracked 
|  45|0x0000000082d00000, 0x0000000082e00000, 0x0000000082e00000|100%| O|  |TAMS 0x0000000082e00000, 0x0000000082d00000| Untracked 
|  46|0x0000000082e00000, 0x0000000082f00000, 0x0000000082f00000|100%| O|  |TAMS 0x0000000082f00000, 0x0000000082e00000| Untracked 
|  47|0x0000000082f00000, 0x0000000083000000, 0x0000000083000000|100%| O|  |TAMS 0x0000000083000000, 0x0000000082f00000| Untracked 
|  48|0x0000000083000000, 0x0000000083100000, 0x0000000083100000|100%| O|  |TAMS 0x0000000083100000, 0x0000000083000000| Untracked 
|  49|0x0000000083100000, 0x0000000083200000, 0x0000000083200000|100%| O|  |TAMS 0x0000000083200000, 0x0000000083100000| Untracked 
|  50|0x0000000083200000, 0x0000000083300000, 0x0000000083300000|100%| O|  |TAMS 0x0000000083300000, 0x0000000083200000| Untracked 
|  51|0x0000000083300000, 0x0000000083300000, 0x0000000083400000|  0%| F|  |TAMS 0x0000000083300000, 0x0000000083300000| Untracked 
|  52|0x0000000083400000, 0x0000000083400000, 0x0000000083500000|  0%| F|  |TAMS 0x0000000083400000, 0x0000000083400000| Untracked 
|  53|0x0000000083500000, 0x0000000083600000, 0x0000000083600000|100%| O|  |TAMS 0x0000000083600000, 0x0000000083500000| Untracked 
|  54|0x0000000083600000, 0x0000000083700000, 0x0000000083700000|100%| O|  |TAMS 0x0000000083700000, 0x0000000083600000| Untracked 
|  55|0x0000000083700000, 0x0000000083800000, 0x0000000083800000|100%| O|  |TAMS 0x0000000083800000, 0x0000000083700000| Untracked 
|  56|0x0000000083800000, 0x0000000083900000, 0x0000000083900000|100%| O|  |TAMS 0x0000000083900000, 0x0000000083800000| Untracked 
|  57|0x0000000083900000, 0x0000000083a00000, 0x0000000083a00000|100%| O|  |TAMS 0x0000000083a00000, 0x0000000083900000| Untracked 
|  58|0x0000000083a00000, 0x0000000083b00000, 0x0000000083b00000|100%| O|  |TAMS 0x0000000083b00000, 0x0000000083a00000| Untracked 
|  59|0x0000000083b00000, 0x0000000083c00000, 0x0000000083c00000|100%| O|  |TAMS 0x0000000083c00000, 0x0000000083b00000| Untracked 
|  60|0x0000000083c00000, 0x0000000083d00000, 0x0000000083d00000|100%| O|  |TAMS 0x0000000083d00000, 0x0000000083c00000| Untracked 
|  61|0x0000000083d00000, 0x0000000083e00000, 0x0000000083e00000|100%| O|  |TAMS 0x0000000083e00000, 0x0000000083d00000| Untracked 
|  62|0x0000000083e00000, 0x0000000083f00000, 0x0000000083f00000|100%| O|  |TAMS 0x0000000083f00000, 0x0000000083e00000| Untracked 
|  63|0x0000000083f00000, 0x0000000084000000, 0x0000000084000000|100%| O|  |TAMS 0x0000000084000000, 0x0000000083f00000| Untracked 
|  64|0x0000000084000000, 0x0000000084100000, 0x0000000084100000|100%| O|  |TAMS 0x0000000084100000, 0x0000000084000000| Untracked 
|  65|0x0000000084100000, 0x0000000084200000, 0x0000000084200000|100%| O|  |TAMS 0x0000000084200000, 0x0000000084100000| Untracked 
|  66|0x0000000084200000, 0x0000000084300000, 0x0000000084300000|100%| O|  |TAMS 0x0000000084300000, 0x0000000084200000| Untracked 
|  67|0x0000000084300000, 0x0000000084300000, 0x0000000084400000|  0%| F|  |TAMS 0x0000000084300000, 0x0000000084300000| Untracked 
|  68|0x0000000084400000, 0x0000000084500000, 0x0000000084500000|100%| O|  |TAMS 0x0000000084500000, 0x0000000084400000| Untracked 
|  69|0x0000000084500000, 0x0000000084600000, 0x0000000084600000|100%| O|  |TAMS 0x0000000084600000, 0x0000000084500000| Untracked 
|  70|0x0000000084600000, 0x0000000084700000, 0x0000000084700000|100%| O|  |TAMS 0x0000000084700000, 0x0000000084600000| Untracked 
|  71|0x0000000084700000, 0x0000000084700000, 0x0000000084800000|  0%| F|  |TAMS 0x0000000084700000, 0x0000000084700000| Untracked 
|  72|0x0000000084800000, 0x0000000084800000, 0x0000000084900000|  0%| F|  |TAMS 0x0000000084800000, 0x0000000084800000| Untracked 
|  73|0x0000000084900000, 0x0000000084a00000, 0x0000000084a00000|100%|HS|  |TAMS 0x0000000084a00000, 0x0000000084900000| Complete 
|  74|0x0000000084a00000, 0x0000000084b00000, 0x0000000084b00000|100%|HC|  |TAMS 0x0000000084b00000, 0x0000000084a00000| Complete 
|  75|0x0000000084b00000, 0x0000000084c00000, 0x0000000084c00000|100%| O|  |TAMS 0x0000000084c00000, 0x0000000084b00000| Untracked 
|  76|0x0000000084c00000, 0x0000000084d00000, 0x0000000084d00000|100%| O|  |TAMS 0x0000000084d00000, 0x0000000084c00000| Untracked 
|  77|0x0000000084d00000, 0x0000000084e00000, 0x0000000084e00000|100%| O|  |TAMS 0x0000000084dbee00, 0x0000000084d00000| Untracked 
|  78|0x0000000084e00000, 0x0000000084f00000, 0x0000000084f00000|100%| O|  |TAMS 0x0000000084f00000, 0x0000000084e00000| Untracked 
|  79|0x0000000084f00000, 0x0000000085000000, 0x0000000085000000|100%| O|  |TAMS 0x0000000085000000, 0x0000000084f00000| Untracked 
|  80|0x0000000085000000, 0x0000000085100000, 0x0000000085100000|100%| O|  |TAMS 0x0000000085100000, 0x0000000085000000| Untracked 
|  81|0x0000000085100000, 0x0000000085100000, 0x0000000085200000|  0%| F|  |TAMS 0x0000000085100000, 0x0000000085100000| Untracked 
|  82|0x0000000085200000, 0x0000000085300000, 0x0000000085300000|100%| O|  |TAMS 0x0000000085300000, 0x0000000085200000| Untracked 
|  83|0x0000000085300000, 0x0000000085400000, 0x0000000085400000|100%| O|  |TAMS 0x0000000085400000, 0x0000000085300000| Untracked 
|  84|0x0000000085400000, 0x0000000085500000, 0x0000000085500000|100%| O|  |TAMS 0x0000000085500000, 0x0000000085400000| Untracked 
|  85|0x0000000085500000, 0x0000000085600000, 0x0000000085600000|100%| O|  |TAMS 0x0000000085600000, 0x0000000085500000| Untracked 
|  86|0x0000000085600000, 0x0000000085700000, 0x0000000085700000|100%| O|  |TAMS 0x0000000085700000, 0x0000000085600000| Untracked 
|  87|0x0000000085700000, 0x0000000085800000, 0x0000000085800000|100%| O|  |TAMS 0x0000000085800000, 0x0000000085700000| Untracked 
|  88|0x0000000085800000, 0x0000000085900000, 0x0000000085900000|100%| O|  |TAMS 0x0000000085900000, 0x0000000085800000| Untracked 
|  89|0x0000000085900000, 0x0000000085900000, 0x0000000085a00000|  0%| F|  |TAMS 0x0000000085900000, 0x0000000085900000| Untracked 
|  90|0x0000000085a00000, 0x0000000085b00000, 0x0000000085b00000|100%| O|  |TAMS 0x0000000085a00000, 0x0000000085a00000| Untracked 
|  91|0x0000000085b00000, 0x0000000085c00000, 0x0000000085c00000|100%| O|  |TAMS 0x0000000085b00000, 0x0000000085b00000| Untracked 
|  92|0x0000000085c00000, 0x0000000085d00000, 0x0000000085d00000|100%| O|  |TAMS 0x0000000085c00000, 0x0000000085c00000| Untracked 
|  93|0x0000000085d00000, 0x0000000085e00000, 0x0000000085e00000|100%| O|  |TAMS 0x0000000085e00000, 0x0000000085d00000| Untracked 
|  94|0x0000000085e00000, 0x0000000085f00000, 0x0000000085f00000|100%| O|  |TAMS 0x0000000085f00000, 0x0000000085e00000| Untracked 
|  95|0x0000000085f00000, 0x0000000086000000, 0x0000000086000000|100%| O|  |TAMS 0x0000000085f00000, 0x0000000085f00000| Untracked 
|  96|0x0000000086000000, 0x0000000086100000, 0x0000000086100000|100%| O|  |TAMS 0x0000000086100000, 0x0000000086000000| Untracked 
|  97|0x0000000086100000, 0x0000000086100000, 0x0000000086200000|  0%| F|  |TAMS 0x0000000086100000, 0x0000000086100000| Untracked 
|  98|0x0000000086200000, 0x0000000086300000, 0x0000000086300000|100%| O|  |TAMS 0x0000000086200000, 0x0000000086200000| Untracked 
|  99|0x0000000086300000, 0x0000000086400000, 0x0000000086400000|100%| O|  |TAMS 0x0000000086400000, 0x0000000086300000| Untracked 
| 100|0x0000000086400000, 0x0000000086500000, 0x0000000086500000|100%| O|  |TAMS 0x0000000086500000, 0x0000000086400000| Untracked 
| 101|0x0000000086500000, 0x0000000086600000, 0x0000000086600000|100%| O|  |TAMS 0x0000000086500000, 0x0000000086500000| Untracked 
| 102|0x0000000086600000, 0x0000000086700000, 0x0000000086700000|100%| O|  |TAMS 0x0000000086700000, 0x0000000086600000| Untracked 
| 103|0x0000000086700000, 0x0000000086800000, 0x0000000086800000|100%| O|  |TAMS 0x0000000086700000, 0x0000000086700000| Untracked 
| 104|0x0000000086800000, 0x0000000086900000, 0x0000000086900000|100%| O|  |TAMS 0x0000000086900000, 0x0000000086800000| Untracked 
| 105|0x0000000086900000, 0x0000000086a00000, 0x0000000086a00000|100%| O|  |TAMS 0x0000000086a00000, 0x0000000086900000| Untracked 
| 106|0x0000000086a00000, 0x0000000086b00000, 0x0000000086b00000|100%| O|  |TAMS 0x0000000086a00000, 0x0000000086a00000| Untracked 
| 107|0x0000000086b00000, 0x0000000086c00000, 0x0000000086c00000|100%| O|  |TAMS 0x0000000086c00000, 0x0000000086b00000| Untracked 
| 108|0x0000000086c00000, 0x0000000086c00000, 0x0000000086d00000|  0%| F|  |TAMS 0x0000000086c00000, 0x0000000086c00000| Untracked 
| 109|0x0000000086d00000, 0x0000000086e00000, 0x0000000086e00000|100%| O|  |TAMS 0x0000000086e00000, 0x0000000086d00000| Untracked 
| 110|0x0000000086e00000, 0x0000000086f00000, 0x0000000086f00000|100%| O|  |TAMS 0x0000000086f00000, 0x0000000086e00000| Untracked 
| 111|0x0000000086f00000, 0x0000000087000000, 0x0000000087000000|100%| O|  |TAMS 0x0000000086f00000, 0x0000000086f00000| Untracked 
| 112|0x0000000087000000, 0x0000000087100000, 0x0000000087100000|100%| O|  |TAMS 0x0000000087100000, 0x0000000087000000| Untracked 
| 113|0x0000000087100000, 0x0000000087200000, 0x0000000087200000|100%| O|  |TAMS 0x0000000087200000, 0x0000000087100000| Untracked 
| 114|0x0000000087200000, 0x0000000087300000, 0x0000000087300000|100%| O|  |TAMS 0x0000000087200000, 0x0000000087200000| Untracked 
| 115|0x0000000087300000, 0x0000000087400000, 0x0000000087400000|100%| O|  |TAMS 0x0000000087300000, 0x0000000087300000| Untracked 
| 116|0x0000000087400000, 0x0000000087500000, 0x0000000087500000|100%| O|  |TAMS 0x0000000087400000, 0x0000000087400000| Untracked 
| 117|0x0000000087500000, 0x0000000087600000, 0x0000000087600000|100%| O|  |TAMS 0x0000000087500000, 0x0000000087500000| Untracked 
| 118|0x0000000087600000, 0x0000000087700000, 0x0000000087700000|100%| O|  |TAMS 0x0000000087700000, 0x0000000087600000| Untracked 
| 119|0x0000000087700000, 0x0000000087800000, 0x0000000087800000|100%| O|  |TAMS 0x0000000087800000, 0x0000000087700000| Untracked 
| 120|0x0000000087800000, 0x0000000087900000, 0x0000000087900000|100%| O|  |TAMS 0x0000000087800000, 0x0000000087800000| Untracked 
| 121|0x0000000087900000, 0x0000000087a00000, 0x0000000087a00000|100%| O|  |TAMS 0x0000000087900000, 0x0000000087900000| Untracked 
| 122|0x0000000087a00000, 0x0000000087b00000, 0x0000000087b00000|100%| O|  |TAMS 0x0000000087a00000, 0x0000000087a00000| Untracked 
| 123|0x0000000087b00000, 0x0000000087c00000, 0x0000000087c00000|100%| O|  |TAMS 0x0000000087c00000, 0x0000000087b00000| Untracked 
| 124|0x0000000087c00000, 0x0000000087c00000, 0x0000000087d00000|  0%| F|  |TAMS 0x0000000087c00000, 0x0000000087c00000| Untracked 
| 125|0x0000000087d00000, 0x0000000087d00000, 0x0000000087e00000|  0%| F|  |TAMS 0x0000000087d00000, 0x0000000087d00000| Untracked 
| 126|0x0000000087e00000, 0x0000000087f00000, 0x0000000087f00000|100%| O|  |TAMS 0x0000000087f00000, 0x0000000087e00000| Untracked 
| 127|0x0000000087f00000, 0x0000000087f00000, 0x0000000088000000|  0%| F|  |TAMS 0x0000000087f00000, 0x0000000087f00000| Untracked 
| 128|0x0000000088000000, 0x0000000088100000, 0x0000000088100000|100%| O|  |TAMS 0x0000000088100000, 0x0000000088000000| Untracked 
| 129|0x0000000088100000, 0x0000000088200000, 0x0000000088200000|100%| O|  |TAMS 0x0000000088200000, 0x0000000088100000| Untracked 
| 130|0x0000000088200000, 0x0000000088300000, 0x0000000088300000|100%| O|  |TAMS 0x0000000088300000, 0x0000000088200000| Untracked 
| 131|0x0000000088300000, 0x0000000088400000, 0x0000000088400000|100%| O|  |TAMS 0x0000000088400000, 0x0000000088300000| Untracked 
| 132|0x0000000088400000, 0x0000000088500000, 0x0000000088500000|100%| O|  |TAMS 0x0000000088500000, 0x0000000088400000| Untracked 
| 133|0x0000000088500000, 0x0000000088500000, 0x0000000088600000|  0%| F|  |TAMS 0x0000000088500000, 0x0000000088500000| Untracked 
| 134|0x0000000088600000, 0x0000000088600000, 0x0000000088700000|  0%| F|  |TAMS 0x0000000088600000, 0x0000000088600000| Untracked 
| 135|0x0000000088700000, 0x0000000088700000, 0x0000000088800000|  0%| F|  |TAMS 0x0000000088700000, 0x0000000088700000| Untracked 
| 136|0x0000000088800000, 0x0000000088800000, 0x0000000088900000|  0%| F|  |TAMS 0x0000000088800000, 0x0000000088800000| Untracked 
| 137|0x0000000088900000, 0x0000000088900000, 0x0000000088a00000|  0%| F|  |TAMS 0x0000000088900000, 0x0000000088900000| Untracked 
| 138|0x0000000088a00000, 0x0000000088a00000, 0x0000000088b00000|  0%| F|  |TAMS 0x0000000088a00000, 0x0000000088a00000| Untracked 
| 139|0x0000000088b00000, 0x0000000088b00000, 0x0000000088c00000|  0%| F|  |TAMS 0x0000000088b00000, 0x0000000088b00000| Untracked 
| 140|0x0000000088c00000, 0x0000000088c00000, 0x0000000088d00000|  0%| F|  |TAMS 0x0000000088c00000, 0x0000000088c00000| Untracked 
| 141|0x0000000088d00000, 0x0000000088e00000, 0x0000000088e00000|100%| O|  |TAMS 0x0000000088e00000, 0x0000000088d00000| Untracked 
| 142|0x0000000088e00000, 0x0000000088f00000, 0x0000000088f00000|100%| O|  |TAMS 0x0000000088f00000, 0x0000000088e00000| Untracked 
| 143|0x0000000088f00000, 0x0000000089000000, 0x0000000089000000|100%| O|  |TAMS 0x0000000089000000, 0x0000000088f00000| Untracked 
| 144|0x0000000089000000, 0x0000000089100000, 0x0000000089100000|100%| O|  |TAMS 0x0000000089100000, 0x0000000089000000| Untracked 
| 145|0x0000000089100000, 0x0000000089200000, 0x0000000089200000|100%| O|  |TAMS 0x0000000089200000, 0x0000000089100000| Untracked 
| 146|0x0000000089200000, 0x0000000089300000, 0x0000000089300000|100%| O|  |TAMS 0x0000000089300000, 0x0000000089200000| Untracked 
| 147|0x0000000089300000, 0x0000000089400000, 0x0000000089400000|100%| O|  |TAMS 0x0000000089400000, 0x0000000089300000| Untracked 
| 148|0x0000000089400000, 0x0000000089500000, 0x0000000089500000|100%| O|  |TAMS 0x0000000089500000, 0x0000000089400000| Untracked 
| 149|0x0000000089500000, 0x0000000089600000, 0x0000000089600000|100%| O|  |TAMS 0x0000000089600000, 0x0000000089500000| Untracked 
| 150|0x0000000089600000, 0x0000000089700000, 0x0000000089700000|100%| O|  |TAMS 0x0000000089700000, 0x0000000089600000| Untracked 
| 151|0x0000000089700000, 0x0000000089800000, 0x0000000089800000|100%| O|  |TAMS 0x0000000089800000, 0x0000000089700000| Untracked 
| 152|0x0000000089800000, 0x0000000089900000, 0x0000000089900000|100%| O|  |TAMS 0x0000000089900000, 0x0000000089800000| Untracked 
| 153|0x0000000089900000, 0x0000000089a00000, 0x0000000089a00000|100%| O|  |TAMS 0x0000000089a00000, 0x0000000089900000| Untracked 
| 154|0x0000000089a00000, 0x0000000089b00000, 0x0000000089b00000|100%| O|  |TAMS 0x0000000089b00000, 0x0000000089a00000| Untracked 
| 155|0x0000000089b00000, 0x0000000089c00000, 0x0000000089c00000|100%| O|  |TAMS 0x0000000089c00000, 0x0000000089b00000| Untracked 
| 156|0x0000000089c00000, 0x0000000089d00000, 0x0000000089d00000|100%| O|  |TAMS 0x0000000089d00000, 0x0000000089c00000| Untracked 
| 157|0x0000000089d00000, 0x0000000089e00000, 0x0000000089e00000|100%| O|  |TAMS 0x0000000089e00000, 0x0000000089d00000| Untracked 
| 158|0x0000000089e00000, 0x0000000089f00000, 0x0000000089f00000|100%| O|  |TAMS 0x0000000089f00000, 0x0000000089e00000| Untracked 
| 159|0x0000000089f00000, 0x0000000089f00000, 0x000000008a000000|  0%| F|  |TAMS 0x0000000089f00000, 0x0000000089f00000| Untracked 
| 160|0x000000008a000000, 0x000000008a000000, 0x000000008a100000|  0%| F|  |TAMS 0x000000008a000000, 0x000000008a000000| Untracked 
| 161|0x000000008a100000, 0x000000008a100000, 0x000000008a200000|  0%| F|  |TAMS 0x000000008a100000, 0x000000008a100000| Untracked 
| 162|0x000000008a200000, 0x000000008a200000, 0x000000008a300000|  0%| F|  |TAMS 0x000000008a200000, 0x000000008a200000| Untracked 
| 163|0x000000008a300000, 0x000000008a300000, 0x000000008a400000|  0%| F|  |TAMS 0x000000008a300000, 0x000000008a300000| Untracked 
| 164|0x000000008a400000, 0x000000008a400000, 0x000000008a500000|  0%| F|  |TAMS 0x000000008a400000, 0x000000008a400000| Untracked 
| 165|0x000000008a500000, 0x000000008a500000, 0x000000008a600000|  0%| F|  |TAMS 0x000000008a500000, 0x000000008a500000| Untracked 
| 166|0x000000008a600000, 0x000000008a600000, 0x000000008a700000|  0%| F|  |TAMS 0x000000008a600000, 0x000000008a600000| Untracked 
| 167|0x000000008a700000, 0x000000008a700000, 0x000000008a800000|  0%| F|  |TAMS 0x000000008a700000, 0x000000008a700000| Untracked 
| 168|0x000000008a800000, 0x000000008a800000, 0x000000008a900000|  0%| F|  |TAMS 0x000000008a800000, 0x000000008a800000| Untracked 
| 169|0x000000008a900000, 0x000000008a900000, 0x000000008aa00000|  0%| F|  |TAMS 0x000000008a900000, 0x000000008a900000| Untracked 
| 170|0x000000008aa00000, 0x000000008aa00000, 0x000000008ab00000|  0%| F|  |TAMS 0x000000008aa00000, 0x000000008aa00000| Untracked 
| 171|0x000000008ab00000, 0x000000008ab00000, 0x000000008ac00000|  0%| F|  |TAMS 0x000000008ab00000, 0x000000008ab00000| Untracked 
| 172|0x000000008ac00000, 0x000000008ac00000, 0x000000008ad00000|  0%| F|  |TAMS 0x000000008ac00000, 0x000000008ac00000| Untracked 
| 173|0x000000008ad00000, 0x000000008ad00000, 0x000000008ae00000|  0%| F|  |TAMS 0x000000008ad00000, 0x000000008ad00000| Untracked 
| 174|0x000000008ae00000, 0x000000008ae00000, 0x000000008af00000|  0%| F|  |TAMS 0x000000008ae00000, 0x000000008ae00000| Untracked 
| 175|0x000000008af00000, 0x000000008af00000, 0x000000008b000000|  0%| F|  |TAMS 0x000000008af00000, 0x000000008af00000| Untracked 
| 176|0x000000008b000000, 0x000000008b000000, 0x000000008b100000|  0%| F|  |TAMS 0x000000008b000000, 0x000000008b000000| Untracked 
| 177|0x000000008b100000, 0x000000008b100000, 0x000000008b200000|  0%| F|  |TAMS 0x000000008b100000, 0x000000008b100000| Untracked 
| 178|0x000000008b200000, 0x000000008b200000, 0x000000008b300000|  0%| F|  |TAMS 0x000000008b200000, 0x000000008b200000| Untracked 
| 179|0x000000008b300000, 0x000000008b300000, 0x000000008b400000|  0%| F|  |TAMS 0x000000008b300000, 0x000000008b300000| Untracked 
| 180|0x000000008b400000, 0x000000008b400000, 0x000000008b500000|  0%| F|  |TAMS 0x000000008b400000, 0x000000008b400000| Untracked 
| 181|0x000000008b500000, 0x000000008b500000, 0x000000008b600000|  0%| F|  |TAMS 0x000000008b500000, 0x000000008b500000| Untracked 
| 182|0x000000008b600000, 0x000000008b6f7100, 0x000000008b700000| 96%| S|CS|TAMS 0x000000008b600000, 0x000000008b600000| Complete 
| 183|0x000000008b700000, 0x000000008b800000, 0x000000008b800000|100%| S|CS|TAMS 0x000000008b700000, 0x000000008b700000| Complete 
| 184|0x000000008b800000, 0x000000008b900000, 0x000000008b900000|100%| S|CS|TAMS 0x000000008b800000, 0x000000008b800000| Complete 
| 185|0x000000008b900000, 0x000000008ba00000, 0x000000008ba00000|100%| S|CS|TAMS 0x000000008b900000, 0x000000008b900000| Complete 
| 186|0x000000008ba00000, 0x000000008bb00000, 0x000000008bb00000|100%| S|CS|TAMS 0x000000008ba00000, 0x000000008ba00000| Complete 
| 187|0x000000008bb00000, 0x000000008bc00000, 0x000000008bc00000|100%| S|CS|TAMS 0x000000008bb00000, 0x000000008bb00000| Complete 
| 188|0x000000008bc00000, 0x000000008bc00000, 0x000000008bd00000|  0%| F|  |TAMS 0x000000008bc00000, 0x000000008bc00000| Untracked 
| 189|0x000000008bd00000, 0x000000008bd00000, 0x000000008be00000|  0%| F|  |TAMS 0x000000008bd00000, 0x000000008bd00000| Untracked 
| 190|0x000000008be00000, 0x000000008be00000, 0x000000008bf00000|  0%| F|  |TAMS 0x000000008be00000, 0x000000008be00000| Untracked 
| 191|0x000000008bf00000, 0x000000008bf00000, 0x000000008c000000|  0%| F|  |TAMS 0x000000008bf00000, 0x000000008bf00000| Untracked 
| 192|0x000000008c000000, 0x000000008c000000, 0x000000008c100000|  0%| F|  |TAMS 0x000000008c000000, 0x000000008c000000| Untracked 
| 193|0x000000008c100000, 0x000000008c100000, 0x000000008c200000|  0%| F|  |TAMS 0x000000008c100000, 0x000000008c100000| Untracked 
| 194|0x000000008c200000, 0x000000008c200000, 0x000000008c300000|  0%| F|  |TAMS 0x000000008c200000, 0x000000008c200000| Untracked 
| 195|0x000000008c300000, 0x000000008c400000, 0x000000008c400000|100%| S|CS|TAMS 0x000000008c300000, 0x000000008c300000| Complete 
| 196|0x000000008c400000, 0x000000008c500000, 0x000000008c500000|100%| S|CS|TAMS 0x000000008c400000, 0x000000008c400000| Complete 
| 197|0x000000008c500000, 0x000000008c600000, 0x000000008c600000|100%| S|CS|TAMS 0x000000008c500000, 0x000000008c500000| Complete 
| 198|0x000000008c600000, 0x000000008c700000, 0x000000008c700000|100%| S|CS|TAMS 0x000000008c600000, 0x000000008c600000| Complete 
| 199|0x000000008c700000, 0x000000008c800000, 0x000000008c800000|100%| S|CS|TAMS 0x000000008c700000, 0x000000008c700000| Complete 
| 200|0x000000008c800000, 0x000000008c900000, 0x000000008c900000|100%| S|CS|TAMS 0x000000008c800000, 0x000000008c800000| Complete 
| 201|0x000000008c900000, 0x000000008ca00000, 0x000000008ca00000|100%| S|CS|TAMS 0x000000008c900000, 0x000000008c900000| Complete 
| 202|0x000000008ca00000, 0x000000008cb00000, 0x000000008cb00000|100%| S|CS|TAMS 0x000000008ca00000, 0x000000008ca00000| Complete 
| 203|0x000000008cb00000, 0x000000008cb00000, 0x000000008cc00000|  0%| F|  |TAMS 0x000000008cb00000, 0x000000008cb00000| Untracked 
| 204|0x000000008cc00000, 0x000000008cc00000, 0x000000008cd00000|  0%| F|  |TAMS 0x000000008cc00000, 0x000000008cc00000| Untracked 
| 205|0x000000008cd00000, 0x000000008cd00000, 0x000000008ce00000|  0%| F|  |TAMS 0x000000008cd00000, 0x000000008cd00000| Untracked 
| 206|0x000000008ce00000, 0x000000008ce00000, 0x000000008cf00000|  0%| F|  |TAMS 0x000000008ce00000, 0x000000008ce00000| Untracked 
| 207|0x000000008cf00000, 0x000000008cf00000, 0x000000008d000000|  0%| F|  |TAMS 0x000000008cf00000, 0x000000008cf00000| Untracked 
| 208|0x000000008d000000, 0x000000008d000000, 0x000000008d100000|  0%| F|  |TAMS 0x000000008d000000, 0x000000008d000000| Untracked 
| 209|0x000000008d100000, 0x000000008d100000, 0x000000008d200000|  0%| F|  |TAMS 0x000000008d100000, 0x000000008d100000| Untracked 
| 210|0x000000008d200000, 0x000000008d200000, 0x000000008d300000|  0%| F|  |TAMS 0x000000008d200000, 0x000000008d200000| Untracked 
| 211|0x000000008d300000, 0x000000008d300000, 0x000000008d400000|  0%| F|  |TAMS 0x000000008d300000, 0x000000008d300000| Untracked 
| 212|0x000000008d400000, 0x000000008d400000, 0x000000008d500000|  0%| F|  |TAMS 0x000000008d400000, 0x000000008d400000| Untracked 
| 213|0x000000008d500000, 0x000000008d500000, 0x000000008d600000|  0%| F|  |TAMS 0x000000008d500000, 0x000000008d500000| Untracked 
| 214|0x000000008d600000, 0x000000008d600000, 0x000000008d700000|  0%| F|  |TAMS 0x000000008d600000, 0x000000008d600000| Untracked 
| 215|0x000000008d700000, 0x000000008d700000, 0x000000008d800000|  0%| F|  |TAMS 0x000000008d700000, 0x000000008d700000| Untracked 
| 216|0x000000008d800000, 0x000000008d800000, 0x000000008d900000|  0%| F|  |TAMS 0x000000008d800000, 0x000000008d800000| Untracked 
| 217|0x000000008d900000, 0x000000008d900000, 0x000000008da00000|  0%| F|  |TAMS 0x000000008d900000, 0x000000008d900000| Untracked 
| 218|0x000000008da00000, 0x000000008da00000, 0x000000008db00000|  0%| F|  |TAMS 0x000000008da00000, 0x000000008da00000| Untracked 
| 219|0x000000008db00000, 0x000000008db00000, 0x000000008dc00000|  0%| F|  |TAMS 0x000000008db00000, 0x000000008db00000| Untracked 
| 220|0x000000008dc00000, 0x000000008dc00000, 0x000000008dd00000|  0%| F|  |TAMS 0x000000008dc00000, 0x000000008dc00000| Untracked 
| 221|0x000000008dd00000, 0x000000008dd00000, 0x000000008de00000|  0%| F|  |TAMS 0x000000008dd00000, 0x000000008dd00000| Untracked 
| 222|0x000000008de00000, 0x000000008de00000, 0x000000008df00000|  0%| F|  |TAMS 0x000000008de00000, 0x000000008de00000| Untracked 
| 223|0x000000008df00000, 0x000000008df00000, 0x000000008e000000|  0%| F|  |TAMS 0x000000008df00000, 0x000000008df00000| Untracked 
| 224|0x000000008e000000, 0x000000008e000000, 0x000000008e100000|  0%| F|  |TAMS 0x000000008e000000, 0x000000008e000000| Untracked 
| 225|0x000000008e100000, 0x000000008e100000, 0x000000008e200000|  0%| F|  |TAMS 0x000000008e100000, 0x000000008e100000| Untracked 
| 226|0x000000008e200000, 0x000000008e200000, 0x000000008e300000|  0%| F|  |TAMS 0x000000008e200000, 0x000000008e200000| Untracked 
| 227|0x000000008e300000, 0x000000008e300000, 0x000000008e400000|  0%| F|  |TAMS 0x000000008e300000, 0x000000008e300000| Untracked 
| 228|0x000000008e400000, 0x000000008e400000, 0x000000008e500000|  0%| F|  |TAMS 0x000000008e400000, 0x000000008e400000| Untracked 
| 229|0x000000008e500000, 0x000000008e500000, 0x000000008e600000|  0%| F|  |TAMS 0x000000008e500000, 0x000000008e500000| Untracked 
| 230|0x000000008e600000, 0x000000008e600000, 0x000000008e700000|  0%| F|  |TAMS 0x000000008e600000, 0x000000008e600000| Untracked 
| 231|0x000000008e700000, 0x000000008e700000, 0x000000008e800000|  0%| F|  |TAMS 0x000000008e700000, 0x000000008e700000| Untracked 
| 232|0x000000008e800000, 0x000000008e800000, 0x000000008e900000|  0%| F|  |TAMS 0x000000008e800000, 0x000000008e800000| Untracked 
| 233|0x000000008e900000, 0x000000008e900000, 0x000000008ea00000|  0%| F|  |TAMS 0x000000008e900000, 0x000000008e900000| Untracked 
| 234|0x000000008ea00000, 0x000000008ea00000, 0x000000008eb00000|  0%| F|  |TAMS 0x000000008ea00000, 0x000000008ea00000| Untracked 
| 235|0x000000008eb00000, 0x000000008eb00000, 0x000000008ec00000|  0%| F|  |TAMS 0x000000008eb00000, 0x000000008eb00000| Untracked 
| 236|0x000000008ec00000, 0x000000008ec00000, 0x000000008ed00000|  0%| F|  |TAMS 0x000000008ec00000, 0x000000008ec00000| Untracked 
| 237|0x000000008ed00000, 0x000000008ed00000, 0x000000008ee00000|  0%| F|  |TAMS 0x000000008ed00000, 0x000000008ed00000| Untracked 
| 238|0x000000008ee00000, 0x000000008ee00000, 0x000000008ef00000|  0%| F|  |TAMS 0x000000008ee00000, 0x000000008ee00000| Untracked 
| 239|0x000000008ef00000, 0x000000008ef00000, 0x000000008f000000|  0%| F|  |TAMS 0x000000008ef00000, 0x000000008ef00000| Untracked 
| 240|0x000000008f000000, 0x000000008f000000, 0x000000008f100000|  0%| F|  |TAMS 0x000000008f000000, 0x000000008f000000| Untracked 
| 241|0x000000008f100000, 0x000000008f100000, 0x000000008f200000|  0%| F|  |TAMS 0x000000008f100000, 0x000000008f100000| Untracked 
| 242|0x000000008f200000, 0x000000008f200000, 0x000000008f300000|  0%| F|  |TAMS 0x000000008f200000, 0x000000008f200000| Untracked 
| 243|0x000000008f300000, 0x000000008f300000, 0x000000008f400000|  0%| F|  |TAMS 0x000000008f300000, 0x000000008f300000| Untracked 
| 244|0x000000008f400000, 0x000000008f400000, 0x000000008f500000|  0%| F|  |TAMS 0x000000008f400000, 0x000000008f400000| Untracked 
| 245|0x000000008f500000, 0x000000008f500000, 0x000000008f600000|  0%| F|  |TAMS 0x000000008f500000, 0x000000008f500000| Untracked 
| 246|0x000000008f600000, 0x000000008f600000, 0x000000008f700000|  0%| F|  |TAMS 0x000000008f600000, 0x000000008f600000| Untracked 
| 247|0x000000008f700000, 0x000000008f700000, 0x000000008f800000|  0%| F|  |TAMS 0x000000008f700000, 0x000000008f700000| Untracked 
| 248|0x000000008f800000, 0x000000008f800000, 0x000000008f900000|  0%| F|  |TAMS 0x000000008f800000, 0x000000008f800000| Untracked 
| 249|0x000000008f900000, 0x000000008f900000, 0x000000008fa00000|  0%| F|  |TAMS 0x000000008f900000, 0x000000008f900000| Untracked 
| 250|0x000000008fa00000, 0x000000008fa00000, 0x000000008fb00000|  0%| F|  |TAMS 0x000000008fa00000, 0x000000008fa00000| Untracked 
| 251|0x000000008fb00000, 0x000000008fb00000, 0x000000008fc00000|  0%| F|  |TAMS 0x000000008fb00000, 0x000000008fb00000| Untracked 
| 252|0x000000008fc00000, 0x000000008fc00000, 0x000000008fd00000|  0%| F|  |TAMS 0x000000008fc00000, 0x000000008fc00000| Untracked 
| 253|0x000000008fd00000, 0x000000008fd00000, 0x000000008fe00000|  0%| F|  |TAMS 0x000000008fd00000, 0x000000008fd00000| Untracked 
| 254|0x000000008fe00000, 0x000000008fe00000, 0x000000008ff00000|  0%| F|  |TAMS 0x000000008fe00000, 0x000000008fe00000| Untracked 
| 255|0x000000008ff00000, 0x000000008ff00000, 0x0000000090000000|  0%| F|  |TAMS 0x000000008ff00000, 0x000000008ff00000| Untracked 
| 256|0x0000000090000000, 0x0000000090000000, 0x0000000090100000|  0%| F|  |TAMS 0x0000000090000000, 0x0000000090000000| Untracked 
| 257|0x0000000090100000, 0x0000000090100000, 0x0000000090200000|  0%| F|  |TAMS 0x0000000090100000, 0x0000000090100000| Untracked 
| 258|0x0000000090200000, 0x0000000090200000, 0x0000000090300000|  0%| F|  |TAMS 0x0000000090200000, 0x0000000090200000| Untracked 
| 259|0x0000000090300000, 0x0000000090300000, 0x0000000090400000|  0%| F|  |TAMS 0x0000000090300000, 0x0000000090300000| Untracked 
| 260|0x0000000090400000, 0x0000000090400000, 0x0000000090500000|  0%| F|  |TAMS 0x0000000090400000, 0x0000000090400000| Untracked 
| 261|0x0000000090500000, 0x0000000090500000, 0x0000000090600000|  0%| F|  |TAMS 0x0000000090500000, 0x0000000090500000| Untracked 
| 262|0x0000000090600000, 0x0000000090600000, 0x0000000090700000|  0%| F|  |TAMS 0x0000000090600000, 0x0000000090600000| Untracked 
| 263|0x0000000090700000, 0x0000000090700000, 0x0000000090800000|  0%| F|  |TAMS 0x0000000090700000, 0x0000000090700000| Untracked 
| 264|0x0000000090800000, 0x0000000090800000, 0x0000000090900000|  0%| F|  |TAMS 0x0000000090800000, 0x0000000090800000| Untracked 
| 265|0x0000000090900000, 0x0000000090900000, 0x0000000090a00000|  0%| F|  |TAMS 0x0000000090900000, 0x0000000090900000| Untracked 
| 266|0x0000000090a00000, 0x0000000090a00000, 0x0000000090b00000|  0%| F|  |TAMS 0x0000000090a00000, 0x0000000090a00000| Untracked 
| 267|0x0000000090b00000, 0x0000000090b00000, 0x0000000090c00000|  0%| F|  |TAMS 0x0000000090b00000, 0x0000000090b00000| Untracked 
| 268|0x0000000090c00000, 0x0000000090c00000, 0x0000000090d00000|  0%| F|  |TAMS 0x0000000090c00000, 0x0000000090c00000| Untracked 
| 269|0x0000000090d00000, 0x0000000090d00000, 0x0000000090e00000|  0%| F|  |TAMS 0x0000000090d00000, 0x0000000090d00000| Untracked 
| 270|0x0000000090e00000, 0x0000000090e00000, 0x0000000090f00000|  0%| F|  |TAMS 0x0000000090e00000, 0x0000000090e00000| Untracked 
| 271|0x0000000090f00000, 0x0000000090f00000, 0x0000000091000000|  0%| F|  |TAMS 0x0000000090f00000, 0x0000000090f00000| Untracked 
| 272|0x0000000091000000, 0x0000000091000000, 0x0000000091100000|  0%| F|  |TAMS 0x0000000091000000, 0x0000000091000000| Untracked 
| 273|0x0000000091100000, 0x0000000091100000, 0x0000000091200000|  0%| F|  |TAMS 0x0000000091100000, 0x0000000091100000| Untracked 
| 274|0x0000000091200000, 0x0000000091200000, 0x0000000091300000|  0%| F|  |TAMS 0x0000000091200000, 0x0000000091200000| Untracked 
| 275|0x0000000091300000, 0x0000000091300000, 0x0000000091400000|  0%| F|  |TAMS 0x0000000091300000, 0x0000000091300000| Untracked 
| 276|0x0000000091400000, 0x0000000091400000, 0x0000000091500000|  0%| F|  |TAMS 0x0000000091400000, 0x0000000091400000| Untracked 
| 277|0x0000000091500000, 0x0000000091500000, 0x0000000091600000|  0%| F|  |TAMS 0x0000000091500000, 0x0000000091500000| Untracked 
| 278|0x0000000091600000, 0x0000000091600000, 0x0000000091700000|  0%| F|  |TAMS 0x0000000091600000, 0x0000000091600000| Untracked 
| 279|0x0000000091700000, 0x0000000091700000, 0x0000000091800000|  0%| F|  |TAMS 0x0000000091700000, 0x0000000091700000| Untracked 
| 280|0x0000000091800000, 0x0000000091800000, 0x0000000091900000|  0%| F|  |TAMS 0x0000000091800000, 0x0000000091800000| Untracked 
| 281|0x0000000091900000, 0x0000000091900000, 0x0000000091a00000|  0%| F|  |TAMS 0x0000000091900000, 0x0000000091900000| Untracked 
| 282|0x0000000091a00000, 0x0000000091a00000, 0x0000000091b00000|  0%| F|  |TAMS 0x0000000091a00000, 0x0000000091a00000| Untracked 
| 283|0x0000000091b00000, 0x0000000091b00000, 0x0000000091c00000|  0%| F|  |TAMS 0x0000000091b00000, 0x0000000091b00000| Untracked 
| 284|0x0000000091c00000, 0x0000000091c00000, 0x0000000091d00000|  0%| F|  |TAMS 0x0000000091c00000, 0x0000000091c00000| Untracked 
| 285|0x0000000091d00000, 0x0000000091d00000, 0x0000000091e00000|  0%| F|  |TAMS 0x0000000091d00000, 0x0000000091d00000| Untracked 
| 286|0x0000000091e00000, 0x0000000091e00000, 0x0000000091f00000|  0%| F|  |TAMS 0x0000000091e00000, 0x0000000091e00000| Untracked 
| 287|0x0000000091f00000, 0x0000000091f00000, 0x0000000092000000|  0%| F|  |TAMS 0x0000000091f00000, 0x0000000091f00000| Untracked 
| 288|0x0000000092000000, 0x0000000092000000, 0x0000000092100000|  0%| F|  |TAMS 0x0000000092000000, 0x0000000092000000| Untracked 
| 289|0x0000000092100000, 0x0000000092100000, 0x0000000092200000|  0%| F|  |TAMS 0x0000000092100000, 0x0000000092100000| Untracked 
| 290|0x0000000092200000, 0x0000000092200000, 0x0000000092300000|  0%| F|  |TAMS 0x0000000092200000, 0x0000000092200000| Untracked 
| 291|0x0000000092300000, 0x0000000092300000, 0x0000000092400000|  0%| F|  |TAMS 0x0000000092300000, 0x0000000092300000| Untracked 
| 292|0x0000000092400000, 0x0000000092400000, 0x0000000092500000|  0%| F|  |TAMS 0x0000000092400000, 0x0000000092400000| Untracked 
| 293|0x0000000092500000, 0x0000000092500000, 0x0000000092600000|  0%| F|  |TAMS 0x0000000092500000, 0x0000000092500000| Untracked 
| 294|0x0000000092600000, 0x0000000092600000, 0x0000000092700000|  0%| F|  |TAMS 0x0000000092600000, 0x0000000092600000| Untracked 
| 295|0x0000000092700000, 0x0000000092700000, 0x0000000092800000|  0%| F|  |TAMS 0x0000000092700000, 0x0000000092700000| Untracked 
| 296|0x0000000092800000, 0x0000000092800000, 0x0000000092900000|  0%| F|  |TAMS 0x0000000092800000, 0x0000000092800000| Untracked 
| 297|0x0000000092900000, 0x0000000092900000, 0x0000000092a00000|  0%| F|  |TAMS 0x0000000092900000, 0x0000000092900000| Untracked 
| 298|0x0000000092a00000, 0x0000000092a00000, 0x0000000092b00000|  0%| F|  |TAMS 0x0000000092a00000, 0x0000000092a00000| Untracked 
| 299|0x0000000092b00000, 0x0000000092b00000, 0x0000000092c00000|  0%| F|  |TAMS 0x0000000092b00000, 0x0000000092b00000| Untracked 
| 300|0x0000000092c00000, 0x0000000092c00000, 0x0000000092d00000|  0%| F|  |TAMS 0x0000000092c00000, 0x0000000092c00000| Untracked 
| 301|0x0000000092d00000, 0x0000000092d00000, 0x0000000092e00000|  0%| F|  |TAMS 0x0000000092d00000, 0x0000000092d00000| Untracked 
| 302|0x0000000092e00000, 0x0000000092e00000, 0x0000000092f00000|  0%| F|  |TAMS 0x0000000092e00000, 0x0000000092e00000| Untracked 
| 303|0x0000000092f00000, 0x0000000092f00000, 0x0000000093000000|  0%| F|  |TAMS 0x0000000092f00000, 0x0000000092f00000| Untracked 
| 304|0x0000000093000000, 0x0000000093000000, 0x0000000093100000|  0%| F|  |TAMS 0x0000000093000000, 0x0000000093000000| Untracked 
| 305|0x0000000093100000, 0x0000000093100000, 0x0000000093200000|  0%| F|  |TAMS 0x0000000093100000, 0x0000000093100000| Untracked 
| 306|0x0000000093200000, 0x0000000093200000, 0x0000000093300000|  0%| F|  |TAMS 0x0000000093200000, 0x0000000093200000| Untracked 
| 307|0x0000000093300000, 0x0000000093300000, 0x0000000093400000|  0%| F|  |TAMS 0x0000000093300000, 0x0000000093300000| Untracked 
| 308|0x0000000093400000, 0x0000000093400000, 0x0000000093500000|  0%| F|  |TAMS 0x0000000093400000, 0x0000000093400000| Untracked 
| 309|0x0000000093500000, 0x0000000093500000, 0x0000000093600000|  0%| F|  |TAMS 0x0000000093500000, 0x0000000093500000| Untracked 
| 310|0x0000000093600000, 0x0000000093600000, 0x0000000093700000|  0%| F|  |TAMS 0x0000000093600000, 0x0000000093600000| Untracked 
| 311|0x0000000093700000, 0x0000000093700000, 0x0000000093800000|  0%| F|  |TAMS 0x0000000093700000, 0x0000000093700000| Untracked 
| 312|0x0000000093800000, 0x0000000093800000, 0x0000000093900000|  0%| F|  |TAMS 0x0000000093800000, 0x0000000093800000| Untracked 
| 313|0x0000000093900000, 0x0000000093900000, 0x0000000093a00000|  0%| F|  |TAMS 0x0000000093900000, 0x0000000093900000| Untracked 
| 314|0x0000000093a00000, 0x0000000093a00000, 0x0000000093b00000|  0%| F|  |TAMS 0x0000000093a00000, 0x0000000093a00000| Untracked 
| 315|0x0000000093b00000, 0x0000000093b00000, 0x0000000093c00000|  0%| F|  |TAMS 0x0000000093b00000, 0x0000000093b00000| Untracked 
| 316|0x0000000093c00000, 0x0000000093c00000, 0x0000000093d00000|  0%| F|  |TAMS 0x0000000093c00000, 0x0000000093c00000| Untracked 
| 317|0x0000000093d00000, 0x0000000093d00000, 0x0000000093e00000|  0%| F|  |TAMS 0x0000000093d00000, 0x0000000093d00000| Untracked 
| 318|0x0000000093e00000, 0x0000000093e00000, 0x0000000093f00000|  0%| F|  |TAMS 0x0000000093e00000, 0x0000000093e00000| Untracked 
| 319|0x0000000093f00000, 0x0000000093f00000, 0x0000000094000000|  0%| F|  |TAMS 0x0000000093f00000, 0x0000000093f00000| Untracked 
| 320|0x0000000094000000, 0x0000000094000000, 0x0000000094100000|  0%| F|  |TAMS 0x0000000094000000, 0x0000000094000000| Untracked 
| 321|0x0000000094100000, 0x0000000094100000, 0x0000000094200000|  0%| F|  |TAMS 0x0000000094100000, 0x0000000094100000| Untracked 
| 322|0x0000000094200000, 0x0000000094200000, 0x0000000094300000|  0%| F|  |TAMS 0x0000000094200000, 0x0000000094200000| Untracked 
| 323|0x0000000094300000, 0x0000000094300000, 0x0000000094400000|  0%| F|  |TAMS 0x0000000094300000, 0x0000000094300000| Untracked 
| 324|0x0000000094400000, 0x0000000094400000, 0x0000000094500000|  0%| F|  |TAMS 0x0000000094400000, 0x0000000094400000| Untracked 
| 325|0x0000000094500000, 0x0000000094500000, 0x0000000094600000|  0%| F|  |TAMS 0x0000000094500000, 0x0000000094500000| Untracked 
| 326|0x0000000094600000, 0x0000000094600000, 0x0000000094700000|  0%| F|  |TAMS 0x0000000094600000, 0x0000000094600000| Untracked 
| 327|0x0000000094700000, 0x0000000094700000, 0x0000000094800000|  0%| F|  |TAMS 0x0000000094700000, 0x0000000094700000| Untracked 
| 328|0x0000000094800000, 0x0000000094800000, 0x0000000094900000|  0%| F|  |TAMS 0x0000000094800000, 0x0000000094800000| Untracked 
| 329|0x0000000094900000, 0x0000000094900000, 0x0000000094a00000|  0%| F|  |TAMS 0x0000000094900000, 0x0000000094900000| Untracked 
| 330|0x0000000094a00000, 0x0000000094a00000, 0x0000000094b00000|  0%| F|  |TAMS 0x0000000094a00000, 0x0000000094a00000| Untracked 
| 331|0x0000000094b00000, 0x0000000094b00000, 0x0000000094c00000|  0%| F|  |TAMS 0x0000000094b00000, 0x0000000094b00000| Untracked 
| 332|0x0000000094c00000, 0x0000000094c00000, 0x0000000094d00000|  0%| F|  |TAMS 0x0000000094c00000, 0x0000000094c00000| Untracked 
| 333|0x0000000094d00000, 0x0000000094d00000, 0x0000000094e00000|  0%| F|  |TAMS 0x0000000094d00000, 0x0000000094d00000| Untracked 
| 334|0x0000000094e00000, 0x0000000094e00000, 0x0000000094f00000|  0%| F|  |TAMS 0x0000000094e00000, 0x0000000094e00000| Untracked 
| 335|0x0000000094f00000, 0x0000000094f00000, 0x0000000095000000|  0%| F|  |TAMS 0x0000000094f00000, 0x0000000094f00000| Untracked 
| 336|0x0000000095000000, 0x0000000095000000, 0x0000000095100000|  0%| F|  |TAMS 0x0000000095000000, 0x0000000095000000| Untracked 
| 337|0x0000000095100000, 0x0000000095100000, 0x0000000095200000|  0%| F|  |TAMS 0x0000000095100000, 0x0000000095100000| Untracked 
| 338|0x0000000095200000, 0x0000000095200000, 0x0000000095300000|  0%| F|  |TAMS 0x0000000095200000, 0x0000000095200000| Untracked 
| 339|0x0000000095300000, 0x0000000095300000, 0x0000000095400000|  0%| F|  |TAMS 0x0000000095300000, 0x0000000095300000| Untracked 
| 340|0x0000000095400000, 0x0000000095400000, 0x0000000095500000|  0%| F|  |TAMS 0x0000000095400000, 0x0000000095400000| Untracked 
| 341|0x0000000095500000, 0x0000000095500000, 0x0000000095600000|  0%| F|  |TAMS 0x0000000095500000, 0x0000000095500000| Untracked 
| 342|0x0000000095600000, 0x0000000095600000, 0x0000000095700000|  0%| F|  |TAMS 0x0000000095600000, 0x0000000095600000| Untracked 
| 343|0x0000000095700000, 0x0000000095700000, 0x0000000095800000|  0%| F|  |TAMS 0x0000000095700000, 0x0000000095700000| Untracked 
| 344|0x0000000095800000, 0x0000000095800000, 0x0000000095900000|  0%| F|  |TAMS 0x0000000095800000, 0x0000000095800000| Untracked 
| 345|0x0000000095900000, 0x0000000095900000, 0x0000000095a00000|  0%| F|  |TAMS 0x0000000095900000, 0x0000000095900000| Untracked 
| 346|0x0000000095a00000, 0x0000000095a00000, 0x0000000095b00000|  0%| F|  |TAMS 0x0000000095a00000, 0x0000000095a00000| Untracked 
| 347|0x0000000095b00000, 0x0000000095b00000, 0x0000000095c00000|  0%| F|  |TAMS 0x0000000095b00000, 0x0000000095b00000| Untracked 
| 348|0x0000000095c00000, 0x0000000095c00000, 0x0000000095d00000|  0%| F|  |TAMS 0x0000000095c00000, 0x0000000095c00000| Untracked 
| 349|0x0000000095d00000, 0x0000000095d00000, 0x0000000095e00000|  0%| F|  |TAMS 0x0000000095d00000, 0x0000000095d00000| Untracked 
| 350|0x0000000095e00000, 0x0000000095e00000, 0x0000000095f00000|  0%| F|  |TAMS 0x0000000095e00000, 0x0000000095e00000| Untracked 
| 351|0x0000000095f00000, 0x0000000095f00000, 0x0000000096000000|  0%| F|  |TAMS 0x0000000095f00000, 0x0000000095f00000| Untracked 
| 352|0x0000000096000000, 0x0000000096000000, 0x0000000096100000|  0%| F|  |TAMS 0x0000000096000000, 0x0000000096000000| Untracked 
| 353|0x0000000096100000, 0x0000000096100000, 0x0000000096200000|  0%| F|  |TAMS 0x0000000096100000, 0x0000000096100000| Untracked 
| 354|0x0000000096200000, 0x0000000096200000, 0x0000000096300000|  0%| F|  |TAMS 0x0000000096200000, 0x0000000096200000| Untracked 
| 355|0x0000000096300000, 0x0000000096300000, 0x0000000096400000|  0%| F|  |TAMS 0x0000000096300000, 0x0000000096300000| Untracked 
| 356|0x0000000096400000, 0x0000000096400000, 0x0000000096500000|  0%| F|  |TAMS 0x0000000096400000, 0x0000000096400000| Untracked 
| 357|0x0000000096500000, 0x0000000096500000, 0x0000000096600000|  0%| F|  |TAMS 0x0000000096500000, 0x0000000096500000| Untracked 
| 358|0x0000000096600000, 0x0000000096600000, 0x0000000096700000|  0%| F|  |TAMS 0x0000000096600000, 0x0000000096600000| Untracked 
| 359|0x0000000096700000, 0x0000000096700000, 0x0000000096800000|  0%| F|  |TAMS 0x0000000096700000, 0x0000000096700000| Untracked 

Card table byte_map: [0x00000201f2440000,0x00000201f2840000] _byte_map_base: 0x00000201f2040000

Marking Bits (Prev, Next): (CMBitMap*) 0x00000201edf6c360, (CMBitMap*) 0x00000201edf6c328
 Prev Bits: [0x00000201f4c40000, 0x00000201f6c40000)
 Next Bits: [0x00000201f2c40000, 0x00000201f4c40000)

Polling page: 0x00000201ec610000

Metaspace:

Usage:
  Non-class:     88.60 MB capacity,    86.85 MB ( 98%) used,     1.40 MB (  2%) free+waste,   356.13 KB ( <1%) overhead. 
      Class:     13.86 MB capacity,    12.76 MB ( 92%) used,   968.49 KB (  7%) free+waste,   156.88 KB (  1%) overhead. 
       Both:    102.46 MB capacity,    99.61 MB ( 97%) used,     2.35 MB (  2%) free+waste,   513.00 KB ( <1%) overhead. 

Virtual space:
  Non-class space:       90.00 MB reserved,      88.70 MB ( 99%) committed 
      Class space:        1.00 GB reserved,      13.88 MB (  1%) committed 
             Both:        1.09 GB reserved,     102.57 MB (  9%) committed 

Chunk freelists:
   Non-Class:  37.00 KB
       Class:  0 bytes
        Both:  37.00 KB

MaxMetaspaceSize: 17179869184.00 GB
CompressedClassSpaceSize: 1.00 GB

CodeHeap 'non-profiled nmethods': size=120064Kb used=15487Kb max_used=15487Kb free=104576Kb
 bounds [0x0000020187ac0000, 0x00000201889f0000, 0x000002018f000000]
CodeHeap 'profiled nmethods': size=120000Kb used=38390Kb max_used=38390Kb free=81609Kb
 bounds [0x0000020180590000, 0x0000020182be0000, 0x0000020187ac0000]
CodeHeap 'non-nmethods': size=5696Kb used=2304Kb max_used=2392Kb free=3391Kb
 bounds [0x0000020180000000, 0x0000020180270000, 0x0000020180590000]
 total_blobs=16955 nmethods=16042 adapters=824
 compilation: enabled
              stopped_count=0, restarted_count=0
 full_count=0

Compilation events (20 events):
Event: 120.030 Thread 0x00000201f9c33800 18902       2       com.android.tools.r8.internal.K6::<init> (15 bytes)
Event: 120.030 Thread 0x00000201f9c33800 nmethod 18902 0x0000020181c11d10 code [0x0000020181c11ec0, 0x0000020181c12058]
Event: 120.031 Thread 0x00000201f9c33800 18903       2       com.android.tools.r8.graph.e::a (53 bytes)
Event: 120.031 Thread 0x00000201f9c33800 nmethod 18903 0x0000020181c11810 code [0x0000020181c119e0, 0x0000020181c11b48]
Event: 120.032 Thread 0x00000201f9c33800 18904       2       com.android.tools.r8.internal.M6::a (49 bytes)
Event: 120.033 Thread 0x00000201f9c33800 nmethod 18904 0x0000020181c11390 code [0x0000020181c11560, 0x0000020181c11738]
Event: 120.034 Thread 0x00000201f9c33800 18905   !   2       com.android.tools.r8.internal.M6::a (56 bytes)
Event: 120.034 Thread 0x00000201f9c33800 nmethod 18905 0x0000020181c1a490 code [0x0000020181c1a680, 0x0000020181c1aa58]
Event: 120.057 Thread 0x00000201f9c33800 18907       2       com.android.tools.r8.internal.dh::b (173 bytes)
Event: 120.059 Thread 0x00000201f9c33800 nmethod 18907 0x0000020181c19c10 code [0x0000020181c19e20, 0x0000020181c1a1d8]
Event: 120.121 Thread 0x00000201f9c33800 18909 %     3       com.android.tools.r8.graph.f0$d::a @ 10 (29 bytes)
Event: 120.122 Thread 0x00000201f9c33800 nmethod 18909% 0x0000020181c12490 code [0x0000020181c12660, 0x0000020181c12988]
Event: 120.122 Thread 0x00000201f9c33800 18910       3       com.android.tools.r8.graph.f0$d::a (29 bytes)
Event: 120.122 Thread 0x00000201f9c33800 nmethod 18910 0x0000020181c19610 code [0x0000020181c197e0, 0x0000020181c19a88]
Event: 120.142 Thread 0x00000201f9c33800 18921 %     3       com.android.tools.r8.graph.f0$d::o0 @ 10 (28 bytes)
Event: 120.142 Thread 0x00000201f9c33800 nmethod 18921% 0x0000020181c18f90 code [0x0000020181c19160, 0x0000020181c19468]
Event: 120.142 Thread 0x00000201f9c33800 18922       3       com.android.tools.r8.graph.f0$d::o0 (28 bytes)
Event: 120.142 Thread 0x00000201f9c33800 nmethod 18922 0x0000020181c18a10 code [0x0000020181c18be0, 0x0000020181c18e68]
Event: 120.164 Thread 0x00000201f9c33800 18926       1       com.android.tools.r8.graph.L::x (2 bytes)
Event: 120.165 Thread 0x00000201f9c33800 nmethod 18926 0x00000201889e2490 code [0x00000201889e2640, 0x00000201889e26f8]

GC Heap History (20 events):
Event: 112.613 GC heap after
{Heap after GC invocations=82 (full 0):
 garbage-first heap   total 307200K, used 140852K [0x0000000080000000, 0x0000000100000000)
  region size 1024K, 7 young (7168K), 7 survivors (7168K)
 Metaspace       used 101953K, capacity 104911K, committed 105036K, reserved 1140736K
  class space    used 13065K, capacity 14190K, committed 14208K, reserved 1048576K
}
Event: 113.097 GC heap before
{Heap before GC invocations=82 (full 0):
 garbage-first heap   total 307200K, used 243252K [0x0000000080000000, 0x0000000100000000)
  region size 1024K, 107 young (109568K), 7 survivors (7168K)
 Metaspace       used 101978K, capacity 104911K, committed 105036K, reserved 1140736K
  class space    used 13065K, capacity 14190K, committed 14208K, reserved 1048576K
}
Event: 113.123 GC heap after
{Heap after GC invocations=83 (full 0):
 garbage-first heap   total 307200K, used 146797K [0x0000000080000000, 0x0000000100000000)
  region size 1024K, 12 young (12288K), 12 survivors (12288K)
 Metaspace       used 101978K, capacity 104911K, committed 105036K, reserved 1140736K
  class space    used 13065K, capacity 14190K, committed 14208K, reserved 1048576K
}
Event: 113.662 GC heap before
{Heap before GC invocations=83 (full 0):
 garbage-first heap   total 307200K, used 247149K [0x0000000080000000, 0x0000000100000000)
  region size 1024K, 110 young (112640K), 12 survivors (12288K)
 Metaspace       used 101983K, capacity 104919K, committed 105036K, reserved 1140736K
  class space    used 13067K, capacity 14193K, committed 14208K, reserved 1048576K
}
Event: 113.686 GC heap after
{Heap after GC invocations=84 (full 0):
 garbage-first heap   total 307200K, used 147689K [0x0000000080000000, 0x0000000100000000)
  region size 1024K, 8 young (8192K), 8 survivors (8192K)
 Metaspace       used 101983K, capacity 104919K, committed 105036K, reserved 1140736K
  class space    used 13067K, capacity 14193K, committed 14208K, reserved 1048576K
}
Event: 114.264 GC heap before
{Heap before GC invocations=84 (full 0):
 garbage-first heap   total 307200K, used 250089K [0x0000000080000000, 0x0000000100000000)
  region size 1024K, 108 young (110592K), 8 survivors (8192K)
 Metaspace       used 101986K, capacity 104919K, committed 105036K, reserved 1140736K
  class space    used 13067K, capacity 14193K, committed 14208K, reserved 1048576K
}
Event: 114.301 GC heap after
{Heap after GC invocations=85 (full 0):
 garbage-first heap   total 307200K, used 149628K [0x0000000080000000, 0x0000000100000000)
  region size 1024K, 10 young (10240K), 10 survivors (10240K)
 Metaspace       used 101986K, capacity 104919K, committed 105036K, reserved 1140736K
  class space    used 13067K, capacity 14193K, committed 14208K, reserved 1048576K
}
Event: 115.590 GC heap before
{Heap before GC invocations=86 (full 0):
 garbage-first heap   total 307200K, used 254076K [0x0000000080000000, 0x0000000100000000)
  region size 1024K, 112 young (114688K), 10 survivors (10240K)
 Metaspace       used 101989K, capacity 104919K, committed 105036K, reserved 1140736K
  class space    used 13067K, capacity 14193K, committed 14208K, reserved 1048576K
}
Event: 115.624 GC heap after
{Heap after GC invocations=87 (full 0):
 garbage-first heap   total 307200K, used 149743K [0x0000000080000000, 0x0000000100000000)
  region size 1024K, 5 young (5120K), 5 survivors (5120K)
 Metaspace       used 101989K, capacity 104919K, committed 105036K, reserved 1140736K
  class space    used 13067K, capacity 14193K, committed 14208K, reserved 1048576K
}
Event: 115.686 GC heap before
{Heap before GC invocations=87 (full 0):
 garbage-first heap   total 307200K, used 159983K [0x0000000080000000, 0x0000000100000000)
  region size 1024K, 15 young (15360K), 5 survivors (5120K)
 Metaspace       used 101989K, capacity 104919K, committed 105036K, reserved 1140736K
  class space    used 13067K, capacity 14193K, committed 14208K, reserved 1048576K
}
Event: 115.764 GC heap after
{Heap after GC invocations=88 (full 0):
 garbage-first heap   total 368640K, used 140936K [0x0000000080000000, 0x0000000100000000)
  region size 1024K, 1 young (1024K), 1 survivors (1024K)
 Metaspace       used 101989K, capacity 104919K, committed 105036K, reserved 1140736K
  class space    used 13067K, capacity 14193K, committed 14208K, reserved 1048576K
}
Event: 116.763 GC heap before
{Heap before GC invocations=88 (full 0):
 garbage-first heap   total 368640K, used 287368K [0x0000000080000000, 0x0000000100000000)
  region size 1024K, 144 young (147456K), 1 survivors (1024K)
 Metaspace       used 101990K, capacity 104919K, committed 105036K, reserved 1140736K
  class space    used 13067K, capacity 14193K, committed 14208K, reserved 1048576K
}
Event: 116.783 GC heap after
{Heap after GC invocations=89 (full 0):
 garbage-first heap   total 368640K, used 144056K [0x0000000080000000, 0x0000000100000000)
  region size 1024K, 4 young (4096K), 4 survivors (4096K)
 Metaspace       used 101990K, capacity 104919K, committed 105036K, reserved 1140736K
  class space    used 13067K, capacity 14193K, committed 14208K, reserved 1048576K
}
Event: 117.679 GC heap before
{Heap before GC invocations=89 (full 0):
 garbage-first heap   total 368640K, used 291512K [0x0000000080000000, 0x0000000100000000)
  region size 1024K, 148 young (151552K), 4 survivors (4096K)
 Metaspace       used 101997K, capacity 104920K, committed 105036K, reserved 1140736K
  class space    used 13067K, capacity 14193K, committed 14208K, reserved 1048576K
}
Event: 117.697 GC heap after
{Heap after GC invocations=90 (full 0):
 garbage-first heap   total 368640K, used 146915K [0x0000000080000000, 0x0000000100000000)
  region size 1024K, 7 young (7168K), 7 survivors (7168K)
 Metaspace       used 101997K, capacity 104920K, committed 105036K, reserved 1140736K
  class space    used 13067K, capacity 14193K, committed 14208K, reserved 1048576K
}
Event: 118.433 GC heap before
{Heap before GC invocations=90 (full 0):
 garbage-first heap   total 368640K, used 299491K [0x0000000080000000, 0x0000000100000000)
  region size 1024K, 156 young (159744K), 7 survivors (7168K)
 Metaspace       used 101997K, capacity 104920K, committed 105036K, reserved 1140736K
  class space    used 13067K, capacity 14193K, committed 14208K, reserved 1048576K
}
Event: 118.454 GC heap after
{Heap after GC invocations=91 (full 0):
 garbage-first heap   total 368640K, used 149148K [0x0000000080000000, 0x0000000100000000)
  region size 1024K, 9 young (9216K), 9 survivors (9216K)
 Metaspace       used 101997K, capacity 104920K, committed 105036K, reserved 1140736K
  class space    used 13067K, capacity 14193K, committed 14208K, reserved 1048576K
}
Event: 119.424 GC heap before
{Heap before GC invocations=91 (full 0):
 garbage-first heap   total 368640K, used 302748K [0x0000000080000000, 0x0000000100000000)
  region size 1024K, 160 young (163840K), 9 survivors (9216K)
 Metaspace       used 101998K, capacity 104920K, committed 105036K, reserved 1140736K
  class space    used 13067K, capacity 14193K, committed 14208K, reserved 1048576K
}
Event: 119.450 GC heap after
{Heap after GC invocations=92 (full 0):
 garbage-first heap   total 368640K, used 151790K [0x0000000080000000, 0x0000000100000000)
  region size 1024K, 12 young (12288K), 12 survivors (12288K)
 Metaspace       used 101998K, capacity 104920K, committed 105036K, reserved 1140736K
  class space    used 13067K, capacity 14193K, committed 14208K, reserved 1048576K
}
Event: 120.228 GC heap before
{Heap before GC invocations=92 (full 0):
 garbage-first heap   total 368640K, used 307438K [0x0000000080000000, 0x0000000100000000)
  region size 1024K, 164 young (167936K), 12 survivors (12288K)
 Metaspace       used 102001K, capacity 104920K, committed 105036K, reserved 1140736K
  class space    used 13067K, capacity 14193K, committed 14208K, reserved 1048576K
}

Deoptimization events (20 events):
Event: 117.206 Thread 0x00000201fa068800 Uncommon trap: trap_request=0xffffffbe fr.pc=0x0000020188976318 relative=0x0000000000007838
Event: 117.206 Thread 0x00000201fa068800 Uncommon trap: reason=profile_predicate action=maybe_recompile pc=0x0000020188976318 method=com.android.tools.r8.internal.T6.a(Lcom/android/tools/r8/internal/f7;[Lcom/android/tools/r8/internal/X1;I)V @ 1719 c2
Event: 117.206 Thread 0x00000201fa068800 DEOPT PACKING pc=0x0000020188976318 sp=0x000000c2010f9420
Event: 117.206 Thread 0x00000201fa068800 DEOPT UNPACKING pc=0x00000201800273af sp=0x000000c2010f93a0 mode 2
Event: 117.207 Thread 0x00000201fa068800 Uncommon trap: trap_request=0xffffffbe fr.pc=0x0000020188976318 relative=0x0000000000007838
Event: 117.207 Thread 0x00000201fa068800 Uncommon trap: reason=profile_predicate action=maybe_recompile pc=0x0000020188976318 method=com.android.tools.r8.internal.T6.a(Lcom/android/tools/r8/internal/f7;[Lcom/android/tools/r8/internal/X1;I)V @ 1719 c2
Event: 117.207 Thread 0x00000201fa068800 DEOPT PACKING pc=0x0000020188976318 sp=0x000000c2010f91e0
Event: 117.207 Thread 0x00000201fa068800 DEOPT UNPACKING pc=0x00000201800273af sp=0x000000c2010f9160 mode 2
Event: 117.561 Thread 0x00000201fa063800 Uncommon trap: trap_request=0xffffff76 fr.pc=0x00000201889953b4 relative=0x0000000000000a14
Event: 117.561 Thread 0x00000201fa063800 Uncommon trap: reason=loop_limit_check action=maybe_recompile pc=0x00000201889953b4 method=com.android.tools.r8.internal.f9.c(Lcom/android/tools/r8/internal/uh;Lcom/android/tools/r8/internal/uh;)Lcom/android/tools/r8/internal/Ih; @ 26 c2
Event: 117.561 Thread 0x00000201fa063800 DEOPT PACKING pc=0x00000201889953b4 sp=0x000000c2011f93f0
Event: 117.561 Thread 0x00000201fa063800 DEOPT UNPACKING pc=0x00000201800273af sp=0x000000c2011f93d8 mode 2
Event: 120.036 Thread 0x00000201fc38e000 Uncommon trap: trap_request=0xffffffc6 fr.pc=0x00000201880a9618 relative=0x0000000000000078
Event: 120.036 Thread 0x00000201fc38e000 Uncommon trap: reason=bimorphic_or_optimized_type_check action=maybe_recompile pc=0x00000201880a9618 method=java.util.AbstractMap.isEmpty()Z @ 1 c2
Event: 120.036 Thread 0x00000201fc38e000 DEOPT PACKING pc=0x00000201880a9618 sp=0x000000c200efb0a0
Event: 120.036 Thread 0x00000201fc38e000 DEOPT UNPACKING pc=0x00000201800273af sp=0x000000c200efb030 mode 2
Event: 120.122 Thread 0x00000201fc38e000 DEOPT PACKING pc=0x0000020182391aea sp=0x000000c200efaf10
Event: 120.122 Thread 0x00000201fc38e000 DEOPT UNPACKING pc=0x00000201800271ce sp=0x000000c200efa3a8 mode 0
Event: 120.143 Thread 0x00000201fc38e000 DEOPT PACKING pc=0x00000201823b54d5 sp=0x000000c200efadf0
Event: 120.143 Thread 0x00000201fc38e000 DEOPT UNPACKING pc=0x00000201800271ce sp=0x000000c200efa290 mode 0

Classes redefined (0 events):
No events

Internal exceptions (20 events):
Event: 95.320 Thread 0x00000201f9d7e800 Implicit null exception at 0x0000020187af3474 to 0x0000020187af39d0
Event: 95.322 Thread 0x00000201f9d7e800 Implicit null exception at 0x0000020187e3cd14 to 0x0000020187e3d334
Event: 99.486 Thread 0x00000201f9d82000 Exception <a 'sun/nio/fs/WindowsException'{0x000000008b1b2fc8}> (0x000000008b1b2fc8) thrown at [./src/hotspot/share/prims/jni.cpp, line 615]
Event: 99.615 Thread 0x00000201f9d82000 Exception <a 'java/lang/NoClassDefFoundError'{0x000000008ae728d8}: org/jetbrains/kotlin/gradle/plugin/KotlinBasePluginWrapper> (0x000000008ae728d8) thrown at [./src/hotspot/share/oops/constantPool.cpp, line 775]
Event: 99.663 Thread 0x00000201f9d82000 Exception <a 'sun/nio/fs/WindowsException'{0x000000008ad457b8}> (0x000000008ad457b8) thrown at [./src/hotspot/share/prims/jni.cpp, line 615]
Event: 99.683 Thread 0x00000201f9d82000 Exception <a 'sun/nio/fs/WindowsException'{0x000000008ade1748}> (0x000000008ade1748) thrown at [./src/hotspot/share/prims/jni.cpp, line 615]
Event: 99.683 Thread 0x00000201f9d82000 Exception <a 'sun/nio/fs/WindowsException'{0x000000008ade2828}> (0x000000008ade2828) thrown at [./src/hotspot/share/prims/jni.cpp, line 615]
Event: 99.684 Thread 0x00000201f9d82000 Exception <a 'sun/nio/fs/WindowsException'{0x000000008ade3958}> (0x000000008ade3958) thrown at [./src/hotspot/share/prims/jni.cpp, line 615]
Event: 99.684 Thread 0x00000201f9d82000 Exception <a 'sun/nio/fs/WindowsException'{0x000000008ade4a88}> (0x000000008ade4a88) thrown at [./src/hotspot/share/prims/jni.cpp, line 615]
Event: 108.852 Thread 0x00000201fc38e000 Exception <a 'sun/nio/fs/WindowsException'{0x000000008d373c90}> (0x000000008d373c90) thrown at [./src/hotspot/share/prims/jni.cpp, line 615]
Event: 108.862 Thread 0x00000201fa063800 Exception <a 'sun/nio/fs/WindowsException'{0x000000008d23fad8}> (0x000000008d23fad8) thrown at [./src/hotspot/share/prims/jni.cpp, line 615]
Event: 108.950 Thread 0x00000201fc38e000 Exception <a 'java/lang/NoSuchMethodError'{0x000000008ccf6888}: 'long java.lang.invoke.DirectMethodHandle$Holder.invokeStatic(java.lang.Object, java.lang.Object)'> (0x000000008ccf6888) thrown at [./src/hotspot/share/interpreter/linkResolver.cpp, line 773]
Event: 109.279 Thread 0x00000201fc38e000 Exception <a 'java/lang/IncompatibleClassChangeError'{0x000000008b362510}: Found class java.lang.Object, but interface was expected> (0x000000008b362510) thrown at [./src/hotspot/share/interpreter/linkResolver.cpp, line 839]
Event: 109.405 Thread 0x00000201fa068800 Exception <a 'sun/nio/fs/WindowsException'{0x000000008acf7298}> (0x000000008acf7298) thrown at [./src/hotspot/share/prims/jni.cpp, line 615]
Event: 109.553 Thread 0x00000201fc38e000 Exception <a 'java/lang/NoSuchMethodError'{0x00000000929e3688}: 'java.lang.Object java.lang.invoke.Invokers$Holder.linkToTargetMethod(java.lang.Object, java.lang.Object, java.lang.Object, java.lang.Object, java.lang.Object, java.lang.Object, java.lang.Object, java.lang.Object)'> (0x00000000929e3688) thrown at [./src/hotspot/share/interpreter/linkResolver.cpp, line 773]
Event: 109.630 Thread 0x00000201fa065800 Exception <a 'sun/nio/fs/WindowsException'{0x00000000918c3918}> (0x00000000918c3918) thrown at [./src/hotspot/share/prims/jni.cpp, line 615]
Event: 111.928 Thread 0x00000201fc38e000 Exception <a 'java/lang/IncompatibleClassChangeError'{0x0000000092b11418}: Found class java.lang.Object, but interface was expected> (0x0000000092b11418) thrown at [./src/hotspot/share/interpreter/linkResolver.cpp, line 839]
Event: 112.033 Thread 0x00000201fc38e000 Exception <a 'sun/nio/fs/WindowsException'{0x00000000914edad8}> (0x00000000914edad8) thrown at [./src/hotspot/share/prims/jni.cpp, line 615]
Event: 112.182 Thread 0x00000201fc38e000 Implicit null exception at 0x0000020188876ed2 to 0x00000201888772e4
Event: 112.556 Thread 0x00000201fc38e000 Exception <a 'sun/nio/fs/WindowsException'{0x000000008c939a90}> (0x000000008c939a90) thrown at [./src/hotspot/share/prims/jni.cpp, line 615]

Events (20 events):
Event: 114.902 Executing VM operation: CGC_Operation done
Event: 115.171 Executing VM operation: CGC_Operation
Event: 115.172 Executing VM operation: CGC_Operation done
Event: 115.415 Executing VM operation: BulkRevokeBias
Event: 115.419 Executing VM operation: BulkRevokeBias done
Event: 115.582 Executing VM operation: G1CollectForAllocation
Event: 115.624 Executing VM operation: G1CollectForAllocation done
Event: 115.685 Executing VM operation: G1CollectForAllocation
Event: 115.764 Executing VM operation: G1CollectForAllocation done
Event: 116.762 Executing VM operation: G1CollectForAllocation
Event: 116.783 Executing VM operation: G1CollectForAllocation done
Event: 117.532 loading class com/android/tools/r8/internal/E7$a
Event: 117.532 loading class com/android/tools/r8/internal/E7$a done
Event: 117.679 Executing VM operation: G1CollectForAllocation
Event: 117.697 Executing VM operation: G1CollectForAllocation done
Event: 118.427 Executing VM operation: G1CollectForAllocation
Event: 118.454 Executing VM operation: G1CollectForAllocation done
Event: 119.423 Executing VM operation: G1CollectForAllocation
Event: 119.450 Executing VM operation: G1CollectForAllocation done
Event: 120.226 Executing VM operation: G1CollectForAllocation


Dynamic libraries:
0x00007ff729090000 - 0x00007ff72909a000 	C:\Program Files\Android\Android Studio\jre\bin\java.exe
0x00007ffe3ba50000 - 0x00007ffe3bc46000 	C:\Windows\SYSTEM32\ntdll.dll
0x00007ffe3abe0000 - 0x00007ffe3ac9d000 	C:\Windows\System32\KERNEL32.DLL
0x00007ffe39750000 - 0x00007ffe39a19000 	C:\Windows\System32\KERNELBASE.dll
0x00007ffe39250000 - 0x00007ffe39350000 	C:\Windows\System32\ucrtbase.dll
0x00007ffe2b800000 - 0x00007ffe2b819000 	C:\Program Files\Android\Android Studio\jre\bin\jli.dll
0x00007ffe3b0f0000 - 0x00007ffe3b290000 	C:\Windows\System32\USER32.dll
0x00007ffe39720000 - 0x00007ffe39742000 	C:\Windows\System32\win32u.dll
0x00007ffe3af90000 - 0x00007ffe3afba000 	C:\Windows\System32\GDI32.dll
0x00007ffe394b0000 - 0x00007ffe395b9000 	C:\Windows\System32\gdi32full.dll
0x00007ffe39a50000 - 0x00007ffe39aed000 	C:\Windows\System32\msvcp_win.dll
0x00007ffe2b7e0000 - 0x00007ffe2b7f7000 	C:\Program Files\Android\Android Studio\jre\bin\VCRUNTIME140.dll
0x00007ffe1bef0000 - 0x00007ffe1c18b000 	C:\Windows\WinSxS\amd64_microsoft.windows.common-controls_6595b64144ccf1df_6.0.19041.488_none_ca04af081b815d21\COMCTL32.dll
0x00007ffe3b050000 - 0x00007ffe3b0ee000 	C:\Windows\System32\msvcrt.dll
0x00007ffe3a8a0000 - 0x00007ffe3a8d0000 	C:\Windows\System32\IMM32.DLL
0x00007ffe12f90000 - 0x00007ffe1302d000 	C:\Program Files\Android\Android Studio\jre\bin\msvcp140.dll
0x00007ffdeca00000 - 0x00007ffded4cf000 	C:\Program Files\Android\Android Studio\jre\bin\server\jvm.dll
0x00007ffe3b810000 - 0x00007ffe3b8bc000 	C:\Windows\System32\ADVAPI32.dll
0x00007ffe3b410000 - 0x00007ffe3b4ac000 	C:\Windows\System32\sechost.dll
0x00007ffe3aa90000 - 0x00007ffe3abbb000 	C:\Windows\System32\RPCRT4.dll
0x00007ffe3ad00000 - 0x00007ffe3ad08000 	C:\Windows\System32\PSAPI.DLL
0x00007ffe34f90000 - 0x00007ffe34f99000 	C:\Windows\SYSTEM32\WSOCK32.dll
0x00007ffe2e2b0000 - 0x00007ffe2e2d7000 	C:\Windows\SYSTEM32\WINMM.dll
0x00007ffe3ad10000 - 0x00007ffe3ad7b000 	C:\Windows\System32\WS2_32.dll
0x00007ffe30c10000 - 0x00007ffe30c1a000 	C:\Windows\SYSTEM32\VERSION.dll
0x00007ffe37040000 - 0x00007ffe37052000 	C:\Windows\SYSTEM32\kernel.appcore.dll
0x00007ffe32110000 - 0x00007ffe32121000 	C:\Program Files\Android\Android Studio\jre\bin\verify.dll
0x00007ffe337c0000 - 0x00007ffe339a4000 	C:\Windows\SYSTEM32\DBGHELP.DLL
0x00007ffe299e0000 - 0x00007ffe29a0c000 	C:\Windows\SYSTEM32\dbgcore.DLL
0x00007ffe391d0000 - 0x00007ffe39250000 	C:\Windows\System32\bcryptPrimitives.dll
0x00007ffe31fe0000 - 0x00007ffe32009000 	C:\Program Files\Android\Android Studio\jre\bin\java.dll
0x00007ffe34a40000 - 0x00007ffe34a4b000 	C:\Program Files\Android\Android Studio\jre\bin\jimage.dll
0x00007ffe31eb0000 - 0x00007ffe31ec8000 	C:\Program Files\Android\Android Studio\jre\bin\zip.dll
0x00007ffe39b60000 - 0x00007ffe3a2a2000 	C:\Windows\System32\SHELL32.dll
0x00007ffe37320000 - 0x00007ffe37ab5000 	C:\Windows\SYSTEM32\windows.storage.dll
0x00007ffe3b4b0000 - 0x00007ffe3b806000 	C:\Windows\System32\combase.dll
0x00007ffe38b70000 - 0x00007ffe38b9c000 	C:\Windows\SYSTEM32\Wldp.dll
0x00007ffe3b360000 - 0x00007ffe3b40e000 	C:\Windows\System32\SHCORE.dll
0x00007ffe39b00000 - 0x00007ffe39b55000 	C:\Windows\System32\shlwapi.dll
0x00007ffe39100000 - 0x00007ffe39126000 	C:\Windows\SYSTEM32\profapi.dll
0x00007ffe31420000 - 0x00007ffe3143a000 	C:\Program Files\Android\Android Studio\jre\bin\net.dll
0x00007ffe2f650000 - 0x00007ffe2f750000 	C:\Windows\SYSTEM32\WINHTTP.dll
0x00007ffe388f0000 - 0x00007ffe3895a000 	C:\Windows\system32\mswsock.dll
0x00007ffe2b910000 - 0x00007ffe2b924000 	C:\Program Files\Android\Android Studio\jre\bin\nio.dll
0x00007ffe2b850000 - 0x00007ffe2b877000 	C:\Users\Olexei\.gradle\native\8bec1ad78214c89d9ad589b4d07fe93259594b29d510b10fafb7a158f7737e5d\windows-amd64\native-platform.dll
0x00007ffe153f0000 - 0x00007ffe1552d000 	C:\Users\Olexei\.gradle\native\53dbd7edfb1c66fb8903c78663c9afc45aea4f116125fa6feffd364cf09443e8\windows-amd64\native-platform-file-events.dll
0x00007ffe341e0000 - 0x00007ffe341ea000 	C:\Program Files\Android\Android Studio\jre\bin\management.dll
0x00007ffe32240000 - 0x00007ffe3224c000 	C:\Program Files\Android\Android Studio\jre\bin\management_ext.dll
0x00007ffe38ac0000 - 0x00007ffe38ad8000 	C:\Windows\SYSTEM32\CRYPTSP.dll
0x00007ffe38280000 - 0x00007ffe382b4000 	C:\Windows\system32\rsaenh.dll
0x00007ffe39a20000 - 0x00007ffe39a47000 	C:\Windows\System32\bcrypt.dll
0x00007ffe390c0000 - 0x00007ffe390ee000 	C:\Windows\SYSTEM32\USERENV.dll
0x00007ffe38ae0000 - 0x00007ffe38aec000 	C:\Windows\SYSTEM32\CRYPTBASE.dll
0x00007ffe385e0000 - 0x00007ffe3861b000 	C:\Windows\SYSTEM32\IPHLPAPI.DLL
0x00007ffe39af0000 - 0x00007ffe39af8000 	C:\Windows\System32\NSI.dll
0x00007ffe31e90000 - 0x00007ffe31ea7000 	C:\Windows\SYSTEM32\dhcpcsvc6.DLL
0x00007ffe31df0000 - 0x00007ffe31e0d000 	C:\Windows\SYSTEM32\dhcpcsvc.DLL
0x00007ffe38630000 - 0x00007ffe386fb000 	C:\Windows\SYSTEM32\DNSAPI.dll

dbghelp: loaded successfully - version: 4.0.5 - missing functions: none
symbol engine: initialized successfully - sym options: 0x614 - pdb path: .;C:\Program Files\Android\Android Studio\jre\bin;C:\Windows\SYSTEM32;C:\Windows\WinSxS\amd64_microsoft.windows.common-controls_6595b64144ccf1df_6.0.19041.488_none_ca04af081b815d21;C:\Program Files\Android\Android Studio\jre\bin\server;C:\Users\Olexei\.gradle\native\8bec1ad78214c89d9ad589b4d07fe93259594b29d510b10fafb7a158f7737e5d\windows-amd64;C:\Users\Olexei\.gradle\native\53dbd7edfb1c66fb8903c78663c9afc45aea4f116125fa6feffd364cf09443e8\windows-amd64

VM Arguments:
jvm_args: --add-opens=java.base/java.util=ALL-UNNAMED --add-opens=java.base/java.lang=ALL-UNNAMED --add-opens=java.base/java.lang.invoke=ALL-UNNAMED --add-opens=java.base/java.util=ALL-UNNAMED --add-opens=java.prefs/java.util.prefs=ALL-UNNAMED --add-opens=java.prefs/java.util.prefs=ALL-UNNAMED --add-opens=java.base/java.nio.charset=ALL-UNNAMED --add-opens=java.base/java.net=ALL-UNNAMED --add-opens=java.base/java.util.concurrent.atomic=ALL-UNNAMED -Xmx2048m -Dfile.encoding=UTF-8 -Duser.country=US -Duser.language=en -Duser.variant 
java_command: org.gradle.launcher.daemon.bootstrap.GradleDaemon 7.0.2
java_class_path (initial): C:\Users\Olexei\.gradle\wrapper\dists\gradle-7.0.2-bin\857tjihv64xamwrf0h14cai3r\gradle-7.0.2\lib\gradle-launcher-7.0.2.jar
Launcher Type: SUN_STANDARD

[Global flags]
     intx CICompilerCount                          = 3                                         {product} {ergonomic}
     uint ConcGCThreads                            = 1                                         {product} {ergonomic}
     uint G1ConcRefinementThreads                  = 4                                         {product} {ergonomic}
   size_t G1HeapRegionSize                         = 1048576                                   {product} {ergonomic}
    uintx GCDrainStackTargetSize                   = 64                                        {product} {ergonomic}
   size_t InitialHeapSize                          = 125829120                                 {product} {ergonomic}
   size_t MarkStackSize                            = 4194304                                   {product} {ergonomic}
   size_t MaxHeapSize                              = 2147483648                                {product} {command line}
   size_t MaxNewSize                               = 1287651328                                {product} {ergonomic}
   size_t MinHeapDeltaBytes                        = 1048576                                   {product} {ergonomic}
    uintx NonNMethodCodeHeapSize                   = 5830732                                {pd product} {ergonomic}
    uintx NonProfiledCodeHeapSize                  = 122913754                              {pd product} {ergonomic}
    uintx ProfiledCodeHeapSize                     = 122913754                              {pd product} {ergonomic}
    uintx ReservedCodeCacheSize                    = 251658240                              {pd product} {ergonomic}
     bool SegmentedCodeCache                       = true                                      {product} {ergonomic}
     bool UseCompressedClassPointers               = true                                 {lp64_product} {ergonomic}
     bool UseCompressedOops                        = true                                 {lp64_product} {ergonomic}
     bool UseG1GC                                  = true                                      {product} {ergonomic}
     bool UseLargePagesIndividualAllocation        = false                                  {pd product} {ergonomic}

Logging:
Log output configuration:
 #0: stdout all=warning uptime,level,tags
 #1: stderr all=off uptime,level,tags

Environment Variables:
PATH=C:\Program Files\Common Files\Oracle\Java\javapath;C:\Windows\system32;C:\Windows;C:\Windows\System32\Wbem;C:\Windows\System32\WindowsPowerShell\v1.0\;C:\Program Files\Git\cmd;C:\Program Files (x86)\Microsoft SQL Server\150\Tools\Binn\;C:\Program Files\Microsoft SQL Server\150\Tools\Binn\;C:\Program Files (x86)\Microsoft SQL Server\150\DTS\Binn\;C:\Program Files\Microsoft SQL Server\150\DTS\Binn\;C:\Program Files\Microsoft SQL Server\Client SDK\ODBC\170\Tools\Binn\;C:\Program Files\Azure Data Studio\bin;C:\ProgramData\ComposerSetup\bin;C:\Program Files\Symfony;C:\Program Files\nodejs\;C:\Bitnami\wampstack-8.0.11-3\php;C:\Users\Olexei\AppData\Local\Microsoft\WindowsApps;;C:\Program Files\Azure Data Studio\bin;C:\Users\Olexei\AppData\Roaming\Composer\vendor\bin;C:\Users\Olexei\AppData\Roaming\npm
USERNAME=Olexei
OS=Windows_NT
PROCESSOR_IDENTIFIER=AMD64 Family 21 Model 101 Stepping 1, AuthenticAMD



---------------  S Y S T E M  ---------------

OS: Windows 10 , 64 bit Build 19041 (10.0.19041.662)
OS uptime: 6 days 9:50 hours

CPU:total 4 (initial active 4) (4 cores per cpu, 1 threads per core) family 21 model 101 stepping 1 microcode 0x0, cmov, cx8, fxsr, mmx, sse, sse2, sse3, ssse3, sse4.1, sse4.2, popcnt, avx, avx2, aes, clmul, mmxext, 3dnowpref, lzcnt, sse4a, tsc, tscinvbit, tscinv, bmi1, bmi2, fma

Memory: 4k page, system-wide physical 7647M (404M free)
TotalPageFile size 7647M (AvailPageFile size 10M)
current process WorkingSet (physical memory assigned to process): 741M, peak: 747M
current process commit charge ("private bytes"): 771M, peak: 891M

vm_info: OpenJDK 64-Bit Server VM (11.0.10+0-b96-7249189) for windows-amd64 JRE (11.0.10+0-b96-7249189), built on Mar 31 2021 21:44:00 by "builder" with MS VC++ 14.0 (VS2015)

END.
